PRT1
60
125
4 0 17 (2048 1024 192 ) (2048 1024 576 ) (2048 1536 576 ) (2048 1536 192 ) 
4 0 2 (2048 1024 576 ) (2048 1024 192 ) (3072 1024 192 ) (3072 1024 576 ) 
4 0 1 (2048 1024 192 ) (2048 1536 192 ) (3072 1536 192 ) (3072 1024 192 ) 
4 1 18 (2048 1024 64 ) (2048 1024 192 ) (2048 1536 192 ) (2048 1536 64 ) 
4 1 3 (2048 1024 192 ) (2048 1024 64 ) (3072 1024 64 ) (3072 1024 192 ) 
4 2 21 (2048 0 192 ) (2048 0 576 ) (2048 1024 576 ) (2048 1024 192 ) 
4 2 7 (3072 0 192 ) (3072 0 576 ) (2048 0 576 ) (2048 0 192 ) 
4 2 5 (2880 0 192 ) (2816 0 192 ) (2816 128 192 ) (2880 128 192 ) 
4 2 6 (2816 0 192 ) (2048 0 192 ) (2048 512 192 ) (2816 512 192 ) 
4 2 4 (3072 0 192 ) (2880 0 192 ) (2880 256 192 ) (3072 256 192 ) 
4 2 3 (2048 576 192 ) (2048 1024 192 ) (3072 1024 192 ) (3072 576 192 ) 
4 3 22 (2048 576 192 ) (2048 1024 192 ) (2048 1024 64 ) (2048 576 64 ) 
4 4 8 (3072 0 64 ) (3072 0 192 ) (2880 0 192 ) (2880 0 64 ) 
4 4 5 (2880 128 64 ) (2880 0 64 ) (2880 0 192 ) (2880 128 192 ) 
4 5 9 (2880 0 192 ) (2816 0 192 ) (2816 0 64 ) (2880 0 64 ) 
4 5 6 (2816 128 64 ) (2816 0 64 ) (2816 0 192 ) (2816 128 192 ) 
4 6 25 (2048 256 192 ) (2048 288 192 ) (2048 288 64 ) (2048 256 64 ) 
4 6 23 (2048 288 192 ) (2048 512 192 ) (2048 512 64 ) (2048 288 64 ) 
4 6 27 (2048 0 64 ) (2048 0 192 ) (2048 256 192 ) (2048 256 64 ) 
4 6 12 (2112 0 192 ) (2048 0 192 ) (2048 0 64 ) (2112 0 64 ) 
4 6 11 (2144 0 192 ) (2112 0 192 ) (2112 0 64 ) (2144 0 64 ) 
4 6 10 (2816 0 192 ) (2144 0 192 ) (2144 0 64 ) (2816 0 64 ) 
4 7 41 (2048 -1024 192 ) (2048 -1024 576 ) (2048 0 576 ) (2048 0 192 ) 
4 7 15 (2048 -1024 576 ) (2048 -1024 192 ) (3072 -1024 192 ) (3072 -1024 576 ) 
4 7 14 (3072 -1024 192 ) (2048 -1024 192 ) (2048 -576 192 ) (3072 -576 192 ) 
4 7 12 (2048 -256 192 ) (2048 0 192 ) (2112 0 192 ) (2112 -256 192 ) 
4 7 13 (2048 -512 192 ) (2048 -288 192 ) (2112 -288 192 ) (2112 -512 192 ) 
4 7 11 (2112 0 192 ) (2144 0 192 ) (2144 -256 192 ) (2112 -256 192 ) 
4 7 9 (2816 0 192 ) (2880 0 192 ) (2880 -128 192 ) (2816 -128 192 ) 
4 7 10 (2144 0 192 ) (2816 0 192 ) (2816 -512 192 ) (2144 -512 192 ) 
4 7 8 (2880 0 192 ) (3072 0 192 ) (3072 -256 192 ) (2880 -256 192 ) 
4 8 9 (2880 0 64 ) (2880 -128 64 ) (2880 -128 192 ) (2880 0 192 ) 
4 9 10 (2816 0 64 ) (2816 -128 64 ) (2816 -128 192 ) (2816 0 192 ) 
4 10 11 (2144 0 64 ) (2144 -256 64 ) (2144 -256 192 ) (2144 0 192 ) 
4 11 12 (2112 0 64 ) (2112 -256 64 ) (2112 -256 192 ) (2112 0 192 ) 
4 12 42 (2048 -256 192 ) (2048 0 192 ) (2048 0 64 ) (2048 -256 64 ) 
4 13 45 (2048 -512 192 ) (2048 -288 192 ) (2048 -288 64 ) (2048 -512 64 ) 
4 14 47 (2048 -1024 64 ) (2048 -1024 192 ) (2048 -576 192 ) (2048 -576 64 ) 
4 14 16 (2048 -1024 192 ) (2048 -1024 64 ) (3072 -1024 64 ) (3072 -1024 192 ) 
4 15 51 (2048 -1536 192 ) (2048 -1536 576 ) (2048 -1024 576 ) (2048 -1024 192 ) 
4 15 16 (3072 -1536 192 ) (2048 -1536 192 ) (2048 -1024 192 ) (3072 -1024 192 ) 
4 16 52 (2048 -1536 64 ) (2048 -1536 192 ) (2048 -1024 192 ) (2048 -1024 64 ) 
4 17 21 (2048 1024 192 ) (2048 1024 576 ) (1024 1024 576 ) (1024 1024 192 ) 
4 17 19 (1024 1024 192 ) (1024 1024 576 ) (1024 1536 576 ) (1024 1536 192 ) 
4 17 18 (1024 1024 192 ) (1024 1536 192 ) (2048 1536 192 ) (2048 1024 192 ) 
4 18 22 (2048 1024 64 ) (2048 1024 192 ) (1024 1024 192 ) (1024 1024 64 ) 
4 18 20 (1024 1024 64 ) (1024 1024 192 ) (1024 1536 192 ) (1024 1536 64 ) 
4 19 36 (0 1024 192 ) (0 1024 576 ) (0 1536 576 ) (0 1536 192 ) 
4 19 28 (0 1024 576 ) (0 1024 192 ) (1024 1024 192 ) (1024 1024 576 ) 
4 19 20 (1024 1024 192 ) (0 1024 192 ) (0 1536 192 ) (1024 1536 192 ) 
4 20 37 (0 1024 64 ) (0 1024 192 ) (0 1536 192 ) (0 1536 64 ) 
4 20 29 (0 1024 192 ) (0 1024 64 ) (1024 1024 64 ) (1024 1024 192 ) 
4 21 41 (2048 0 192 ) (2048 0 576 ) (1024 0 576 ) (1024 0 192 ) 
4 21 28 (1024 1024 576 ) (1024 1024 192 ) (1024 0 192 ) (1024 0 576 ) 
4 21 25 (1280 288 192 ) (2048 288 192 ) (2048 256 192 ) (1280 256 192 ) 
4 21 23 (1280 512 192 ) (2048 512 192 ) (2048 288 192 ) (1280 288 192 ) 
4 21 24 (1024 288 192 ) (1024 512 192 ) (1248 512 192 ) (1248 288 192 ) 
4 21 22 (1024 576 192 ) (1024 1024 192 ) (2048 1024 192 ) (2048 576 192 ) 
4 21 27 (2048 0 192 ) (1024 0 192 ) (1024 256 192 ) (2048 256 192 ) 
4 22 29 (1024 1024 192 ) (1024 1024 64 ) (1024 576 64 ) (1024 576 192 ) 
4 23 25 (1280 288 64 ) (2048 288 64 ) (2048 288 192 ) (1280 288 192 ) 
4 24 26 (1112 288 64 ) (1160 288 64 ) (1160 288 152 ) (1112 288 152 ) 
4 25 27 (1280 256 64 ) (2048 256 64 ) (2048 256 192 ) (1280 256 192 ) 
4 26 27 (1112 256 64 ) (1160 256 64 ) (1160 256 152 ) (1112 256 152 ) 
4 27 42 (2048 0 64 ) (2048 0 192 ) (1024 0 192 ) (1024 0 64 ) 
4 27 35 (1024 256 64 ) (1024 0 64 ) (1024 0 192 ) (1024 256 192 ) 
4 28 48 (1024 0 192 ) (1024 0 576 ) (0 0 576 ) (0 0 192 ) 
4 28 38 (0 0 192 ) (0 0 576 ) (0 1024 576 ) (0 1024 192 ) 
4 28 34 (0 256 192 ) (0 288 192 ) (208 288 192 ) (208 256 192 ) 
4 28 31 (240 512 192 ) (464 512 192 ) (464 288 192 ) (240 288 192 ) 
4 28 32 (0 288 192 ) (0 512 192 ) (208 512 192 ) (208 288 192 ) 
4 28 30 (496 512 192 ) (992 512 192 ) (992 256 192 ) (496 256 192 ) 
4 28 29 (0 576 192 ) (0 1024 192 ) (1024 1024 192 ) (1024 576 192 ) 
4 28 35 (1024 0 192 ) (0 0 192 ) (0 256 192 ) (1024 256 192 ) 
4 29 39 (0 576 192 ) (0 1024 192 ) (0 1024 64 ) (0 576 64 ) 
4 30 35 (496 256 64 ) (992 256 64 ) (992 256 192 ) (496 256 192 ) 
4 31 33 (328 288 64 ) (376 288 64 ) (376 288 152 ) (328 288 152 ) 
4 32 40 (0 288 192 ) (0 512 192 ) (0 512 64 ) (0 288 64 ) 
4 32 34 (0 288 64 ) (208 288 64 ) (208 288 192 ) (0 288 192 ) 
4 33 35 (328 256 64 ) (376 256 64 ) (376 256 152 ) (328 256 152 ) 
4 34 40 (0 256 192 ) (0 288 192 ) (0 288 64 ) (0 256 64 ) 
4 34 35 (0 256 64 ) (208 256 64 ) (208 256 192 ) (0 256 192 ) 
4 35 49 (1024 0 64 ) (1024 0 192 ) (0 0 192 ) (0 0 64 ) 
4 35 40 (0 0 64 ) (0 0 192 ) (0 256 192 ) (0 256 64 ) 
4 36 38 (0 1024 192 ) (0 1024 576 ) (-512 1024 576 ) (-512 1024 192 ) 
4 36 37 (-512 1024 192 ) (-512 1536 192 ) (0 1536 192 ) (0 1024 192 ) 
4 37 39 (0 1024 64 ) (0 1024 192 ) (-512 1024 192 ) (-512 1024 64 ) 
4 38 55 (0 0 192 ) (0 0 576 ) (-512 0 576 ) (-512 0 192 ) 
4 38 39 (-512 576 192 ) (-512 1024 192 ) (0 1024 192 ) (0 576 192 ) 
4 38 40 (-512 0 192 ) (-512 512 192 ) (0 512 192 ) (0 0 192 ) 
4 40 56 (0 0 64 ) (0 0 192 ) (-512 0 192 ) (-512 0 64 ) 
4 41 51 (2048 -1024 192 ) (2048 -1024 576 ) (1024 -1024 576 ) (1024 -1024 192 ) 
4 41 48 (1024 0 576 ) (1024 0 192 ) (1024 -1024 192 ) (1024 -1024 576 ) 
4 41 47 (1024 -1024 192 ) (1024 -576 192 ) (2048 -576 192 ) (2048 -1024 192 ) 
4 41 45 (1888 -288 192 ) (2048 -288 192 ) (2048 -512 192 ) (1888 -512 192 ) 
4 41 46 (1024 -512 192 ) (1024 -288 192 ) (1856 -288 192 ) (1856 -512 192 ) 
4 41 44 (1024 -288 192 ) (1024 -256 192 ) (1856 -256 192 ) (1856 -288 192 ) 
4 41 42 (1024 -256 192 ) (1024 0 192 ) (2048 0 192 ) (2048 -256 192 ) 
4 42 49 (1024 0 192 ) (1024 0 64 ) (1024 -256 64 ) (1024 -256 192 ) 
4 42 44 (1024 -256 64 ) (1856 -256 64 ) (1856 -256 192 ) (1024 -256 192 ) 
4 42 43 (1976 -256 64 ) (2024 -256 64 ) (2024 -256 152 ) (1976 -256 152 ) 
4 43 45 (1976 -288 64 ) (2024 -288 64 ) (2024 -288 152 ) (1976 -288 152 ) 
4 44 49 (1024 -256 64 ) (1024 -288 64 ) (1024 -288 192 ) (1024 -256 192 ) 
4 44 46 (1024 -288 64 ) (1856 -288 64 ) (1856 -288 192 ) (1024 -288 192 ) 
4 46 49 (1024 -288 64 ) (1024 -512 64 ) (1024 -512 192 ) (1024 -288 192 ) 
4 47 52 (2048 -1024 64 ) (2048 -1024 192 ) (1024 -1024 192 ) (1024 -1024 64 ) 
4 47 50 (1024 -576 64 ) (1024 -1024 64 ) (1024 -1024 192 ) (1024 -576 192 ) 
4 48 55 (0 0 576 ) (0 0 192 ) (0 -1024 192 ) (0 -1024 576 ) 
4 48 53 (1024 -1024 192 ) (1024 -1024 576 ) (0 -1024 576 ) (0 -1024 192 ) 
4 48 49 (0 0 192 ) (1024 0 192 ) (1024 -512 192 ) (0 -512 192 ) 
4 48 50 (1024 -576 192 ) (1024 -1024 192 ) (0 -1024 192 ) (0 -576 192 ) 
4 49 56 (0 0 192 ) (0 0 64 ) (0 -512 64 ) (0 -512 192 ) 
4 50 57 (0 -576 64 ) (0 -1024 64 ) (0 -1024 192 ) (0 -576 192 ) 
4 50 54 (1024 -1024 64 ) (1024 -1024 192 ) (0 -1024 192 ) (0 -1024 64 ) 
4 51 53 (1024 -1536 192 ) (1024 -1536 576 ) (1024 -1024 576 ) (1024 -1024 192 ) 
4 51 52 (2048 -1536 192 ) (1024 -1536 192 ) (1024 -1024 192 ) (2048 -1024 192 ) 
4 52 54 (1024 -1536 64 ) (1024 -1536 192 ) (1024 -1024 192 ) (1024 -1024 64 ) 
4 53 58 (0 -1536 192 ) (0 -1536 576 ) (0 -1024 576 ) (0 -1024 192 ) 
4 53 54 (1024 -1536 192 ) (0 -1536 192 ) (0 -1024 192 ) (1024 -1024 192 ) 
4 54 59 (0 -1536 64 ) (0 -1536 192 ) (0 -1024 192 ) (0 -1024 64 ) 
4 55 58 (0 -1024 192 ) (0 -1024 576 ) (-512 -1024 576 ) (-512 -1024 192 ) 
4 55 56 (-512 -512 192 ) (-512 0 192 ) (0 0 192 ) (0 -512 192 ) 
4 55 57 (-512 -1024 192 ) (-512 -576 192 ) (0 -576 192 ) (0 -1024 192 ) 
4 57 59 (0 -1024 64 ) (0 -1024 192 ) (-512 -1024 192 ) (-512 -1024 64 ) 
4 58 59 (0 -1536 192 ) (-512 -1536 192 ) (-512 -1024 192 ) (0 -1024 192 ) 
