


materialPath: C:\Program Files (x86)\Steam\steamapps\common\left 4 dead 2\left4dead2\materials
Loading C:\Program Files (x86)\Steam\steamapps\common\Left 4 Dead 2\sm1\mapsrc\instance_debug.vmf
fixing up env_cubemap materials on brush sides...
0...1...2...3...4...5...6...7...8...9...100...1...2...3...4...5...6...7...8...9...10Processing areas...done (0)
Building Faces...done (0)
FixTjuncs...
PruneNodes...
WriteBSP...
done (0)
writing C:\Program Files (x86)\Steam\steamapps\common\Left 4 Dead 2\sm1\mapsrc\instance_debug.prt...Building visibility clusters...
done (0)
Finding displacement neighbors...
Finding lightmap sample positions...
Displacement Alpha : 0...1...2...3...4...5...6...7...8...9...10
Building Physics collision data...
done (0) (22026 bytes)
Cannot build Physics2 data
                                                             -----------
DataLinker total stream size                                     0.0 KiB
Placing detail props : 0...1...2...3...4...5...6...7...8...9...10
Compacting texture/material tables...
Reduced 68 texinfos to 32
Reduced 16 texdatas to 15 (352 bytes to 331)
Writing C:\Program Files (x86)\Steam\steamapps\common\Left 4 Dead 2\sm1\mapsrc\instance_debug.bsp
0 seconds elapsed



4 threads
reading c:\program files (x86)\steam\steamapps\common\left 4 dead 2\sm1\mapsrc\instance_debug.bsp
max farz in all env_fog_controller entities: -1.000000 (used for radial vis)
reading c:\program files (x86)\steam\steamapps\common\left 4 dead 2\sm1\mapsrc\instance_debug.prt
  60 portalclusters
 125 numportals
0...1...2...3...4...5...6...7...8...9...100...1...2...3...4...5...6...7...8...9...10Optimized: 4 visible clusters (0.00%)
Total clusters visible: 2382
Average clusters visible: 39
Building PAS...
Average clusters audible: 60
visdatasize:1444  compressed from 960
writing c:\program files (x86)\steam\steamapps\common\left 4 dead 2\sm1\mapsrc\instance_debug.bsp
0 seconds elapsed



[Reading texlights from 'lights.rad']
[2 texlights parsed from 'lights.rad']

Loading c:\program files (x86)\steam\steamapps\common\left 4 dead 2\sm1\mapsrc\instance_debug.bsp
299 faces
220435 square feet [31742720.00 square inches]
0 Displacements
0 Square Feet [0.00 Square Inches]
299 patches before subdivision
16939 patches after subdivision
3 direct lights
0...1...2...3...4...5...6...7...8...9...100...1...2...3...4...5...6...7...8...9...10transfers 830386, max 263
transfer lists:   6.3 megs
0...1...2...3...4...5...6...7...8...9...10	Bounce #1 added RGB(1396, 3198, 4480)
0...1...2...3...4...5...6...7...8...9...10	Bounce #2 added RGB(161, 378, 510)
0...1...2...3...4...5...6...7...8...9...10	Bounce #3 added RGB(19, 46, 60)
0...1...2...3...4...5...6...7...8...9...10	Bounce #4 added RGB(3, 6, 8)
0...1...2...3...4...5...6...7...8...9...10	Bounce #5 added RGB(0, 1, 1)
0...1...2...3...4...5...6...7...8...9...10	Bounce #6 added RGB(0, 0, 0)
Build Patch/Sample Hash Table(s).....Done<0.0039 sec>
0...1...2...3...4...5...6...7...8...9...10FinalLightFace Done
0 of 0 (0% of) surface lights went in leaf ambient cubes.
0...1...2...3...4...5...6...7...8...9...10Writing leaf ambient...done
Ready to Finish

Object names       Objects/Maxobjs  Memory / Maxmem  Fullness 
------------       ---------------  ---------------  -------- 
models                  15/1024          720/49152    ( 1.5%) 
brushes                 55/8192          660/98304    ( 0.7%) 
brushsides             330/65536        2640/524288   ( 0.5%) 
planes                 182/65536        3640/1310720  ( 0.3%) 
vertexes               512/65536        6144/786432   ( 0.8%) 
nodes                  235/65536        7520/2097152  ( 0.4%) 
texinfos                32/12288        2304/884736   ( 0.3%) 
texdata                 15/2048          480/65536    ( 0.7%) 
dispinfos                0/0               0/0        ( 0.0%) 
disp_verts               0/0               0/0        ( 0.0%) 
disp_tris                0/0               0/0        ( 0.0%) 
disp_lmsamples           0/0               0/0        ( 0.0%) 
faces                  299/65536       16744/3670016  ( 0.5%) 
hdr faces                0/65536           0/3670016  ( 0.0%) 
origfaces              111/65536        6216/3670016  ( 0.2%) 
leaves                 251/65536        8032/2097152  ( 0.4%) 
leaffaces              305/65536         610/131072   ( 0.5%) 
leafbrushes            140/65536         280/131072   ( 0.2%) 
areas                    2/256            16/2048     ( 0.8%) 
surfedges             1838/512000       7352/2048000  ( 0.4%) 
edges                 1111/256000       4444/1024000  ( 0.4%) 
LDR worldlights          3/8192          300/819200   ( 0.0%) 
HDR worldlights          0/8192            0/819200   ( 0.0%) 
leafwaterdata            0/32768           0/393216   ( 0.0%) 
waterstrips             37/32768         370/327680   ( 0.1%) 
waterverts               0/65536           0/786432   ( 0.0%) 
waterindices           498/65536         996/131072   ( 0.8%) 
cubemapsamples           1/1024           16/16384    ( 0.1%) 
overlays                 0/512             0/180224   ( 0.0%) 
LDR lightdata         [variable]     1059592/0        ( 0.0%) 
HDR lightdata         [variable]           0/0        ( 0.0%) 
visdata               [variable]        1444/16777216 ( 0.0%) 
entdata               [variable]       10685/393216   ( 2.7%) 
LDR ambient table      251/65536        1004/262144   ( 0.4%) 
HDR ambient table      251/65536        1004/262144   ( 0.4%) 
LDR leaf ambient      1108/65536       31024/1835008  ( 1.7%) 
HDR leaf ambient       251/65536        7028/1835008  ( 0.4%) 
occluders                0/0               0/0        ( 0.0%) 
occluder polygons        0/0               0/0        ( 0.0%) 
occluder vert ind        0/0               0/0        ( 0.0%) 
Prop Hull Verts          0/0               0/0        ( 0.0%) 
Prop Hull Blob           0/0               0/0        ( 0.0%) 
Prop Hull Lists          0/0               0/0        ( 0.0%) 
Prop Hulls               0/0               0/0        ( 0.0%) 
Prop Hull trilist        0/0               0/0        ( 0.0%) 
detail props          [variable]           1/12       ( 8.3%) 
static props          [variable]           1/12       ( 8.3%) 
pakfile               [variable]      173784/0        ( 0.0%) 
physics               [variable]       22026/4194304  ( 0.5%) 
physics terrain       [variable]           2/1048576  ( 0.0%) 

Level flags = 0

Total triangle count: 796
Writing c:\program files (x86)\steam\steamapps\common\left 4 dead 2\sm1\mapsrc\instance_debug.bsp
1 second elapsed



[Reading texlights from 'lights.rad']
[2 texlights parsed from 'lights.rad']

Loading c:\program files (x86)\steam\steamapps\common\left 4 dead 2\sm1\mapsrc\instance_debug.bsp
299 faces
220435 square feet [31742720.00 square inches]
0 Displacements
0 Square Feet [0.00 Square Inches]
299 patches before subdivision
16939 patches after subdivision
3 direct lights
0...1...2...3...4...5...6...7...8...9...100...1...2...3...4...5...6...7...8...9...10transfers 830386, max 263
transfer lists:   6.3 megs
0...1...2...3...4...5...6...7...8...9...10	Bounce #1 added RGB(978, 2240, 3138)
0...1...2...3...4...5...6...7...8...9...10	Bounce #2 added RGB(113, 265, 357)
0...1...2...3...4...5...6...7...8...9...10	Bounce #3 added RGB(14, 32, 42)
0...1...2...3...4...5...6...7...8...9...10	Bounce #4 added RGB(2, 4, 5)
0...1...2...3...4...5...6...7...8...9...10	Bounce #5 added RGB(0, 1, 1)
Build Patch/Sample Hash Table(s).....Done<0.0039 sec>
0...1...2...3...4...5...6...7...8...9...10FinalLightFace Done
0 of 0 (0% of) surface lights went in leaf ambient cubes.
0...1...2...3...4...5...6...7...8...9...10Writing leaf ambient...done
Ready to Finish

Object names       Objects/Maxobjs  Memory / Maxmem  Fullness 
------------       ---------------  ---------------  -------- 
models                  15/1024          720/49152    ( 1.5%) 
brushes                 55/8192          660/98304    ( 0.7%) 
brushsides             330/65536        2640/524288   ( 0.5%) 
planes                 182/65536        3640/1310720  ( 0.3%) 
vertexes               512/65536        6144/786432   ( 0.8%) 
nodes                  235/65536        7520/2097152  ( 0.4%) 
texinfos                32/12288        2304/884736   ( 0.3%) 
texdata                 15/2048          480/65536    ( 0.7%) 
dispinfos                0/0               0/0        ( 0.0%) 
disp_verts               0/0               0/0        ( 0.0%) 
disp_tris                0/0               0/0        ( 0.0%) 
disp_lmsamples           0/0               0/0        ( 0.0%) 
faces                  299/65536       16744/3670016  ( 0.5%) 
hdr faces              299/65536       16744/3670016  ( 0.5%) 
origfaces              111/65536        6216/3670016  ( 0.2%) 
leaves                 251/65536        8032/2097152  ( 0.4%) 
leaffaces              305/65536         610/131072   ( 0.5%) 
leafbrushes            140/65536         280/131072   ( 0.2%) 
areas                    2/256            16/2048     ( 0.8%) 
surfedges             1838/512000       7352/2048000  ( 0.4%) 
edges                 1111/256000       4444/1024000  ( 0.4%) 
LDR worldlights          3/8192          300/819200   ( 0.0%) 
HDR worldlights          3/8192          300/819200   ( 0.0%) 
leafwaterdata            0/32768           0/393216   ( 0.0%) 
waterstrips             37/32768         370/327680   ( 0.1%) 
waterverts               0/65536           0/786432   ( 0.0%) 
waterindices           498/65536         996/131072   ( 0.8%) 
cubemapsamples           1/1024           16/16384    ( 0.1%) 
overlays                 0/512             0/180224   ( 0.0%) 
LDR lightdata         [variable]     1059592/0        ( 0.0%) 
HDR lightdata         [variable]     1059592/0        ( 0.0%) 
visdata               [variable]        1444/16777216 ( 0.0%) 
entdata               [variable]       10685/393216   ( 2.7%) 
LDR ambient table      251/65536        1004/262144   ( 0.4%) 
HDR ambient table      251/65536        1004/262144   ( 0.4%) 
LDR leaf ambient      1108/65536       31024/1835008  ( 1.7%) 
HDR leaf ambient      1146/65536       32088/1835008  ( 1.7%) 
occluders                0/0               0/0        ( 0.0%) 
occluder polygons        0/0               0/0        ( 0.0%) 
occluder vert ind        0/0               0/0        ( 0.0%) 
Prop Hull Verts          0/0               0/0        ( 0.0%) 
Prop Hull Blob           0/0               0/0        ( 0.0%) 
Prop Hull Lists          0/0               0/0        ( 0.0%) 
Prop Hulls               0/0               0/0        ( 0.0%) 
Prop Hull trilist        0/0               0/0        ( 0.0%) 
detail props          [variable]           1/12       ( 8.3%) 
static props          [variable]           1/12       ( 8.3%) 
pakfile               [variable]      173784/0        ( 0.0%) 
physics               [variable]       22026/4194304  ( 0.5%) 
physics terrain       [variable]           2/1048576  ( 0.0%) 

Level flags = 0

Total triangle count: 796
Writing c:\program files (x86)\steam\steamapps\common\left 4 dead 2\sm1\mapsrc\instance_debug.bsp
1 second elapsed



materialPath: C:\Program Files (x86)\Steam\steamapps\common\left 4 dead 2\left4dead2\materials
Loading C:\Program Files (x86)\Steam\steamapps\common\Left 4 Dead 2\sm1\mapsrc\instance_debug.vmf
fixing up env_cubemap materials on brush sides...
0...1...2...3...4...5...6...7...8...9...100...1...2...3...4...5...6...7...8...9...10Processing areas...done (0)
Building Faces...done (0)
FixTjuncs...
PruneNodes...
WriteBSP...
done (0)
writing C:\Program Files (x86)\Steam\steamapps\common\Left 4 Dead 2\sm1\mapsrc\instance_debug.prt...Building visibility clusters...
done (0)
Finding displacement neighbors...
Finding lightmap sample positions...
Displacement Alpha : 0...1...2...3...4...5...6...7...8...9...10
Building Physics collision data...
done (0) (22026 bytes)
Cannot build Physics2 data
                                                             -----------
DataLinker total stream size                                     0.0 KiB
Placing detail props : 0...1...2...3...4...5...6...7...8...9...10
Compacting texture/material tables...
Reduced 68 texinfos to 32
Reduced 16 texdatas to 15 (352 bytes to 331)
Writing C:\Program Files (x86)\Steam\steamapps\common\Left 4 Dead 2\sm1\mapsrc\instance_debug.bsp
0 seconds elapsed



4 threads
reading c:\program files (x86)\steam\steamapps\common\left 4 dead 2\sm1\mapsrc\instance_debug.bsp
max farz in all env_fog_controller entities: -1.000000 (used for radial vis)
reading c:\program files (x86)\steam\steamapps\common\left 4 dead 2\sm1\mapsrc\instance_debug.prt
  60 portalclusters
 125 numportals
0...1...2...3...4...5...6...7...8...9...100...1...2...3...4...5...6...7...8...9...10Optimized: 4 visible clusters (0.00%)
Total clusters visible: 2382
Average clusters visible: 39
Building PAS...
Average clusters audible: 60
visdatasize:1444  compressed from 960
writing c:\program files (x86)\steam\steamapps\common\left 4 dead 2\sm1\mapsrc\instance_debug.bsp
0 seconds elapsed



[Reading texlights from 'lights.rad']
[2 texlights parsed from 'lights.rad']

Loading c:\program files (x86)\steam\steamapps\common\left 4 dead 2\sm1\mapsrc\instance_debug.bsp
299 faces
220435 square feet [31742720.00 square inches]
0 Displacements
0 Square Feet [0.00 Square Inches]
299 patches before subdivision
16939 patches after subdivision
3 direct lights
0...1...2...3...4...5...6...7...8...9...100...1...2...3...4...5...6...7...8...9...10transfers 830386, max 263
transfer lists:   6.3 megs
0...1...2...3...4...5...6...7...8...9...10	Bounce #1 added RGB(1396, 3198, 4480)
0...1...2...3...4...5...6...7...8...9...10	Bounce #2 added RGB(161, 378, 510)
0...1...2...3...4...5...6...7...8...9...10	Bounce #3 added RGB(19, 46, 60)
0...1...2...3...4...5...6...7...8...9...10	Bounce #4 added RGB(3, 6, 8)
0...1...2...3...4...5...6...7...8...9...10	Bounce #5 added RGB(0, 1, 1)
0...1...2...3...4...5...6...7...8...9...10	Bounce #6 added RGB(0, 0, 0)
Build Patch/Sample Hash Table(s).....Done<0.0042 sec>
0...1...2...3...4...5...6...7...8...9...10FinalLightFace Done
0 of 0 (0% of) surface lights went in leaf ambient cubes.
0...1...2...3...4...5...6...7...8...9...10Writing leaf ambient...done
Ready to Finish

Object names       Objects/Maxobjs  Memory / Maxmem  Fullness 
------------       ---------------  ---------------  -------- 
models                  15/1024          720/49152    ( 1.5%) 
brushes                 55/8192          660/98304    ( 0.7%) 
brushsides             330/65536        2640/524288   ( 0.5%) 
planes                 182/65536        3640/1310720  ( 0.3%) 
vertexes               512/65536        6144/786432   ( 0.8%) 
nodes                  235/65536        7520/2097152  ( 0.4%) 
texinfos                32/12288        2304/884736   ( 0.3%) 
texdata                 15/2048          480/65536    ( 0.7%) 
dispinfos                0/0               0/0        ( 0.0%) 
disp_verts               0/0               0/0        ( 0.0%) 
disp_tris                0/0               0/0        ( 0.0%) 
disp_lmsamples           0/0               0/0        ( 0.0%) 
faces                  299/65536       16744/3670016  ( 0.5%) 
hdr faces                0/65536           0/3670016  ( 0.0%) 
origfaces              111/65536        6216/3670016  ( 0.2%) 
leaves                 251/65536        8032/2097152  ( 0.4%) 
leaffaces              305/65536         610/131072   ( 0.5%) 
leafbrushes            140/65536         280/131072   ( 0.2%) 
areas                    2/256            16/2048     ( 0.8%) 
surfedges             1838/512000       7352/2048000  ( 0.4%) 
edges                 1111/256000       4444/1024000  ( 0.4%) 
LDR worldlights          3/8192          300/819200   ( 0.0%) 
HDR worldlights          0/8192            0/819200   ( 0.0%) 
leafwaterdata            0/32768           0/393216   ( 0.0%) 
waterstrips             37/32768         370/327680   ( 0.1%) 
waterverts               0/65536           0/786432   ( 0.0%) 
waterindices           498/65536         996/131072   ( 0.8%) 
cubemapsamples           1/1024           16/16384    ( 0.1%) 
overlays                 0/512             0/180224   ( 0.0%) 
LDR lightdata         [variable]     1059592/0        ( 0.0%) 
HDR lightdata         [variable]           0/0        ( 0.0%) 
visdata               [variable]        1444/16777216 ( 0.0%) 
entdata               [variable]       10700/393216   ( 2.7%) 
LDR ambient table      251/65536        1004/262144   ( 0.4%) 
HDR ambient table      251/65536        1004/262144   ( 0.4%) 
LDR leaf ambient      1104/65536       30912/1835008  ( 1.7%) 
HDR leaf ambient       251/65536        7028/1835008  ( 0.4%) 
occluders                0/0               0/0        ( 0.0%) 
occluder polygons        0/0               0/0        ( 0.0%) 
occluder vert ind        0/0               0/0        ( 0.0%) 
Prop Hull Verts          0/0               0/0        ( 0.0%) 
Prop Hull Blob           0/0               0/0        ( 0.0%) 
Prop Hull Lists          0/0               0/0        ( 0.0%) 
Prop Hulls               0/0               0/0        ( 0.0%) 
Prop Hull trilist        0/0               0/0        ( 0.0%) 
detail props          [variable]           1/12       ( 8.3%) 
static props          [variable]           1/12       ( 8.3%) 
pakfile               [variable]      173784/0        ( 0.0%) 
physics               [variable]       22026/4194304  ( 0.5%) 
physics terrain       [variable]           2/1048576  ( 0.0%) 

Level flags = 0

Total triangle count: 796
Writing c:\program files (x86)\steam\steamapps\common\left 4 dead 2\sm1\mapsrc\instance_debug.bsp
1 second elapsed



[Reading texlights from 'lights.rad']
[2 texlights parsed from 'lights.rad']

Loading c:\program files (x86)\steam\steamapps\common\left 4 dead 2\sm1\mapsrc\instance_debug.bsp
299 faces
220435 square feet [31742720.00 square inches]
0 Displacements
0 Square Feet [0.00 Square Inches]
299 patches before subdivision
16939 patches after subdivision
3 direct lights
0...1...2...3...4...5...6...7...8...9...100...1...2...3...4...5...6...7...8...9...10transfers 830386, max 263
transfer lists:   6.3 megs
0...1...2...3...4...5...6...7...8...9...10	Bounce #1 added RGB(978, 2240, 3139)
0...1...2...3...4...5...6...7...8...9...10	Bounce #2 added RGB(113, 265, 357)
0...1...2...3...4...5...6...7...8...9...10	Bounce #3 added RGB(14, 32, 42)
0...1...2...3...4...5...6...7...8...9...10	Bounce #4 added RGB(2, 4, 5)
0...1...2...3...4...5...6...7...8...9...10	Bounce #5 added RGB(0, 1, 1)
Build Patch/Sample Hash Table(s).....Done<0.0042 sec>
0...1...2...3...4...5...6...7...8...9...10FinalLightFace Done
0 of 0 (0% of) surface lights went in leaf ambient cubes.
0...1...2...3...4...5...6...7...8...9...10Writing leaf ambient...done
Ready to Finish

Object names       Objects/Maxobjs  Memory / Maxmem  Fullness 
------------       ---------------  ---------------  -------- 
models                  15/1024          720/49152    ( 1.5%) 
brushes                 55/8192          660/98304    ( 0.7%) 
brushsides             330/65536        2640/524288   ( 0.5%) 
planes                 182/65536        3640/1310720  ( 0.3%) 
vertexes               512/65536        6144/786432   ( 0.8%) 
nodes                  235/65536        7520/2097152  ( 0.4%) 
texinfos                32/12288        2304/884736   ( 0.3%) 
texdata                 15/2048          480/65536    ( 0.7%) 
dispinfos                0/0               0/0        ( 0.0%) 
disp_verts               0/0               0/0        ( 0.0%) 
disp_tris                0/0               0/0        ( 0.0%) 
disp_lmsamples           0/0               0/0        ( 0.0%) 
faces                  299/65536       16744/3670016  ( 0.5%) 
hdr faces              299/65536       16744/3670016  ( 0.5%) 
origfaces              111/65536        6216/3670016  ( 0.2%) 
leaves                 251/65536        8032/2097152  ( 0.4%) 
leaffaces              305/65536         610/131072   ( 0.5%) 
leafbrushes            140/65536         280/131072   ( 0.2%) 
areas                    2/256            16/2048     ( 0.8%) 
surfedges             1838/512000       7352/2048000  ( 0.4%) 
edges                 1111/256000       4444/1024000  ( 0.4%) 
LDR worldlights          3/8192          300/819200   ( 0.0%) 
HDR worldlights          3/8192          300/819200   ( 0.0%) 
leafwaterdata            0/32768           0/393216   ( 0.0%) 
waterstrips             37/32768         370/327680   ( 0.1%) 
waterverts               0/65536           0/786432   ( 0.0%) 
waterindices           498/65536         996/131072   ( 0.8%) 
cubemapsamples           1/1024           16/16384    ( 0.1%) 
overlays                 0/512             0/180224   ( 0.0%) 
LDR lightdata         [variable]     1059592/0        ( 0.0%) 
HDR lightdata         [variable]     1059592/0        ( 0.0%) 
visdata               [variable]        1444/16777216 ( 0.0%) 
entdata               [variable]       10700/393216   ( 2.7%) 
LDR ambient table      251/65536        1004/262144   ( 0.4%) 
HDR ambient table      251/65536        1004/262144   ( 0.4%) 
LDR leaf ambient      1104/65536       30912/1835008  ( 1.7%) 
HDR leaf ambient      1146/65536       32088/1835008  ( 1.7%) 
occluders                0/0               0/0        ( 0.0%) 
occluder polygons        0/0               0/0        ( 0.0%) 
occluder vert ind        0/0               0/0        ( 0.0%) 
Prop Hull Verts          0/0               0/0        ( 0.0%) 
Prop Hull Blob           0/0               0/0        ( 0.0%) 
Prop Hull Lists          0/0               0/0        ( 0.0%) 
Prop Hulls               0/0               0/0        ( 0.0%) 
Prop Hull trilist        0/0               0/0        ( 0.0%) 
detail props          [variable]           1/12       ( 8.3%) 
static props          [variable]           1/12       ( 8.3%) 
pakfile               [variable]      173784/0        ( 0.0%) 
physics               [variable]       22026/4194304  ( 0.5%) 
physics terrain       [variable]           2/1048576  ( 0.0%) 

Level flags = 0

Total triangle count: 796
Writing c:\program files (x86)\steam\steamapps\common\left 4 dead 2\sm1\mapsrc\instance_debug.bsp
1 second elapsed



materialPath: C:\Program Files (x86)\Steam\steamapps\common\left 4 dead 2\left4dead2\materials
Loading C:\Program Files (x86)\Steam\steamapps\common\Left 4 Dead 2\sm1\mapsrc\instance_debug.vmf
fixing up env_cubemap materials on brush sides...
0...1...2...3...4...5...6...7...8...9...100...1...2...3...4...5...6...7...8...9...10Processing areas...done (0)
Building Faces...done (0)
FixTjuncs...
PruneNodes...
WriteBSP...
done (0)
writing C:\Program Files (x86)\Steam\steamapps\common\Left 4 Dead 2\sm1\mapsrc\instance_debug.prt...Building visibility clusters...
done (0)
Finding displacement neighbors...
Finding lightmap sample positions...
Displacement Alpha : 0...1...2...3...4...5...6...7...8...9...10
Building Physics collision data...
done (0) (20367 bytes)
Cannot build Physics2 data
                                                             -----------
DataLinker total stream size                                     0.0 KiB
Placing detail props : 0...1...2...3...4...5...6...7...8...9...10
Compacting texture/material tables...
Reduced 64 texinfos to 32
Reduced 15 texdatas to 14 (331 bytes to 310)
Writing C:\Program Files (x86)\Steam\steamapps\common\Left 4 Dead 2\sm1\mapsrc\instance_debug.bsp
0 seconds elapsed



4 threads
reading c:\program files (x86)\steam\steamapps\common\left 4 dead 2\sm1\mapsrc\instance_debug.bsp
max farz in all env_fog_controller entities: -1.000000 (used for radial vis)
reading c:\program files (x86)\steam\steamapps\common\left 4 dead 2\sm1\mapsrc\instance_debug.prt
  60 portalclusters
 125 numportals
0...1...2...3...4...5...6...7...8...9...100...1...2...3...4...5...6...7...8...9...10Optimized: 4 visible clusters (0.00%)
Total clusters visible: 2382
Average clusters visible: 39
Building PAS...
Average clusters audible: 60
visdatasize:1444  compressed from 960
writing c:\program files (x86)\steam\steamapps\common\left 4 dead 2\sm1\mapsrc\instance_debug.bsp
0 seconds elapsed



[Reading texlights from 'lights.rad']
[2 texlights parsed from 'lights.rad']

Loading c:\program files (x86)\steam\steamapps\common\left 4 dead 2\sm1\mapsrc\instance_debug.bsp
309 faces
220926 square feet [31813376.00 square inches]
0 Displacements
0 Square Feet [0.00 Square Inches]
309 patches before subdivision
17045 patches after subdivision
3 direct lights
0...1...2...3...4...5...6...7...8...9...100...1...2...3...4...5...6...7...8...9...10transfers 830706, max 273
transfer lists:   6.3 megs
0...1...2...3...4...5...6...7...8...9...10	Bounce #1 added RGB(1396, 3197, 4478)
0...1...2...3...4...5...6...7...8...9...10	Bounce #2 added RGB(161, 378, 510)
0...1...2...3...4...5...6...7...8...9...10	Bounce #3 added RGB(19, 46, 60)
0...1...2...3...4...5...6...7...8...9...10	Bounce #4 added RGB(3, 6, 8)
0...1...2...3...4...5...6...7...8...9...10	Bounce #5 added RGB(0, 1, 1)
0...1...2...3...4...5...6...7...8...9...10	Bounce #6 added RGB(0, 0, 0)
Build Patch/Sample Hash Table(s).....Done<0.0041 sec>
0...1...2...3...4...5...6...7...8...9...10FinalLightFace Done
0 of 0 (0% of) surface lights went in leaf ambient cubes.
0...1...2...3...4...5...6...7...8...9...10Writing leaf ambient...done
Ready to Finish

Object names       Objects/Maxobjs  Memory / Maxmem  Fullness 
------------       ---------------  ---------------  -------- 
models                  12/1024          576/49152    ( 1.2%) 
brushes                 52/8192          624/98304    ( 0.6%) 
brushsides             312/65536        2496/524288   ( 0.5%) 
planes                 182/65536        3640/1310720  ( 0.3%) 
vertexes               488/65536        5856/786432   ( 0.7%) 
nodes                  217/65536        6944/2097152  ( 0.3%) 
texinfos                32/12288        2304/884736   ( 0.3%) 
texdata                 14/2048          448/65536    ( 0.7%) 
dispinfos                0/0               0/0        ( 0.0%) 
disp_verts               0/0               0/0        ( 0.0%) 
disp_tris                0/0               0/0        ( 0.0%) 
disp_lmsamples           0/0               0/0        ( 0.0%) 
faces                  309/65536       17304/3670016  ( 0.5%) 
hdr faces                0/65536           0/3670016  ( 0.0%) 
origfaces              121/65536        6776/3670016  ( 0.2%) 
leaves                 230/65536        7360/2097152  ( 0.4%) 
leaffaces              315/65536         630/131072   ( 0.5%) 
leafbrushes            137/65536         274/131072   ( 0.2%) 
areas                    2/256            16/2048     ( 0.8%) 
surfedges             1938/512000       7752/2048000  ( 0.4%) 
edges                 1133/256000       4532/1024000  ( 0.4%) 
LDR worldlights          3/8192          300/819200   ( 0.0%) 
HDR worldlights          0/8192            0/819200   ( 0.0%) 
leafwaterdata            0/32768           0/393216   ( 0.0%) 
waterstrips             37/32768         370/327680   ( 0.1%) 
waterverts               0/65536           0/786432   ( 0.0%) 
waterindices           498/65536         996/131072   ( 0.8%) 
cubemapsamples           1/1024           16/16384    ( 0.1%) 
overlays                 0/512             0/180224   ( 0.0%) 
LDR lightdata         [variable]     1061408/0        ( 0.0%) 
HDR lightdata         [variable]           0/0        ( 0.0%) 
visdata               [variable]        1444/16777216 ( 0.0%) 
entdata               [variable]        8243/393216   ( 2.1%) 
LDR ambient table      230/65536         920/262144   ( 0.4%) 
HDR ambient table      230/65536         920/262144   ( 0.4%) 
LDR leaf ambient      1092/65536       30576/1835008  ( 1.7%) 
HDR leaf ambient       230/65536        6440/1835008  ( 0.4%) 
occluders                0/0               0/0        ( 0.0%) 
occluder polygons        0/0               0/0        ( 0.0%) 
occluder vert ind        0/0               0/0        ( 0.0%) 
Prop Hull Verts          0/0               0/0        ( 0.0%) 
Prop Hull Blob           0/0               0/0        ( 0.0%) 
Prop Hull Lists          0/0               0/0        ( 0.0%) 
Prop Hulls               0/0               0/0        ( 0.0%) 
Prop Hull trilist        0/0               0/0        ( 0.0%) 
detail props          [variable]           1/12       ( 8.3%) 
static props          [variable]           1/12       ( 8.3%) 
pakfile               [variable]      173784/0        ( 0.0%) 
physics               [variable]       20367/4194304  ( 0.5%) 
physics terrain       [variable]           2/1048576  ( 0.0%) 

Level flags = 0

Total triangle count: 836
Writing c:\program files (x86)\steam\steamapps\common\left 4 dead 2\sm1\mapsrc\instance_debug.bsp
1 second elapsed



[Reading texlights from 'lights.rad']
[2 texlights parsed from 'lights.rad']

Loading c:\program files (x86)\steam\steamapps\common\left 4 dead 2\sm1\mapsrc\instance_debug.bsp
309 faces
220926 square feet [31813376.00 square inches]
0 Displacements
0 Square Feet [0.00 Square Inches]
309 patches before subdivision
17045 patches after subdivision
3 direct lights
0...1...2...3...4...5...6...7...8...9...100...1...2...3...4...5...6...7...8...9...10transfers 830706, max 273
transfer lists:   6.3 megs
0...1...2...3...4...5...6...7...8...9...10	Bounce #1 added RGB(978, 2241, 3139)
0...1...2...3...4...5...6...7...8...9...10	Bounce #2 added RGB(113, 265, 357)
0...1...2...3...4...5...6...7...8...9...10	Bounce #3 added RGB(14, 32, 42)
0...1...2...3...4...5...6...7...8...9...10	Bounce #4 added RGB(2, 4, 5)
0...1...2...3...4...5...6...7...8...9...10	Bounce #5 added RGB(0, 1, 1)
Build Patch/Sample Hash Table(s).....Done<0.0041 sec>
0...1...2...3...4...5...6...7...8...9...10FinalLightFace Done
0 of 0 (0% of) surface lights went in leaf ambient cubes.
0...1...2...3...4...5...6...7...8...9...10Writing leaf ambient...done
Ready to Finish

Object names       Objects/Maxobjs  Memory / Maxmem  Fullness 
------------       ---------------  ---------------  -------- 
models                  12/1024          576/49152    ( 1.2%) 
brushes                 52/8192          624/98304    ( 0.6%) 
brushsides             312/65536        2496/524288   ( 0.5%) 
planes                 182/65536        3640/1310720  ( 0.3%) 
vertexes               488/65536        5856/786432   ( 0.7%) 
nodes                  217/65536        6944/2097152  ( 0.3%) 
texinfos                32/12288        2304/884736   ( 0.3%) 
texdata                 14/2048          448/65536    ( 0.7%) 
dispinfos                0/0               0/0        ( 0.0%) 
disp_verts               0/0               0/0        ( 0.0%) 
disp_tris                0/0               0/0        ( 0.0%) 
disp_lmsamples           0/0               0/0        ( 0.0%) 
faces                  309/65536       17304/3670016  ( 0.5%) 
hdr faces              309/65536       17304/3670016  ( 0.5%) 
origfaces              121/65536        6776/3670016  ( 0.2%) 
leaves                 230/65536        7360/2097152  ( 0.4%) 
leaffaces              315/65536         630/131072   ( 0.5%) 
leafbrushes            137/65536         274/131072   ( 0.2%) 
areas                    2/256            16/2048     ( 0.8%) 
surfedges             1938/512000       7752/2048000  ( 0.4%) 
edges                 1133/256000       4532/1024000  ( 0.4%) 
LDR worldlights          3/8192          300/819200   ( 0.0%) 
HDR worldlights          3/8192          300/819200   ( 0.0%) 
leafwaterdata            0/32768           0/393216   ( 0.0%) 
waterstrips             37/32768         370/327680   ( 0.1%) 
waterverts               0/65536           0/786432   ( 0.0%) 
waterindices           498/65536         996/131072   ( 0.8%) 
cubemapsamples           1/1024           16/16384    ( 0.1%) 
overlays                 0/512             0/180224   ( 0.0%) 
LDR lightdata         [variable]     1061408/0        ( 0.0%) 
HDR lightdata         [variable]     1061408/0        ( 0.0%) 
visdata               [variable]        1444/16777216 ( 0.0%) 
entdata               [variable]        8243/393216   ( 2.1%) 
LDR ambient table      230/65536         920/262144   ( 0.4%) 
HDR ambient table      230/65536         920/262144   ( 0.4%) 
LDR leaf ambient      1092/65536       30576/1835008  ( 1.7%) 
HDR leaf ambient      1132/65536       31696/1835008  ( 1.7%) 
occluders                0/0               0/0        ( 0.0%) 
occluder polygons        0/0               0/0        ( 0.0%) 
occluder vert ind        0/0               0/0        ( 0.0%) 
Prop Hull Verts          0/0               0/0        ( 0.0%) 
Prop Hull Blob           0/0               0/0        ( 0.0%) 
Prop Hull Lists          0/0               0/0        ( 0.0%) 
Prop Hulls               0/0               0/0        ( 0.0%) 
Prop Hull trilist        0/0               0/0        ( 0.0%) 
detail props          [variable]           1/12       ( 8.3%) 
static props          [variable]           1/12       ( 8.3%) 
pakfile               [variable]      173784/0        ( 0.0%) 
physics               [variable]       20367/4194304  ( 0.5%) 
physics terrain       [variable]           2/1048576  ( 0.0%) 

Level flags = 0

Total triangle count: 836
Writing c:\program files (x86)\steam\steamapps\common\left 4 dead 2\sm1\mapsrc\instance_debug.bsp
1 second elapsed
