PRT1
436
871
4 0 29 (4096 3296 -288 ) (4096 3264 -288 ) (4096 3264 -96 ) (4096 3296 -96 ) 
4 0 9 (4096 3328 -288 ) (4096 3296 -288 ) (4096 3296 -96 ) (4096 3328 -96 ) 
4 0 7 (4096 3392 -288 ) (4096 3328 -288 ) (4096 3328 -160 ) (4096 3392 -160 ) 
4 0 6 (4096 3328 -160 ) (4096 3328 -96 ) (4096 3392 -96 ) (4096 3392 -160 ) 
4 0 5 (4096 3456 -288 ) (4096 3392 -288 ) (4096 3392 -96 ) (4096 3456 -96 ) 
4 0 1 (4288 3264 -256 ) (4416 3264 -256 ) (4416 3264 -128 ) (4288 3264 -128 ) 
4 0 2 (4096 3264 -128 ) (4096 3264 -256 ) (4224 3264 -256 ) (4224 3264 -128 ) 
4 1 3 (4416 3232 -256 ) (4416 3232 -128 ) (4288 3232 -128 ) (4288 3232 -256 ) 
4 2 3 (4224 3232 -128 ) (4096 3232 -128 ) (4096 3232 -256 ) (4224 3232 -256 ) 
4 3 87 (4096 3072 -416 ) (4096 3072 -544 ) (4608 3072 -544 ) (4608 3072 -416 ) 
4 3 86 (4608 3072 -544 ) (4736 3072 -544 ) (4736 3072 -416 ) (4608 3072 -416 ) 
4 3 85 (4736 3072 -544 ) (4960 3072 -544 ) (4960 3072 -416 ) (4736 3072 -416 ) 
4 3 74 (4960 3072 -32 ) (4096 3072 -32 ) (4096 3072 -416 ) (4960 3072 -416 ) 
4 3 44 (4096 3072 -544 ) (4096 3072 -320 ) (4096 3232 -320 ) (4096 3232 -544 ) 
4 3 35 (4096 3072 -320 ) (4096 3072 -288 ) (4096 3232 -288 ) (4096 3232 -320 ) 
4 3 34 (4096 3072 -288 ) (4096 3072 -32 ) (4096 3232 -32 ) (4096 3232 -288 ) 
4 3 4 (4960 3072 -544 ) (4096 3072 -544 ) (4096 3232 -544 ) (4960 3232 -544 ) 
4 4 94 (4960 3072 -544 ) (4096 3072 -544 ) (4096 3072 -576 ) (4960 3072 -576 ) 
4 4 48 (4096 3072 -576 ) (4096 3072 -544 ) (4096 3232 -544 ) (4096 3232 -576 ) 
4 5 7 (3840 3392 -288 ) (4096 3392 -288 ) (4096 3392 -160 ) (3840 3392 -160 ) 
4 5 6 (4096 3392 -160 ) (4096 3392 -96 ) (3840 3392 -96 ) (3840 3392 -160 ) 
4 6 9 (3840 3328 -160 ) (4096 3328 -160 ) (4096 3328 -96 ) (3840 3328 -96 ) 
4 6 7 (4096 3328 -160 ) (3840 3328 -160 ) (3840 3392 -160 ) (4096 3392 -160 ) 
4 7 9 (3840 3328 -288 ) (4096 3328 -288 ) (4096 3328 -160 ) (3840 3328 -160 ) 
4 7 8 (3752 3388 -184 ) (3752 3388 -288 ) (3752 3332 -288 ) (3752 3332 -184 ) 
4 8 14 (3744 3388 -288 ) (3744 3332 -288 ) (3744 3332 -184 ) (3744 3388 -184 ) 
4 9 29 (3872 3296 -288 ) (4096 3296 -288 ) (4096 3296 -96 ) (3872 3296 -96 ) 
4 10 12 (3632 3616 -288 ) (3744 3616 -288 ) (3744 3616 -32 ) (3632 3616 -32 ) 
4 10 11 (3632 3744 -32 ) (3632 3744 -288 ) (3632 3632 -288 ) (3632 3632 -32 ) 
4 11 16 (3616 3744 -288 ) (3616 3632 -288 ) (3616 3632 -32 ) (3616 3744 -32 ) 
4 12 14 (3632 3424 -288 ) (3744 3424 -288 ) (3744 3424 -32 ) (3632 3424 -32 ) 
4 12 13 (3632 3616 -192 ) (3632 3616 -256 ) (3632 3424 -256 ) (3632 3424 -192 ) 
4 13 18 (3616 3424 -256 ) (3616 3424 -192 ) (3616 3616 -192 ) (3616 3616 -256 ) 
4 14 15 (3632 3408 -288 ) (3632 3296 -288 ) (3632 3296 -32 ) (3632 3408 -32 ) 
4 15 20 (3616 3408 -288 ) (3616 3296 -288 ) (3616 3296 -32 ) (3616 3408 -32 ) 
4 16 21 (3328 3744 -288 ) (3328 3632 -288 ) (3328 3632 -32 ) (3328 3744 -32 ) 
4 16 17 (3328 3632 -192 ) (3328 3632 -256 ) (3616 3632 -256 ) (3616 3632 -192 ) 
4 17 18 (3328 3616 -192 ) (3328 3616 -256 ) (3616 3616 -256 ) (3616 3616 -192 ) 
4 18 36 (3616 3616 -288 ) (3616 3424 -288 ) (3328 3424 -288 ) (3328 3616 -288 ) 
4 18 23 (3328 3424 -256 ) (3328 3424 -192 ) (3328 3616 -192 ) (3328 3616 -256 ) 
4 18 19 (3328 3424 -192 ) (3328 3424 -256 ) (3616 3424 -256 ) (3616 3424 -192 ) 
4 19 20 (3328 3408 -192 ) (3328 3408 -256 ) (3616 3408 -256 ) (3616 3408 -192 ) 
4 20 30 (3492 3296 -288 ) (3548 3296 -288 ) (3548 3296 -184 ) (3492 3296 -184 ) 
4 20 25 (3328 3408 -288 ) (3328 3296 -288 ) (3328 3296 -32 ) (3328 3408 -32 ) 
4 21 22 (3312 3744 -32 ) (3312 3744 -288 ) (3312 3632 -288 ) (3312 3632 -32 ) 
4 22 27 (3232 3744 -288 ) (3232 3680 -288 ) (3232 3680 -192 ) (3232 3744 -192 ) 
4 22 24 (3232 3616 -32 ) (3232 3616 -288 ) (3312 3616 -288 ) (3312 3616 -32 ) 
4 23 24 (3312 3616 -192 ) (3312 3616 -256 ) (3312 3424 -256 ) (3312 3424 -192 ) 
4 24 26 (3232 3424 -32 ) (3232 3424 -288 ) (3312 3424 -288 ) (3312 3424 -32 ) 
4 25 26 (3312 3408 -288 ) (3312 3296 -288 ) (3312 3296 -32 ) (3312 3408 -32 ) 
4 27 28 (3200 3744 -288 ) (3200 3680 -288 ) (3200 3680 -192 ) (3200 3744 -192 ) 
4 28 157 (3072 3744 -192 ) (3072 3744 -288 ) (3072 3680 -288 ) (3072 3680 -192 ) 
4 28 39 (3072 3296 -288 ) (3072 3680 -288 ) (3200 3680 -288 ) (3200 3296 -288 ) 
4 29 32 (4032 3264 -128 ) (3904 3264 -128 ) (3904 3264 -256 ) (4032 3264 -256 ) 
4 30 31 (3492 3288 -288 ) (3548 3288 -288 ) (3548 3288 -184 ) (3492 3288 -184 ) 
4 31 33 (3456 3264 -288 ) (3584 3264 -288 ) (3584 3264 -160 ) (3456 3264 -160 ) 
4 32 34 (4032 3232 -128 ) (3904 3232 -128 ) (3904 3232 -256 ) (4032 3232 -256 ) 
4 33 34 (3456 3232 -288 ) (3584 3232 -288 ) (3584 3232 -160 ) (3456 3232 -160 ) 
4 34 171 (3072 3072 -288 ) (3072 3072 -32 ) (3072 3232 -32 ) (3072 3232 -288 ) 
4 34 105 (3072 3072 -32 ) (3072 3072 -288 ) (3456 3072 -288 ) (3456 3072 -32 ) 
4 34 102 (3456 3072 -288 ) (3584 3072 -288 ) (3584 3072 -32 ) (3456 3072 -32 ) 
4 34 101 (3584 3072 -288 ) (4096 3072 -288 ) (4096 3072 -32 ) (3584 3072 -32 ) 
4 34 40 (3200 3072 -288 ) (3072 3072 -288 ) (3072 3232 -288 ) (3200 3232 -288 ) 
4 34 38 (3456 3072 -288 ) (3200 3072 -288 ) (3200 3232 -288 ) (3456 3232 -288 ) 
4 34 37 (3904 3072 -288 ) (3584 3072 -288 ) (3584 3232 -288 ) (3904 3232 -288 ) 
4 34 35 (4096 3072 -288 ) (3904 3072 -288 ) (3904 3232 -288 ) (4096 3232 -288 ) 
4 35 101 (3904 3072 -320 ) (4096 3072 -320 ) (4096 3072 -288 ) (3904 3072 -288 ) 
4 35 44 (4096 3232 -320 ) (4096 3072 -320 ) (3904 3072 -320 ) (3904 3232 -320 ) 
4 35 37 (3904 3232 -320 ) (3904 3072 -320 ) (3904 3072 -288 ) (3904 3232 -288 ) 
4 36 41 (3616 3424 -320 ) (3328 3424 -320 ) (3328 3616 -320 ) (3616 3616 -320 ) 
4 37 101 (3584 3072 -320 ) (3904 3072 -320 ) (3904 3072 -288 ) (3584 3072 -288 ) 
4 37 44 (3904 3232 -320 ) (3904 3072 -320 ) (3584 3072 -320 ) (3584 3232 -320 ) 
4 38 105 (3200 3072 -320 ) (3456 3072 -320 ) (3456 3072 -288 ) (3200 3072 -288 ) 
4 38 44 (3456 3072 -320 ) (3200 3072 -320 ) (3200 3232 -320 ) (3456 3232 -320 ) 
4 38 40 (3200 3232 -320 ) (3200 3072 -320 ) (3200 3072 -288 ) (3200 3232 -288 ) 
4 39 43 (3200 3664 -320 ) (3200 3296 -320 ) (3072 3296 -320 ) (3072 3664 -320 ) 
4 40 176 (3072 3072 -320 ) (3072 3072 -288 ) (3072 3232 -288 ) (3072 3232 -320 ) 
4 40 105 (3072 3072 -288 ) (3072 3072 -320 ) (3200 3072 -320 ) (3200 3072 -288 ) 
4 40 44 (3200 3232 -320 ) (3200 3072 -320 ) (3072 3072 -320 ) (3072 3232 -320 ) 
4 41 45 (3744 3296 -544 ) (3232 3296 -544 ) (3232 3744 -544 ) (3744 3744 -544 ) 
4 41 42 (3232 3360 -544 ) (3232 3296 -544 ) (3232 3296 -448 ) (3232 3360 -448 ) 
4 42 46 (3232 3296 -544 ) (3200 3296 -544 ) (3200 3360 -544 ) (3232 3360 -544 ) 
4 42 43 (3200 3360 -544 ) (3200 3296 -544 ) (3200 3296 -448 ) (3200 3360 -448 ) 
4 43 178 (3072 3360 -448 ) (3072 3360 -544 ) (3072 3296 -544 ) (3072 3296 -448 ) 
4 43 47 (3200 3296 -544 ) (3072 3296 -544 ) (3072 3440 -544 ) (3200 3440 -544 ) 
4 44 180 (3072 3072 -544 ) (3072 3072 -320 ) (3072 3232 -320 ) (3072 3232 -544 ) 
4 44 105 (3072 3072 -320 ) (3072 3072 -544 ) (3456 3072 -544 ) (3456 3072 -320 ) 
4 44 104 (3456 3072 -544 ) (3584 3072 -544 ) (3584 3072 -320 ) (3456 3072 -320 ) 
4 44 101 (3584 3072 -544 ) (4096 3072 -544 ) (4096 3072 -320 ) (3584 3072 -320 ) 
4 44 48 (4096 3232 -544 ) (4096 3072 -544 ) (3072 3072 -544 ) (3072 3232 -544 ) 
4 45 46 (3232 3360 -576 ) (3232 3296 -576 ) (3232 3296 -544 ) (3232 3360 -544 ) 
4 46 47 (3200 3360 -576 ) (3200 3296 -576 ) (3200 3296 -544 ) (3200 3360 -544 ) 
4 47 192 (3072 3296 -544 ) (3072 3360 -544 ) (3072 3360 -576 ) (3072 3296 -576 ) 
4 48 193 (3072 3072 -576 ) (3072 3072 -544 ) (3072 3232 -544 ) (3072 3232 -576 ) 
4 48 115 (3072 3072 -544 ) (3072 3072 -576 ) (4096 3072 -576 ) (4096 3072 -544 ) 
4 49 75 (5120 2096 -416 ) (5120 2096 -256 ) (5120 2208 -256 ) (5120 2208 -416 ) 
4 50 80 (5120 2048 -416 ) (5120 2048 -240 ) (5120 2064 -240 ) (5120 2064 -416 ) 
4 50 79 (5120 2048 -240 ) (5120 2048 0 ) (5120 2064 0 ) (5120 2064 -240 ) 
4 50 69 (5232 2048 -416 ) (5232 2048 -256 ) (5168 2048 -256 ) (5168 2048 -416 ) 
4 50 71 (5168 2048 -256 ) (5120 2048 -256 ) (5120 2048 -416 ) (5168 2048 -416 ) 
4 50 67 (5168 2048 -240 ) (5120 2048 -240 ) (5120 2048 -256 ) (5168 2048 -256 ) 
4 50 66 (5232 2048 -256 ) (5232 2048 -240 ) (5168 2048 -240 ) (5168 2048 -256 ) 
4 50 64 (5232 2048 -240 ) (5232 2048 -128 ) (5120 2048 -128 ) (5120 2048 -240 ) 
4 50 60 (5232 2048 -128 ) (5232 2048 0 ) (5120 2048 0 ) (5120 2048 -128 ) 
4 51 99 (5120 2048 -576 ) (5120 2048 -544 ) (5120 2064 -544 ) (5120 2064 -576 ) 
4 51 92 (5120 2048 -544 ) (5120 2048 -432 ) (5120 2064 -432 ) (5120 2064 -544 ) 
4 51 73 (5232 2048 -576 ) (5232 2048 -432 ) (5120 2048 -432 ) (5120 2048 -576 ) 
4 52 53 (5928 1438 -240 ) (5928 1372 -240 ) (5928 1372 -128 ) (5928 1438 -128 ) 
4 53 56 (5864 1520 -240 ) (5864 1296 -240 ) (5864 1296 -192 ) (5864 1520 -192 ) 
4 53 55 (5864 1296 -192 ) (5864 1296 -128 ) (5864 1520 -128 ) (5864 1520 -192 ) 
4 54 55 (5640 1296 -128 ) (5640 1520 -128 ) (5864 1520 -128 ) (5864 1296 -128 ) 
4 55 57 (5640 1296 -128 ) (5640 1520 -128 ) (5640 1520 -192 ) (5640 1296 -192 ) 
4 55 56 (5640 1296 -192 ) (5640 1520 -192 ) (5864 1520 -192 ) (5864 1296 -192 ) 
4 56 57 (5640 1520 -240 ) (5640 1296 -240 ) (5640 1296 -192 ) (5640 1520 -192 ) 
4 57 58 (5576 1432 -240 ) (5576 1376 -240 ) (5576 1376 -136 ) (5576 1432 -136 ) 
4 58 61 (5560 1432 -240 ) (5560 1376 -240 ) (5560 1376 -136 ) (5560 1432 -136 ) 
4 59 61 (5560 1472 -128 ) (5560 1344 -128 ) (5488 1344 -128 ) (5488 1472 -128 ) 
4 60 119 (5120 2048 0 ) (5120 2048 -128 ) (5120 1552 -128 ) (5120 1552 0 ) 
4 60 64 (5120 1552 -128 ) (5120 2048 -128 ) (5232 2048 -128 ) (5232 1552 -128 ) 
4 61 65 (5232 1472 -240 ) (5232 1344 -240 ) (5232 1344 -128 ) (5232 1472 -128 ) 
4 61 62 (5232 1344 -128 ) (5232 1344 -240 ) (5456 1344 -240 ) (5456 1344 -128 ) 
4 62 65 (5232 1344 -240 ) (5232 1184 -240 ) (5232 1184 -128 ) (5232 1344 -128 ) 
4 62 63 (5232 1184 -128 ) (5232 1184 -240 ) (5328 1184 -240 ) (5328 1184 -128 ) 
4 63 154 (5232 1024 -240 ) (5328 1024 -240 ) (5328 1024 -128 ) (5232 1024 -128 ) 
4 63 65 (5232 1184 -240 ) (5232 1024 -240 ) (5232 1024 -128 ) (5232 1184 -128 ) 
4 64 120 (5120 1552 -128 ) (5120 2048 -128 ) (5120 2048 -240 ) (5120 1552 -240 ) 
4 64 68 (5120 1552 -240 ) (5120 1776 -240 ) (5232 1776 -240 ) (5232 1552 -240 ) 
4 64 67 (5120 1840 -240 ) (5120 2048 -240 ) (5168 2048 -240 ) (5168 1840 -240 ) 
4 64 66 (5168 2048 -240 ) (5232 2048 -240 ) (5232 1840 -240 ) (5168 1840 -240 ) 
4 65 154 (5120 1024 -128 ) (5120 1024 -240 ) (5232 1024 -240 ) (5232 1024 -128 ) 
4 65 124 (5120 1024 -240 ) (5120 1024 -128 ) (5120 1168 -128 ) (5120 1168 -240 ) 
4 65 120 (5120 1168 -128 ) (5120 1472 -128 ) (5120 1472 -240 ) (5120 1168 -240 ) 
4 66 69 (5168 2048 -256 ) (5232 2048 -256 ) (5232 1840 -256 ) (5168 1840 -256 ) 
4 66 67 (5168 2048 -256 ) (5168 1840 -256 ) (5168 1840 -240 ) (5168 2048 -240 ) 
4 67 125 (5120 1840 -240 ) (5120 2048 -240 ) (5120 2048 -256 ) (5120 1840 -256 ) 
4 67 71 (5120 1840 -256 ) (5120 2048 -256 ) (5168 2048 -256 ) (5168 1840 -256 ) 
4 68 126 (5120 1552 -240 ) (5120 1776 -240 ) (5120 1776 -256 ) (5120 1552 -256 ) 
4 68 70 (5168 1776 -256 ) (5232 1776 -256 ) (5232 1552 -256 ) (5168 1552 -256 ) 
4 68 71 (5120 1552 -256 ) (5120 1776 -256 ) (5168 1776 -256 ) (5168 1552 -256 ) 
4 69 71 (5168 2048 -416 ) (5168 1840 -416 ) (5168 1840 -256 ) (5168 2048 -256 ) 
4 70 71 (5168 1776 -416 ) (5168 1552 -416 ) (5168 1552 -256 ) (5168 1776 -256 ) 
4 71 129 (5120 1552 -416 ) (5120 1552 -256 ) (5120 2048 -256 ) (5120 2048 -416 ) 
4 71 72 (5120 1616 -416 ) (5120 2000 -416 ) (5168 2000 -416 ) (5168 1616 -416 ) 
4 72 130 (5120 1616 -416 ) (5120 2000 -416 ) (5120 2000 -432 ) (5120 1616 -432 ) 
4 72 73 (5120 1616 -432 ) (5120 2000 -432 ) (5168 2000 -432 ) (5168 1616 -432 ) 
4 73 132 (5120 1552 -576 ) (5120 1552 -432 ) (5120 2048 -432 ) (5120 2048 -576 ) 
4 74 101 (4096 3072 -32 ) (4096 3072 -416 ) (4096 2816 -416 ) (4096 2816 -32 ) 
4 74 87 (4096 2816 -416 ) (4096 3072 -416 ) (4608 3072 -416 ) (4608 2816 -416 ) 
4 74 86 (4608 3072 -416 ) (4736 3072 -416 ) (4736 2816 -416 ) (4608 2816 -416 ) 
4 74 85 (4736 3072 -416 ) (4960 3072 -416 ) (4960 2816 -416 ) (4736 2816 -416 ) 
4 75 76 (4976 2096 -352 ) (4976 2096 -256 ) (4816 2096 -256 ) (4816 2096 -352 ) 
4 76 82 (4944 2064 -256 ) (4816 2064 -256 ) (4816 2064 -352 ) (4944 2064 -352 ) 
4 76 81 (4976 2064 -352 ) (4976 2064 -256 ) (4944 2064 -256 ) (4944 2064 -352 ) 
4 77 91 (4352 2288 -416 ) (4464 2288 -416 ) (4464 2064 -416 ) (4352 2064 -416 ) 
4 77 83 (4352 2064 -416 ) (4464 2064 -416 ) (4464 2064 -320 ) (4352 2064 -320 ) 
4 77 78 (4352 2288 -320 ) (4352 2288 -416 ) (4352 2064 -416 ) (4352 2064 -320 ) 
4 78 109 (4096 2288 -416 ) (4096 2064 -416 ) (4096 2064 -256 ) (4096 2288 -256 ) 
4 78 108 (4096 2064 -256 ) (4096 2064 -32 ) (4096 2288 -32 ) (4096 2288 -256 ) 
4 78 91 (4096 2064 -416 ) (4096 2288 -416 ) (4352 2288 -416 ) (4352 2064 -416 ) 
4 78 84 (4096 2064 -416 ) (4352 2064 -416 ) (4352 2064 -32 ) (4096 2064 -32 ) 
4 79 121 (5056 2048 -128 ) (4720 2048 -128 ) (4720 2048 -240 ) (5056 2048 -240 ) 
4 79 120 (5120 2048 -240 ) (5120 2048 -128 ) (5056 2048 -128 ) (5056 2048 -240 ) 
4 79 119 (5120 2048 -128 ) (5120 2048 0 ) (4720 2048 0 ) (4720 2048 -128 ) 
4 79 80 (5120 2048 -240 ) (5008 2048 -240 ) (5008 2064 -240 ) (5120 2064 -240 ) 
4 80 129 (5120 2048 -416 ) (5120 2048 -256 ) (5008 2048 -256 ) (5008 2048 -416 ) 
4 80 125 (5120 2048 -256 ) (5120 2048 -240 ) (5008 2048 -240 ) (5008 2048 -256 ) 
4 80 81 (5008 2064 -256 ) (5008 2064 -416 ) (5008 2048 -416 ) (5008 2048 -256 ) 
4 81 129 (4944 2048 -256 ) (4944 2048 -416 ) (5008 2048 -416 ) (5008 2048 -256 ) 
4 81 82 (4944 2064 -256 ) (4944 2064 -416 ) (4944 2048 -416 ) (4944 2048 -256 ) 
4 82 129 (4720 2048 -256 ) (4720 2048 -416 ) (4944 2048 -416 ) (4944 2048 -256 ) 
4 83 134 (4352 2048 -320 ) (4352 2048 -416 ) (4688 2048 -416 ) (4688 2048 -320 ) 
4 83 93 (4352 2064 -416 ) (4688 2064 -416 ) (4688 2048 -416 ) (4352 2048 -416 ) 
4 83 84 (4352 2064 -320 ) (4352 2064 -416 ) (4352 2048 -416 ) (4352 2048 -320 ) 
4 84 135 (4096 2048 -32 ) (4096 2048 -416 ) (4352 2048 -416 ) (4352 2048 -32 ) 
4 84 109 (4096 2064 -416 ) (4096 2048 -416 ) (4096 2048 -256 ) (4096 2064 -256 ) 
4 84 108 (4096 2048 -256 ) (4096 2048 -32 ) (4096 2064 -32 ) (4096 2064 -256 ) 
4 84 93 (4096 2048 -416 ) (4096 2064 -416 ) (4352 2064 -416 ) (4352 2048 -416 ) 
4 85 94 (4736 3072 -544 ) (4960 3072 -544 ) (4960 2816 -544 ) (4736 2816 -544 ) 
4 85 86 (4736 3072 -544 ) (4736 2816 -544 ) (4736 2816 -416 ) (4736 3072 -416 ) 
4 86 95 (4736 2816 -544 ) (4736 2776 -544 ) (4608 2776 -544 ) (4608 2816 -544 ) 
4 86 94 (4608 3072 -544 ) (4736 3072 -544 ) (4736 2816 -544 ) (4608 2816 -544 ) 
4 86 88 (4736 2736 -512 ) (4736 2736 -416 ) (4608 2736 -416 ) (4608 2736 -512 ) 
4 86 87 (4608 3072 -544 ) (4608 2816 -544 ) (4608 2816 -416 ) (4608 3072 -416 ) 
4 87 101 (4096 3072 -416 ) (4096 3072 -544 ) (4096 2816 -544 ) (4096 2816 -416 ) 
4 87 94 (4096 2816 -544 ) (4096 3072 -544 ) (4608 3072 -544 ) (4608 2816 -544 ) 
4 88 106 (4096 2544 -512 ) (4096 2544 -416 ) (4096 2736 -416 ) (4096 2736 -512 ) 
4 88 90 (4320 2544 -416 ) (4112 2544 -416 ) (4112 2544 -512 ) (4320 2544 -512 ) 
4 88 89 (4096 2736 -512 ) (4576 2736 -512 ) (4576 2544 -512 ) (4096 2544 -512 ) 
4 89 106 (4096 2736 -544 ) (4096 2544 -544 ) (4096 2544 -512 ) (4096 2736 -512 ) 
4 89 96 (4096 2544 -544 ) (4096 2736 -544 ) (4528 2736 -544 ) (4528 2544 -544 ) 
4 89 90 (4112 2544 -544 ) (4320 2544 -544 ) (4320 2544 -512 ) (4112 2544 -512 ) 
4 90 97 (4112 2544 -544 ) (4320 2544 -544 ) (4320 2288 -544 ) (4112 2288 -544 ) 
4 90 91 (4112 2288 -544 ) (4320 2288 -544 ) (4320 2288 -416 ) (4112 2288 -416 ) 
4 91 109 (4096 2288 -544 ) (4096 2064 -544 ) (4096 2064 -416 ) (4096 2288 -416 ) 
4 91 98 (4096 2064 -544 ) (4096 2288 -544 ) (4464 2288 -544 ) (4464 2064 -544 ) 
4 91 93 (4096 2064 -544 ) (4464 2064 -544 ) (4464 2064 -416 ) (4096 2064 -416 ) 
4 92 132 (5120 2048 -544 ) (5120 2048 -432 ) (4720 2048 -432 ) (4720 2048 -544 ) 
4 92 99 (5120 2048 -544 ) (4720 2048 -544 ) (4720 2064 -544 ) (5120 2064 -544 ) 
4 93 135 (4352 2048 -416 ) (4096 2048 -416 ) (4096 2048 -544 ) (4352 2048 -544 ) 
4 93 134 (4688 2048 -416 ) (4352 2048 -416 ) (4352 2048 -544 ) (4688 2048 -544 ) 
4 93 109 (4096 2064 -544 ) (4096 2048 -544 ) (4096 2048 -416 ) (4096 2064 -416 ) 
4 93 100 (4688 2048 -544 ) (4096 2048 -544 ) (4096 2064 -544 ) (4688 2064 -544 ) 
4 94 115 (4096 3072 -544 ) (4096 3072 -576 ) (4096 2816 -576 ) (4096 2816 -544 ) 
4 94 95 (4736 2816 -544 ) (4608 2816 -544 ) (4608 2816 -576 ) (4736 2816 -576 ) 
4 96 116 (4096 2544 -544 ) (4096 2736 -544 ) (4096 2736 -576 ) (4096 2544 -576 ) 
4 96 97 (4112 2544 -576 ) (4320 2544 -576 ) (4320 2544 -544 ) (4112 2544 -544 ) 
4 97 98 (4320 2288 -544 ) (4112 2288 -544 ) (4112 2288 -576 ) (4320 2288 -576 ) 
4 98 117 (4096 2064 -544 ) (4096 2288 -544 ) (4096 2288 -576 ) (4096 2064 -576 ) 
4 98 100 (4096 2064 -576 ) (4464 2064 -576 ) (4464 2064 -544 ) (4096 2064 -544 ) 
4 99 132 (5120 2048 -576 ) (5120 2048 -544 ) (4720 2048 -544 ) (4720 2048 -576 ) 
4 100 135 (4352 2048 -544 ) (4096 2048 -544 ) (4096 2048 -576 ) (4352 2048 -576 ) 
4 100 134 (4688 2048 -544 ) (4352 2048 -544 ) (4352 2048 -576 ) (4688 2048 -576 ) 
4 100 117 (4096 2048 -576 ) (4096 2048 -544 ) (4096 2064 -544 ) (4096 2064 -576 ) 
4 101 115 (4096 3072 -544 ) (4096 2816 -544 ) (3584 2816 -544 ) (3584 3072 -544 ) 
4 101 104 (3584 3072 -544 ) (3584 2816 -544 ) (3584 2816 -320 ) (3584 3072 -320 ) 
4 101 102 (3584 2816 -288 ) (3584 2816 -32 ) (3584 3072 -32 ) (3584 3072 -288 ) 
4 102 105 (3456 2816 -32 ) (3456 3072 -32 ) (3456 3072 -288 ) (3456 2816 -288 ) 
4 102 103 (3456 2816 -144 ) (3456 2816 -288 ) (3584 2816 -288 ) (3584 2816 -144 ) 
4 103 107 (3584 2784 -288 ) (3584 2784 -144 ) (3456 2784 -144 ) (3456 2784 -288 ) 
4 104 115 (3456 2816 -544 ) (3456 3072 -544 ) (3584 3072 -544 ) (3584 2816 -544 ) 
4 104 105 (3456 3072 -544 ) (3456 2816 -544 ) (3456 2816 -320 ) (3456 3072 -320 ) 
4 105 200 (3072 3072 -32 ) (3072 3072 -544 ) (3072 2816 -544 ) (3072 2816 -32 ) 
4 105 115 (3072 2816 -544 ) (3072 3072 -544 ) (3456 3072 -544 ) (3456 2816 -544 ) 
4 106 116 (4096 2736 -544 ) (4096 2544 -544 ) (4064 2544 -544 ) (4064 2736 -544 ) 
4 107 111 (3648 2288 -288 ) (3648 2288 -256 ) (3392 2288 -256 ) (3392 2288 -288 ) 
4 107 108 (3648 2288 -256 ) (3648 2288 -32 ) (3392 2288 -32 ) (3392 2288 -256 ) 
4 108 150 (3072 2048 -32 ) (3072 2048 -256 ) (3392 2048 -256 ) (3392 2048 -32 ) 
4 108 148 (3392 2048 -256 ) (3648 2048 -256 ) (3648 2048 -32 ) (3392 2048 -32 ) 
4 108 143 (3648 2048 -256 ) (4096 2048 -256 ) (4096 2048 -32 ) (3648 2048 -32 ) 
4 108 114 (3360 2048 -256 ) (3072 2048 -256 ) (3072 2288 -256 ) (3360 2288 -256 ) 
4 108 111 (3648 2048 -256 ) (3392 2048 -256 ) (3392 2288 -256 ) (3648 2288 -256 ) 
4 108 109 (4096 2048 -256 ) (3680 2048 -256 ) (3680 2288 -256 ) (4096 2288 -256 ) 
4 109 144 (3680 2048 -544 ) (4096 2048 -544 ) (4096 2048 -256 ) (3680 2048 -256 ) 
4 109 117 (4096 2288 -544 ) (4096 2048 -544 ) (3680 2048 -544 ) (3680 2288 -544 ) 
4 109 110 (3680 2288 -352 ) (3680 2288 -544 ) (3680 2048 -544 ) (3680 2048 -352 ) 
4 110 145 (3648 2048 -544 ) (3680 2048 -544 ) (3680 2048 -352 ) (3648 2048 -352 ) 
4 110 117 (3680 2048 -544 ) (3648 2048 -544 ) (3648 2288 -544 ) (3680 2288 -544 ) 
4 110 112 (3648 2288 -352 ) (3648 2288 -544 ) (3648 2048 -544 ) (3648 2048 -352 ) 
4 111 148 (3648 2048 -288 ) (3648 2048 -256 ) (3392 2048 -256 ) (3392 2048 -288 ) 
4 112 149 (3392 2048 -544 ) (3648 2048 -544 ) (3648 2048 -320 ) (3392 2048 -320 ) 
4 112 117 (3648 2048 -544 ) (3392 2048 -544 ) (3392 2288 -544 ) (3648 2288 -544 ) 
4 112 113 (3392 2288 -352 ) (3392 2288 -544 ) (3392 2048 -544 ) (3392 2048 -352 ) 
4 113 151 (3360 2048 -544 ) (3392 2048 -544 ) (3392 2048 -352 ) (3360 2048 -352 ) 
4 113 118 (3392 2048 -544 ) (3360 2048 -544 ) (3360 2288 -544 ) (3392 2288 -544 ) 
4 113 114 (3360 2288 -352 ) (3360 2288 -544 ) (3360 2048 -544 ) (3360 2048 -352 ) 
4 114 152 (3072 2048 -256 ) (3072 2048 -544 ) (3360 2048 -544 ) (3360 2048 -256 ) 
4 114 118 (3360 2048 -544 ) (3072 2048 -544 ) (3072 2288 -544 ) (3360 2288 -544 ) 
4 115 221 (3072 2816 -544 ) (3072 3072 -544 ) (3072 3072 -576 ) (3072 2816 -576 ) 
4 117 149 (3392 2048 -576 ) (3648 2048 -576 ) (3648 2048 -544 ) (3392 2048 -544 ) 
4 117 145 (3648 2048 -576 ) (3680 2048 -576 ) (3680 2048 -544 ) (3648 2048 -544 ) 
4 117 144 (3680 2048 -576 ) (4096 2048 -576 ) (4096 2048 -544 ) (3680 2048 -544 ) 
4 117 118 (3392 2288 -576 ) (3392 2048 -576 ) (3392 2048 -544 ) (3392 2288 -544 ) 
4 118 151 (3360 2048 -576 ) (3392 2048 -576 ) (3392 2048 -544 ) (3360 2048 -544 ) 
4 118 152 (3072 2048 -544 ) (3072 2048 -576 ) (3360 2048 -576 ) (3360 2048 -544 ) 
4 119 121 (4720 1552 -128 ) (4720 2048 -128 ) (5056 2048 -128 ) (5056 1552 -128 ) 
4 119 120 (5056 2048 -128 ) (5120 2048 -128 ) (5120 1552 -128 ) (5056 1552 -128 ) 
4 120 125 (5056 2048 -240 ) (5120 2048 -240 ) (5120 1840 -240 ) (5056 1840 -240 ) 
4 120 126 (5120 1776 -240 ) (5120 1552 -240 ) (5056 1552 -240 ) (5056 1776 -240 ) 
4 120 124 (5056 1168 -240 ) (5120 1168 -240 ) (5120 1168 -128 ) (5056 1168 -128 ) 
4 120 122 (5056 1472 -240 ) (5056 1168 -240 ) (5056 1168 -128 ) (5056 1472 -128 ) 
4 120 121 (5056 2048 -240 ) (5056 1552 -240 ) (5056 1552 -128 ) (5056 2048 -128 ) 
4 121 137 (4720 1552 -128 ) (4720 1648 -128 ) (4720 1648 -240 ) (4720 1552 -240 ) 
4 121 128 (4784 1776 -240 ) (4944 1776 -240 ) (4944 1616 -240 ) (4784 1616 -240 ) 
4 121 127 (4784 2000 -240 ) (4944 2000 -240 ) (4944 1840 -240 ) (4784 1840 -240 ) 
4 121 125 (5008 2048 -240 ) (5056 2048 -240 ) (5056 1840 -240 ) (5008 1840 -240 ) 
4 121 126 (5056 1776 -240 ) (5056 1552 -240 ) (5008 1552 -240 ) (5008 1776 -240 ) 
4 122 124 (5024 1168 -240 ) (5056 1168 -240 ) (5056 1168 -128 ) (5024 1168 -128 ) 
4 122 123 (4816 1472 -128 ) (4816 1472 -240 ) (4816 1344 -240 ) (4816 1344 -128 ) 
4 123 138 (4720 1344 -128 ) (4720 1472 -128 ) (4720 1472 -240 ) (4720 1344 -240 ) 
4 124 155 (5120 1024 -240 ) (5120 1024 -128 ) (5024 1024 -128 ) (5024 1024 -240 ) 
4 125 129 (5008 2048 -256 ) (5120 2048 -256 ) (5120 1840 -256 ) (5008 1840 -256 ) 
4 126 129 (5120 1776 -256 ) (5120 1552 -256 ) (5008 1552 -256 ) (5008 1776 -256 ) 
4 127 129 (4784 2000 -256 ) (4944 2000 -256 ) (4944 1840 -256 ) (4784 1840 -256 ) 
4 128 129 (4784 1776 -256 ) (4944 1776 -256 ) (4944 1616 -256 ) (4784 1616 -256 ) 
4 129 130 (4912 1616 -416 ) (4912 2000 -416 ) (5120 2000 -416 ) (5120 1616 -416 ) 
4 129 131 (4912 1552 -416 ) (4720 1552 -416 ) (4720 2000 -416 ) (4912 2000 -416 ) 
4 130 132 (4912 1616 -432 ) (4912 2000 -432 ) (5120 2000 -432 ) (5120 1616 -432 ) 
4 130 131 (4912 2000 -416 ) (4912 2000 -432 ) (4912 1616 -432 ) (4912 1616 -416 ) 
4 131 133 (4720 1776 -416 ) (4720 1904 -416 ) (4720 1904 -432 ) (4720 1776 -432 ) 
4 131 132 (4912 1552 -432 ) (4720 1552 -432 ) (4720 2000 -432 ) (4912 2000 -432 ) 
4 132 133 (4720 1776 -432 ) (4720 1904 -432 ) (4720 1904 -576 ) (4720 1776 -576 ) 
4 133 134 (4688 1776 -576 ) (4688 1776 -416 ) (4688 1904 -416 ) (4688 1904 -576 ) 
4 134 141 (4688 1776 -528 ) (4688 1776 -448 ) (4464 1776 -448 ) (4464 1776 -528 ) 
4 134 135 (4352 2048 -320 ) (4352 2048 -576 ) (4352 1776 -576 ) (4352 1776 -320 ) 
4 135 147 (4096 1792 -576 ) (4096 1776 -576 ) (4096 1776 -256 ) (4096 1792 -256 ) 
4 135 146 (4096 1824 -576 ) (4096 1792 -576 ) (4096 1792 -256 ) (4096 1824 -256 ) 
4 135 144 (4096 2048 -256 ) (4096 2048 -576 ) (4096 1824 -576 ) (4096 1824 -256 ) 
4 135 143 (4096 2048 -32 ) (4096 2048 -256 ) (4096 1776 -256 ) (4096 1776 -32 ) 
4 135 142 (4096 1776 -240 ) (4096 1776 -576 ) (4352 1776 -576 ) (4352 1776 -240 ) 
4 135 140 (4096 1776 -128 ) (4096 1776 -240 ) (4352 1776 -240 ) (4352 1776 -128 ) 
4 135 136 (4096 1776 -32 ) (4096 1776 -128 ) (4352 1776 -128 ) (4352 1776 -32 ) 
4 136 143 (4096 1776 -32 ) (4096 1776 -128 ) (4096 1664 -128 ) (4096 1664 -32 ) 
4 136 140 (4096 1776 -128 ) (4352 1776 -128 ) (4352 1664 -128 ) (4096 1664 -128 ) 
4 137 139 (4592 1648 -240 ) (4592 1552 -240 ) (4592 1552 -128 ) (4592 1648 -128 ) 
4 138 139 (4592 1472 -240 ) (4592 1344 -240 ) (4592 1344 -128 ) (4592 1472 -128 ) 
4 140 143 (4096 1664 -128 ) (4096 1776 -128 ) (4096 1776 -240 ) (4096 1664 -240 ) 
4 140 142 (4096 1664 -240 ) (4096 1776 -240 ) (4352 1776 -240 ) (4352 1664 -240 ) 
4 142 147 (4096 1776 -256 ) (4096 1776 -576 ) (4096 1664 -576 ) (4096 1664 -256 ) 
4 142 143 (4096 1664 -240 ) (4096 1776 -240 ) (4096 1776 -256 ) (4096 1664 -256 ) 
4 143 148 (3648 1664 -256 ) (3648 1664 -32 ) (3648 2048 -32 ) (3648 2048 -256 ) 
4 143 147 (4096 1664 -256 ) (3648 1664 -256 ) (3648 1792 -256 ) (4096 1792 -256 ) 
4 143 146 (3936 1824 -256 ) (4096 1824 -256 ) (4096 1792 -256 ) (3936 1792 -256 ) 
4 143 144 (3680 2048 -256 ) (4096 2048 -256 ) (4096 1824 -256 ) (3680 1824 -256 ) 
4 144 146 (4096 1824 -256 ) (3936 1824 -256 ) (3936 1824 -576 ) (4096 1824 -576 ) 
4 144 145 (3680 2048 -576 ) (3680 1824 -576 ) (3680 1824 -352 ) (3680 2048 -352 ) 
4 145 149 (3648 2048 -576 ) (3648 1824 -576 ) (3648 1824 -352 ) (3648 2048 -352 ) 
4 146 147 (4096 1792 -256 ) (3936 1792 -256 ) (3936 1792 -576 ) (4096 1792 -576 ) 
4 147 148 (3648 1664 -288 ) (3648 1664 -256 ) (3648 1792 -256 ) (3648 1792 -288 ) 
4 148 150 (3392 2048 -32 ) (3392 2048 -256 ) (3392 1664 -256 ) (3392 1664 -32 ) 
4 149 151 (3392 2048 -352 ) (3392 2048 -576 ) (3392 1792 -576 ) (3392 1792 -352 ) 
4 150 152 (3360 1664 -256 ) (3072 1664 -256 ) (3072 2048 -256 ) (3360 2048 -256 ) 
4 151 152 (3360 2048 -576 ) (3360 1664 -576 ) (3360 1664 -352 ) (3360 2048 -352 ) 
4 153 237 (3072 1024 -576 ) (3072 1024 -416 ) (3072 1072 -416 ) (3072 1072 -576 ) 
4 153 236 (3072 1072 -416 ) (3072 1328 -416 ) (3072 1328 -576 ) (3072 1072 -576 ) 
4 153 156 (3168 1024 -416 ) (3072 1024 -416 ) (3072 1024 -576 ) (3168 1024 -576 ) 
4 154 155 (5120 1008 -240 ) (5120 1008 -128 ) (5120 1024 -128 ) (5120 1024 -240 ) 
4 156 318 (3072 944 -576 ) (3072 944 -480 ) (3072 1024 -480 ) (3072 1024 -576 ) 
4 156 307 (3072 944 -480 ) (3072 944 -416 ) (3072 1024 -416 ) (3072 1024 -480 ) 
4 157 158 (3040 3744 -288 ) (3040 3680 -288 ) (3040 3680 -192 ) (3040 3744 -192 ) 
4 158 161 (2528 3632 -288 ) (2640 3632 -288 ) (2640 3632 -32 ) (2528 3632 -32 ) 
4 158 160 (2944 3632 -256 ) (2944 3632 -192 ) (2656 3632 -192 ) (2656 3632 -256 ) 
4 158 159 (2960 3632 -288 ) (3040 3632 -288 ) (3040 3632 -32 ) (2960 3632 -32 ) 
4 159 162 (2960 3616 -288 ) (3040 3616 -288 ) (3040 3616 -32 ) (2960 3616 -32 ) 
4 160 164 (2944 3616 -256 ) (2944 3616 -192 ) (2656 3616 -192 ) (2656 3616 -256 ) 
4 161 166 (2528 3616 -288 ) (2640 3616 -288 ) (2640 3616 -32 ) (2528 3616 -32 ) 
4 162 167 (2960 3424 -288 ) (3040 3424 -288 ) (3040 3424 -32 ) (2960 3424 -32 ) 
4 162 163 (2960 3616 -192 ) (2960 3616 -256 ) (2960 3424 -256 ) (2960 3424 -192 ) 
4 163 164 (2944 3616 -192 ) (2944 3616 -256 ) (2944 3424 -256 ) (2944 3424 -192 ) 
4 164 175 (2656 3616 -288 ) (2944 3616 -288 ) (2944 3424 -288 ) (2656 3424 -288 ) 
4 164 168 (2944 3424 -256 ) (2944 3424 -192 ) (2656 3424 -192 ) (2656 3424 -256 ) 
4 164 165 (2656 3616 -192 ) (2656 3616 -256 ) (2656 3424 -256 ) (2656 3424 -192 ) 
4 165 166 (2640 3616 -192 ) (2640 3616 -256 ) (2640 3424 -256 ) (2640 3424 -192 ) 
4 166 182 (2528 3520 -176 ) (2528 3520 -256 ) (2528 3440 -256 ) (2528 3440 -176 ) 
4 166 181 (2528 3600 -176 ) (2528 3600 -288 ) (2528 3536 -288 ) (2528 3536 -176 ) 
4 166 169 (2528 3424 -288 ) (2640 3424 -288 ) (2640 3424 -32 ) (2528 3424 -32 ) 
4 167 170 (2960 3408 -288 ) (3040 3408 -288 ) (3040 3408 -32 ) (2960 3408 -32 ) 
4 168 170 (2944 3408 -256 ) (2944 3408 -192 ) (2656 3408 -192 ) (2656 3408 -256 ) 
4 169 170 (2528 3408 -288 ) (2640 3408 -288 ) (2640 3408 -32 ) (2528 3408 -32 ) 
4 171 200 (3072 3072 -288 ) (3072 3072 -32 ) (2528 3072 -32 ) (2528 3072 -288 ) 
4 171 176 (3072 3072 -288 ) (2528 3072 -288 ) (2528 3232 -288 ) (3072 3232 -288 ) 
4 172 188 (2864 3776 -544 ) (2544 3776 -544 ) (2544 3888 -544 ) (2864 3888 -544 ) 
4 172 173 (2624 3776 -544 ) (2752 3776 -544 ) (2752 3776 -416 ) (2624 3776 -416 ) 
4 173 189 (2752 3752.750000 -544 ) (2624 3752.750000 -544 ) (2624 3776 -544 ) (2752 3776 -544 ) 
4 173 174 (2660 3752.750000 -544 ) (2716 3752.750000 -544 ) (2716 3752.750000 -470.907043 ) (2660 3752.750000 -470.907043 ) 
4 174 190 (2716 3744 -544 ) (2660 3744 -544 ) (2660 3752.750000 -544 ) (2716 3752.750000 -544 ) 
4 174 177 (2660 3744 -544 ) (2716 3744 -544 ) (2716 3744 -470.907043 ) (2660 3744 -470.907043 ) 
4 175 177 (2656 3616 -320 ) (2944 3616 -320 ) (2944 3424 -320 ) (2656 3424 -320 ) 
4 176 200 (3072 3072 -320 ) (3072 3072 -288 ) (2528 3072 -288 ) (2528 3072 -320 ) 
4 176 180 (3072 3072 -320 ) (2528 3072 -320 ) (2528 3232 -320 ) (3072 3232 -320 ) 
4 177 194 (3040 3360 -544 ) (2528 3360 -544 ) (2528 3744 -544 ) (3040 3744 -544 ) 
4 177 183 (2528 3548 -544 ) (2528 3492 -544 ) (2528 3492 -472 ) (2528 3548 -472 ) 
4 177 179 (3040 3360 -320 ) (2528 3360 -320 ) (2528 3360 -544 ) (3040 3360 -544 ) 
4 178 192 (3072 3360 -544 ) (3072 3296 -544 ) (3040 3296 -544 ) (3040 3360 -544 ) 
4 178 179 (3040 3360 -448 ) (3040 3360 -544 ) (3040 3296 -544 ) (3040 3296 -448 ) 
4 179 194 (3040 3296 -544 ) (2528 3296 -544 ) (2528 3360 -544 ) (3040 3360 -544 ) 
4 180 200 (3072 3072 -544 ) (3072 3072 -320 ) (2528 3072 -320 ) (2528 3072 -544 ) 
4 180 195 (3040 3072 -544 ) (2528 3072 -544 ) (2528 3232 -544 ) (3040 3232 -544 ) 
4 180 193 (3072 3232 -544 ) (3072 3072 -544 ) (3040 3072 -544 ) (3040 3232 -544 ) 
4 181 185 (2496 3600 -288 ) (2496 3536 -288 ) (2496 3536 -176 ) (2496 3600 -176 ) 
4 182 185 (2496 3440 -256 ) (2496 3440 -176 ) (2496 3520 -176 ) (2496 3520 -256 ) 
4 183 196 (2528 3548 -544 ) (2528 3492 -544 ) (2520 3492 -544 ) (2520 3548 -544 ) 
4 183 184 (2520 3548 -544 ) (2520 3492 -544 ) (2520 3492 -472 ) (2520 3548 -472 ) 
4 184 197 (2520 3584 -544 ) (2520 3456 -544 ) (2496 3456 -544 ) (2496 3584 -544 ) 
4 184 186 (2496 3584 -544 ) (2496 3456 -544 ) (2496 3456 -416 ) (2496 3584 -416 ) 
4 186 199 (2048 3456 -416 ) (2048 3584 -416 ) (2048 3584 -544 ) (2048 3456 -544 ) 
4 186 197 (2496 3584 -544 ) (2496 3456 -544 ) (2048 3456 -544 ) (2048 3584 -544 ) 
4 186 187 (2048 3456 -544 ) (2080 3456 -544 ) (2080 3456 -416 ) (2048 3456 -416 ) 
4 187 216 (2048 3072 -416 ) (2048 3072 -544 ) (2080 3072 -544 ) (2080 3072 -416 ) 
4 187 199 (2048 3072 -544 ) (2048 3072 -416 ) (2048 3456 -416 ) (2048 3456 -544 ) 
4 187 198 (2080 3072 -544 ) (2048 3072 -544 ) (2048 3456 -544 ) (2080 3456 -544 ) 
4 188 189 (2624 3776 -576 ) (2752 3776 -576 ) (2752 3776 -544 ) (2624 3776 -544 ) 
4 189 191 (2624 3752.750000 -576 ) (2752 3752.750000 -576 ) (2752 3752.750000 -574.906982 ) (2624 3752.750000 -574.906982 ) 
4 189 190 (2716 3752.750000 -544 ) (2660 3752.750000 -544 ) (2660 3752.750000 -574.906982 ) (2716 3752.750000 -574.906982 ) 
4 190 194 (2660 3744 -574.906982 ) (2716 3744 -574.906982 ) (2716 3744 -544 ) (2660 3744 -544 ) 
4 190 191 (2660 3752.750000 -574.906982 ) (2716 3752.750000 -574.906982 ) (2716 3744 -574.906982 ) (2660 3744 -574.906982 ) 
4 191 194 (2624 3744 -576 ) (2752 3744 -576 ) (2752 3744 -574.906982 ) (2624 3744 -574.906982 ) 
4 192 194 (3040 3360 -576 ) (3040 3296 -576 ) (3040 3296 -544 ) (3040 3360 -544 ) 
4 193 221 (3072 3072 -576 ) (3072 3072 -544 ) (3040 3072 -544 ) (3040 3072 -576 ) 
4 193 195 (3040 3232 -576 ) (3040 3072 -576 ) (3040 3072 -544 ) (3040 3232 -544 ) 
4 194 196 (2528 3548 -576 ) (2528 3492 -576 ) (2528 3492 -544 ) (2528 3548 -544 ) 
4 195 221 (3040 3072 -544 ) (2528 3072 -544 ) (2528 3072 -576 ) (3040 3072 -576 ) 
4 196 197 (2520 3548 -576 ) (2520 3492 -576 ) (2520 3492 -544 ) (2520 3548 -544 ) 
4 197 199 (2048 3456 -544 ) (2048 3584 -544 ) (2048 3584 -576 ) (2048 3456 -576 ) 
4 197 198 (2048 3456 -576 ) (2080 3456 -576 ) (2080 3456 -544 ) (2048 3456 -544 ) 
4 198 224 (2080 3072 -544 ) (2048 3072 -544 ) (2048 3072 -576 ) (2080 3072 -576 ) 
4 198 199 (2048 3072 -576 ) (2048 3072 -544 ) (2048 3456 -544 ) (2048 3456 -576 ) 
4 199 230 (2048 3072 -576 ) (2048 3072 -448 ) (1952 3072 -448 ) (1952 3072 -576 ) 
4 199 229 (2048 3072 -448 ) (2048 3072 -416 ) (1952 3072 -416 ) (1952 3072 -448 ) 
4 200 221 (2528 2816 -544 ) (2528 3072 -544 ) (3072 3072 -544 ) (3072 2816 -544 ) 
4 201 239 (2912 2048 -448 ) (2528 2048 -448 ) (2528 2048 -544 ) (2912 2048 -544 ) 
4 201 222 (2912 2048 -544 ) (2528 2048 -544 ) (2528 2176 -544 ) (2912 2176 -544 ) 
4 201 203 (2528 2176 -544 ) (2528 2048 -544 ) (2528 2048 -448 ) (2528 2176 -448 ) 
4 202 212 (2432 2208 -416 ) (2432 2208 -256 ) (2432 2464 -256 ) (2432 2464 -416 ) 
4 203 242 (2432 2048 -208 ) (2432 2048 -544 ) (2528 2048 -544 ) (2528 2048 -208 ) 
4 203 223 (2528 2048 -544 ) (2432 2048 -544 ) (2432 2176 -544 ) (2528 2176 -544 ) 
4 203 220 (2432 2176 -544 ) (2432 2048 -544 ) (2432 2048 -416 ) (2432 2176 -416 ) 
4 203 214 (2432 2048 -416 ) (2432 2048 -256 ) (2432 2176 -256 ) (2432 2176 -416 ) 
4 203 204 (2432 2048 -256 ) (2432 2048 -208 ) (2432 2176 -208 ) (2432 2176 -256 ) 
4 204 260 (2048 2048 -208 ) (2048 2048 -256 ) (2304 2048 -256 ) (2304 2048 -208 ) 
4 204 245 (2304 2048 -256 ) (2432 2048 -256 ) (2432 2048 -208 ) (2304 2048 -208 ) 
4 204 235 (2048 2048 -256 ) (2048 2048 -208 ) (2048 2176 -208 ) (2048 2176 -256 ) 
4 204 214 (2048 2048 -256 ) (2048 2176 -256 ) (2432 2176 -256 ) (2432 2048 -256 ) 
4 205 211 (2272 2496 -416 ) (2336 2496 -416 ) (2336 2496 -256 ) (2272 2496 -256 ) 
4 205 208 (2240 2624 -416 ) (2240 2496 -416 ) (2240 2496 -256 ) (2240 2624 -256 ) 
4 205 206 (2240 2928 -256 ) (2240 2928 -416 ) (2240 2784 -416 ) (2240 2784 -256 ) 
4 205 207 (2240 2752 -416 ) (2240 2656 -416 ) (2240 2656 -256 ) (2240 2752 -256 ) 
4 207 215 (2112 2656 -416 ) (2112 2752 -416 ) (2240 2752 -416 ) (2240 2656 -416 ) 
4 207 209 (2112 2752 -416 ) (2112 2656 -416 ) (2112 2656 -288 ) (2112 2752 -288 ) 
4 209 215 (2112 2752 -416 ) (2112 2656 -416 ) (2080 2656 -416 ) (2080 2752 -416 ) 
4 209 210 (2080 2752 -416 ) (2080 2656 -416 ) (2080 2656 -288 ) (2080 2752 -288 ) 
4 210 228 (2048 2960 -288 ) (2048 2960 -416 ) (2048 2496 -416 ) (2048 2496 -288 ) 
4 210 216 (2080 2960 -416 ) (2080 2496 -416 ) (2048 2496 -416 ) (2048 2960 -416 ) 
4 211 212 (2272 2464 -416 ) (2336 2464 -416 ) (2336 2464 -256 ) (2272 2464 -256 ) 
4 212 231 (2048 2208 -256 ) (2048 2464 -256 ) (2048 2464 -416 ) (2048 2208 -416 ) 
4 212 213 (2432 2208 -400 ) (2432 2208 -272 ) (2048 2208 -272 ) (2048 2208 -400 ) 
4 213 233 (2048 2208 -272 ) (2048 2208 -400 ) (2048 2176 -400 ) (2048 2176 -272 ) 
4 213 214 (2432 2176 -400 ) (2432 2176 -272 ) (2048 2176 -272 ) (2048 2176 -400 ) 
4 214 267 (2048 2048 -384 ) (2048 2048 -416 ) (2304 2048 -416 ) (2304 2048 -384 ) 
4 214 262 (2048 2048 -256 ) (2048 2048 -384 ) (2256 2048 -384 ) (2256 2048 -256 ) 
4 214 261 (2256 2048 -384 ) (2304 2048 -384 ) (2304 2048 -256 ) (2256 2048 -256 ) 
4 214 253 (2304 2048 -416 ) (2432 2048 -416 ) (2432 2048 -384 ) (2304 2048 -384 ) 
4 214 248 (2416 2048 -256 ) (2304 2048 -256 ) (2304 2048 -384 ) (2416 2048 -384 ) 
4 214 246 (2432 2048 -384 ) (2432 2048 -256 ) (2416 2048 -256 ) (2416 2048 -384 ) 
4 214 235 (2048 2048 -416 ) (2048 2048 -256 ) (2048 2176 -256 ) (2048 2176 -416 ) 
4 214 220 (2432 2176 -416 ) (2432 2048 -416 ) (2048 2048 -416 ) (2048 2176 -416 ) 
4 215 225 (2112 2656 -544 ) (2080 2656 -544 ) (2080 2752 -544 ) (2112 2752 -544 ) 
4 215 216 (2080 2752 -544 ) (2080 2656 -544 ) (2080 2656 -416 ) (2080 2752 -416 ) 
4 216 230 (2048 3072 -448 ) (2048 3072 -544 ) (2048 2496 -544 ) (2048 2496 -448 ) 
4 216 229 (2048 2496 -416 ) (2048 3072 -416 ) (2048 3072 -448 ) (2048 2496 -448 ) 
4 216 226 (2048 2496 -544 ) (2048 2656 -544 ) (2080 2656 -544 ) (2080 2496 -544 ) 
4 216 225 (2048 2656 -544 ) (2048 2752 -544 ) (2080 2752 -544 ) (2080 2656 -544 ) 
4 216 224 (2048 2752 -544 ) (2048 3072 -544 ) (2080 3072 -544 ) (2080 2752 -544 ) 
4 216 217 (2048 2496 -544 ) (2080 2496 -544 ) (2080 2496 -448 ) (2048 2496 -448 ) 
4 217 230 (2048 2496 -448 ) (2048 2496 -544 ) (2048 2464 -544 ) (2048 2464 -448 ) 
4 217 226 (2048 2464 -544 ) (2048 2496 -544 ) (2080 2496 -544 ) (2080 2464 -544 ) 
4 217 218 (2048 2464 -544 ) (2080 2464 -544 ) (2080 2464 -448 ) (2048 2464 -448 ) 
4 218 232 (2048 2464 -448 ) (2048 2464 -544 ) (2048 2208 -544 ) (2048 2208 -448 ) 
4 218 227 (2048 2208 -544 ) (2048 2464 -544 ) (2432 2464 -544 ) (2432 2208 -544 ) 
4 218 219 (2048 2208 -544 ) (2432 2208 -544 ) (2432 2208 -448 ) (2048 2208 -448 ) 
4 219 234 (2048 2208 -448 ) (2048 2208 -544 ) (2048 2176 -544 ) (2048 2176 -448 ) 
4 219 227 (2048 2176 -544 ) (2048 2208 -544 ) (2432 2208 -544 ) (2432 2176 -544 ) 
4 219 220 (2048 2176 -544 ) (2432 2176 -544 ) (2432 2176 -448 ) (2048 2176 -448 ) 
4 220 268 (2048 2048 -416 ) (2048 2048 -544 ) (2304 2048 -544 ) (2304 2048 -416 ) 
4 220 254 (2304 2048 -544 ) (2432 2048 -544 ) (2432 2048 -416 ) (2304 2048 -416 ) 
4 220 235 (2048 2048 -544 ) (2048 2048 -416 ) (2048 2176 -416 ) (2048 2176 -544 ) 
4 220 227 (2432 2048 -544 ) (2048 2048 -544 ) (2048 2176 -544 ) (2432 2176 -544 ) 
4 222 239 (2912 2048 -544 ) (2528 2048 -544 ) (2528 2048 -576 ) (2912 2048 -576 ) 
4 222 223 (2528 2176 -576 ) (2528 2048 -576 ) (2528 2048 -544 ) (2528 2176 -544 ) 
4 223 242 (2528 2048 -544 ) (2432 2048 -544 ) (2432 2048 -576 ) (2528 2048 -576 ) 
4 223 227 (2432 2176 -576 ) (2432 2048 -576 ) (2432 2048 -544 ) (2432 2176 -544 ) 
4 224 230 (2048 2752 -544 ) (2048 3072 -544 ) (2048 3072 -576 ) (2048 2752 -576 ) 
4 224 225 (2048 2752 -576 ) (2080 2752 -576 ) (2080 2752 -544 ) (2048 2752 -544 ) 
4 225 230 (2048 2656 -544 ) (2048 2752 -544 ) (2048 2752 -576 ) (2048 2656 -576 ) 
4 225 226 (2048 2656 -576 ) (2080 2656 -576 ) (2080 2656 -544 ) (2048 2656 -544 ) 
4 226 230 (2048 2464 -544 ) (2048 2656 -544 ) (2048 2656 -576 ) (2048 2464 -576 ) 
4 226 227 (2048 2464 -576 ) (2080 2464 -576 ) (2080 2464 -544 ) (2048 2464 -544 ) 
4 227 268 (2304 2048 -544 ) (2048 2048 -544 ) (2048 2048 -576 ) (2304 2048 -576 ) 
4 227 254 (2432 2048 -544 ) (2304 2048 -544 ) (2304 2048 -576 ) (2432 2048 -576 ) 
4 227 235 (2048 2048 -576 ) (2048 2048 -544 ) (2048 2176 -544 ) (2048 2176 -576 ) 
4 227 234 (2048 2176 -544 ) (2048 2208 -544 ) (2048 2208 -576 ) (2048 2176 -576 ) 
4 227 232 (2048 2208 -544 ) (2048 2464 -544 ) (2048 2464 -576 ) (2048 2208 -576 ) 
4 228 229 (1952 2960 -416 ) (2048 2960 -416 ) (2048 2496 -416 ) (1952 2496 -416 ) 
4 229 230 (1952 2496 -448 ) (1952 3072 -448 ) (2048 3072 -448 ) (2048 2496 -448 ) 
4 230 232 (2048 2464 -576 ) (2048 2464 -448 ) (1952 2464 -448 ) (1952 2464 -576 ) 
4 231 233 (1696 2208 -272 ) (1696 2208 -400 ) (2048 2208 -400 ) (2048 2208 -272 ) 
4 232 234 (1696 2208 -448 ) (1696 2208 -576 ) (2048 2208 -576 ) (2048 2208 -448 ) 
4 233 235 (2048 2176 -400 ) (2048 2176 -272 ) (1696 2176 -272 ) (1696 2176 -400 ) 
4 234 235 (2048 2176 -576 ) (2048 2176 -448 ) (1696 2176 -448 ) (1696 2176 -576 ) 
4 235 295 (2048 2048 -576 ) (2048 2048 -416 ) (1600 2048 -416 ) (1600 2048 -576 ) 
4 235 294 (1664 2048 -384 ) (1600 2048 -384 ) (1600 2048 -416 ) (1664 2048 -416 ) 
4 235 293 (1792 2048 -384 ) (1664 2048 -384 ) (1664 2048 -416 ) (1792 2048 -416 ) 
4 235 292 (2048 2048 -416 ) (2048 2048 -384 ) (1792 2048 -384 ) (1792 2048 -416 ) 
4 235 286 (1664 2048 -208 ) (1600 2048 -208 ) (1600 2048 -384 ) (1664 2048 -384 ) 
4 235 281 (1680 2048 -256 ) (1664 2048 -256 ) (1664 2048 -384 ) (1680 2048 -384 ) 
4 235 279 (1792 2048 -256 ) (1680 2048 -256 ) (1680 2048 -384 ) (1792 2048 -384 ) 
4 235 275 (1840 2048 -256 ) (1792 2048 -256 ) (1792 2048 -384 ) (1840 2048 -384 ) 
4 235 273 (2048 2048 -384 ) (2048 2048 -256 ) (1840 2048 -256 ) (1840 2048 -384 ) 
4 235 271 (2048 2048 -256 ) (2048 2048 -208 ) (1664 2048 -208 ) (1664 2048 -256 ) 
4 236 237 (3008 1072 -576 ) (3072 1072 -576 ) (3072 1072 -416 ) (3008 1072 -416 ) 
4 237 318 (3072 1024 -576 ) (3072 1024 -480 ) (3008 1024 -480 ) (3008 1024 -576 ) 
4 237 307 (3072 1024 -480 ) (3072 1024 -416 ) (3008 1024 -416 ) (3008 1024 -480 ) 
4 237 238 (3008 1072 -432 ) (3008 1072 -528 ) (3008 1024 -528 ) (3008 1024 -432 ) 
4 238 319 (2912 1024 -480 ) (2912 1024 -528 ) (3008 1024 -528 ) (3008 1024 -480 ) 
4 238 308 (2912 1024 -432 ) (2912 1024 -480 ) (3008 1024 -480 ) (3008 1024 -432 ) 
4 238 243 (2912 1024 -528 ) (2912 1024 -432 ) (2912 1072 -432 ) (2912 1072 -528 ) 
4 239 242 (2528 2048 -576 ) (2528 1760 -576 ) (2528 1760 -448 ) (2528 2048 -448 ) 
4 239 240 (2688 1760 -576 ) (2912 1760 -576 ) (2912 1760 -448 ) (2688 1760 -448 ) 
4 240 241 (2912 1664 -576 ) (2912 1664 -448 ) (2688 1664 -448 ) (2688 1664 -576 ) 
4 241 243 (2688 1248 -576 ) (2912 1248 -576 ) (2912 1248 -416 ) (2688 1248 -416 ) 
4 242 254 (2432 2048 -416 ) (2432 2048 -576 ) (2432 1568 -576 ) (2432 1568 -416 ) 
4 242 253 (2432 2048 -384 ) (2432 2048 -416 ) (2432 1728 -416 ) (2432 1728 -384 ) 
4 242 249 (2432 1584 -368 ) (2432 1584 -272 ) (2432 1696 -272 ) (2432 1696 -368 ) 
4 242 246 (2432 2048 -256 ) (2432 2048 -384 ) (2432 1728 -384 ) (2432 1728 -256 ) 
4 242 245 (2432 2048 -208 ) (2432 2048 -256 ) (2432 1728 -256 ) (2432 1728 -208 ) 
4 243 321 (2432 1024 -480 ) (2432 1024 -576 ) (2608 1024 -576 ) (2608 1024 -480 ) 
4 243 320 (2608 1024 -576 ) (2912 1024 -576 ) (2912 1024 -480 ) (2608 1024 -480 ) 
4 243 309 (2432 1024 -416 ) (2432 1024 -480 ) (2912 1024 -480 ) (2912 1024 -416 ) 
4 243 257 (2432 1024 -576 ) (2432 1024 -416 ) (2432 1216 -416 ) (2432 1216 -576 ) 
4 243 244 (2608 1024 -576 ) (2432 1024 -576 ) (2432 1248 -576 ) (2608 1248 -576 ) 
4 244 321 (2608 1024 -576 ) (2432 1024 -576 ) (2432 1024 -704 ) (2608 1024 -704 ) 
4 244 256 (2432 1216 -576 ) (2432 1328 -576 ) (2432 1328 -704 ) (2432 1216 -704 ) 
4 244 257 (2432 1024 -704 ) (2432 1024 -576 ) (2432 1216 -576 ) (2432 1216 -704 ) 
4 245 260 (2304 2048 -208 ) (2304 2048 -256 ) (2304 1856 -256 ) (2304 1856 -208 ) 
4 245 248 (2304 1856 -256 ) (2304 2048 -256 ) (2416 2048 -256 ) (2416 1744 -256 ) 
4 245 246 (2416 2048 -256 ) (2432 2048 -256 ) (2432 1728 -256 ) (2416 1744 -256 ) 
4 246 253 (2416 2048 -384 ) (2432 2048 -384 ) (2432 1728 -384 ) (2416 1744 -384 ) 
4 246 248 (2416 2048 -384 ) (2416 1744 -384 ) (2416 1744 -256 ) (2416 2048 -256 ) 
4 247 264 (2304 1840 -384 ) (2304 1696 -384 ) (2304 1696 -256 ) (2304 1840 -256 ) 
4 247 250 (2304 1696 -384 ) (2416 1696 -384 ) (2416 1696 -256 ) (2304 1696 -256 ) 
4 248 261 (2304 2048 -256 ) (2304 2048 -384 ) (2304 1856 -384 ) (2304 1856 -256 ) 
4 248 253 (2304 1856 -384 ) (2304 2048 -384 ) (2416 2048 -384 ) (2416 1744 -384 ) 
4 249 250 (2416 1696 -272 ) (2416 1696 -368 ) (2416 1584 -368 ) (2416 1584 -272 ) 
4 250 264 (2304 1696 -384 ) (2304 1584 -384 ) (2304 1584 -256 ) (2304 1696 -256 ) 
4 250 252 (2304 1584 -384 ) (2416 1584 -384 ) (2416 1584 -256 ) (2304 1584 -256 ) 
4 251 304 (2432 1024 -384 ) (2432 1024 -256 ) (2416 1024 -256 ) (2416 1024 -384 ) 
4 251 252 (2416 1520 -384 ) (2416 1024 -384 ) (2416 1024 -256 ) (2416 1520 -256 ) 
4 252 304 (2416 1024 -256 ) (2304 1024 -256 ) (2304 1024 -384 ) (2416 1024 -384 ) 
4 252 266 (2304 1216 -384 ) (2304 1088 -384 ) (2304 1088 -256 ) (2304 1216 -256 ) 
4 252 265 (2304 1520 -384 ) (2304 1392 -384 ) (2304 1392 -256 ) (2304 1520 -256 ) 
4 252 264 (2304 1584 -384 ) (2304 1568 -384 ) (2304 1568 -256 ) (2304 1584 -256 ) 
4 253 267 (2304 2048 -384 ) (2304 2048 -416 ) (2304 1856 -416 ) (2304 1856 -384 ) 
4 253 254 (2304 1856 -416 ) (2304 2048 -416 ) (2432 2048 -416 ) (2432 1728 -416 ) 
4 254 268 (2304 2048 -416 ) (2304 2048 -576 ) (2304 1568 -576 ) (2304 1568 -416 ) 
4 255 269 (2304 1328 -576 ) (2304 1328 -416 ) (2304 1392 -416 ) (2304 1392 -576 ) 
4 255 268 (2304 1392 -416 ) (2304 1472 -416 ) (2304 1472 -576 ) (2304 1392 -576 ) 
4 255 258 (2352 1328 -416 ) (2304 1328 -416 ) (2304 1328 -576 ) (2352 1328 -576 ) 
4 256 257 (2352 1216 -704 ) (2432 1216 -704 ) (2432 1216 -576 ) (2352 1216 -576 ) 
4 257 321 (2432 1024 -704 ) (2432 1024 -480 ) (2352 1024 -480 ) (2352 1024 -704 ) 
4 257 310 (2368 1024 -416 ) (2352 1024 -416 ) (2352 1024 -480 ) (2368 1024 -480 ) 
4 257 309 (2432 1024 -480 ) (2432 1024 -416 ) (2368 1024 -416 ) (2368 1024 -480 ) 
4 257 259 (2352 1216 -704 ) (2352 1024 -704 ) (2352 1024 -416 ) (2352 1216 -416 ) 
4 258 269 (2304 1216 -576 ) (2304 1216 -416 ) (2304 1328 -416 ) (2304 1328 -576 ) 
4 258 259 (2352 1216 -576 ) (2352 1216 -416 ) (2304 1216 -416 ) (2304 1216 -576 ) 
4 259 321 (2352 1024 -704 ) (2352 1024 -480 ) (2304 1024 -480 ) (2304 1024 -694.400024 ) 
4 259 310 (2352 1024 -480 ) (2352 1024 -416 ) (2304 1024 -416 ) (2304 1024 -480 ) 
4 259 270 (2304 1024 -694.399963 ) (2304 1024 -416 ) (2304 1216 -416 ) (2304 1216 -694.400024 ) 
4 260 271 (2048 2048 -208 ) (2048 2048 -256 ) (2048 1856 -256 ) (2048 1856 -208 ) 
4 260 262 (2048 1856 -256 ) (2048 2048 -256 ) (2256 2048 -256 ) (2256 1856 -256 ) 
4 260 261 (2256 2048 -256 ) (2304 2048 -256 ) (2304 1856 -256 ) (2256 1856 -256 ) 
4 261 267 (2256 2048 -384 ) (2304 2048 -384 ) (2304 1856 -384 ) (2256 1856 -384 ) 
4 261 262 (2256 2048 -384 ) (2256 1856 -384 ) (2256 1856 -256 ) (2256 2048 -256 ) 
4 262 273 (2048 2048 -256 ) (2048 2048 -384 ) (2048 1856 -384 ) (2048 1856 -256 ) 
4 262 267 (2048 2048 -384 ) (2256 2048 -384 ) (2256 1856 -384 ) (2048 1856 -384 ) 
4 262 263 (2256 1856 -368 ) (2256 1856 -272 ) (2048 1856 -272 ) (2048 1856 -368 ) 
4 263 274 (2048 1840 -368 ) (2048 1840 -272 ) (2048 1856 -272 ) (2048 1856 -368 ) 
4 263 264 (2256 1840 -368 ) (2256 1840 -272 ) (2048 1840 -272 ) (2048 1840 -368 ) 
4 264 276 (2048 1840 -384 ) (2048 1568 -384 ) (2048 1568 -256 ) (2048 1840 -256 ) 
4 265 277 (2048 1520 -384 ) (2048 1392 -384 ) (2048 1392 -256 ) (2048 1520 -256 ) 
4 266 278 (2048 1216 -384 ) (2048 1088 -384 ) (2048 1088 -256 ) (2048 1216 -256 ) 
4 267 292 (2048 2048 -384 ) (2048 2048 -416 ) (2048 1856 -416 ) (2048 1856 -384 ) 
4 267 268 (2048 1856 -416 ) (2048 2048 -416 ) (2304 2048 -416 ) (2304 1856 -416 ) 
4 268 296 (2048 1568 -576 ) (2048 1392 -576 ) (2048 1392 -416 ) (2048 1568 -416 ) 
4 268 295 (2048 2048 -416 ) (2048 2048 -576 ) (2048 1568 -576 ) (2048 1568 -416 ) 
4 268 269 (2304 1392 -576 ) (2304 1392 -416 ) (2192 1392 -416 ) (2192 1392 -576 ) 
4 269 270 (2304 1216 -576 ) (2304 1216 -416 ) (2192 1216 -416 ) (2192 1216 -576 ) 
4 270 328 (2304 1024 -694.399963 ) (2304 1024 -512 ) (2048 1024 -512 ) (2048 1024 -643.200012 ) 
4 270 323 (2304 1024 -512 ) (2304 1024 -480 ) (2048 1024 -480 ) (2048 1024 -512 ) 
4 270 313 (2304 1024 -480 ) (2304 1024 -416 ) (2048 1024 -416 ) (2048 1024 -480 ) 
4 270 299 (2048 1024 -643.199951 ) (2048 1024 -416 ) (2048 1216 -416 ) (2048 1216 -643.200012 ) 
4 271 286 (1664 2048 -208 ) (1664 2048 -256 ) (1664 1856 -256 ) (1664 1856 -208 ) 
4 271 281 (1664 1856 -256 ) (1664 2048 -256 ) (1680 2048 -256 ) (1680 1856 -256 ) 
4 271 279 (1680 2048 -256 ) (1792 2048 -256 ) (1792 1856 -256 ) (1680 1856 -256 ) 
4 271 275 (1792 2048 -256 ) (1840 2048 -256 ) (1840 1856 -256 ) (1792 1856 -256 ) 
4 271 273 (1840 2048 -256 ) (2048 2048 -256 ) (2048 1856 -256 ) (1840 1856 -256 ) 
4 271 272 (1664 1856 -256 ) (1792 1856 -256 ) (1792 1856 -208 ) (1664 1856 -208 ) 
4 272 286 (1664 1856 -256 ) (1664 1728 -256 ) (1664 1728 -208 ) (1664 1856 -208 ) 
4 272 281 (1664 1728 -256 ) (1664 1856 -256 ) (1680 1856 -256 ) (1680 1744 -256 ) 
3 272 279 (1680 1856 -256 ) (1792 1856 -256 ) (1680 1744 -256 ) 
4 273 292 (1840 2048 -384 ) (2048 2048 -384 ) (2048 1856 -384 ) (1840 1856 -384 ) 
4 273 275 (1840 2048 -384 ) (1840 1856 -384 ) (1840 1856 -256 ) (1840 2048 -256 ) 
4 273 274 (1840 1856 -272 ) (1840 1856 -368 ) (2048 1856 -368 ) (2048 1856 -272 ) 
4 274 276 (2048 1840 -368 ) (2048 1840 -272 ) (1840 1840 -272 ) (1840 1840 -368 ) 
4 275 292 (1792 2048 -384 ) (1840 2048 -384 ) (1840 1856 -384 ) (1792 1856 -384 ) 
4 275 279 (1792 2048 -384 ) (1792 1856 -384 ) (1792 1856 -256 ) (1792 2048 -256 ) 
4 276 284 (1792 1584 -384 ) (1792 1568 -384 ) (1792 1568 -256 ) (1792 1584 -256 ) 
4 276 282 (1792 1696 -384 ) (1792 1584 -384 ) (1792 1584 -256 ) (1792 1696 -256 ) 
4 276 280 (1792 1840 -384 ) (1792 1696 -384 ) (1792 1696 -256 ) (1792 1840 -256 ) 
4 277 284 (1792 1520 -384 ) (1792 1392 -384 ) (1792 1392 -256 ) (1792 1520 -256 ) 
4 278 284 (1792 1216 -384 ) (1792 1088 -384 ) (1792 1088 -256 ) (1792 1216 -256 ) 
4 279 293 (1680 2048 -384 ) (1792 2048 -384 ) (1792 1856 -384 ) (1680 1744 -384 ) 
4 279 281 (1680 2048 -384 ) (1680 1744 -384 ) (1680 1744 -256 ) (1680 2048 -256 ) 
4 280 282 (1792 1696 -384 ) (1792 1696 -256 ) (1680 1696 -256 ) (1680 1696 -384 ) 
4 281 293 (1664 2048 -384 ) (1680 2048 -384 ) (1680 1744 -384 ) (1664 1728 -384 ) 
4 281 286 (1664 2048 -256 ) (1664 2048 -384 ) (1664 1728 -384 ) (1664 1728 -256 ) 
4 282 284 (1792 1584 -384 ) (1792 1584 -256 ) (1680 1584 -256 ) (1680 1584 -384 ) 
4 282 283 (1680 1696 -272 ) (1680 1696 -368 ) (1680 1584 -368 ) (1680 1584 -272 ) 
4 283 291 (1664 1584 -368 ) (1664 1584 -272 ) (1664 1696 -272 ) (1664 1696 -368 ) 
4 284 342 (1792 1024 -256 ) (1680 1024 -256 ) (1680 1024 -384 ) (1792 1024 -384 ) 
4 284 285 (1680 1520 -384 ) (1680 1024 -384 ) (1680 1024 -256 ) (1680 1520 -256 ) 
4 285 342 (1680 1024 -256 ) (1664 1024 -256 ) (1664 1024 -384 ) (1680 1024 -384 ) 
4 286 294 (1600 2048 -384 ) (1664 2048 -384 ) (1664 1696 -384 ) (1600 1696 -384 ) 
4 286 291 (1600 1696 -384 ) (1664 1696 -384 ) (1664 1696 -208 ) (1600 1696 -208 ) 
4 286 290 (1600 1760 -384 ) (1600 1696 -384 ) (1600 1696 -280 ) (1600 1760 -280 ) 
4 286 288 (1600 2048 -280 ) (1600 2048 -384 ) (1600 1984 -384 ) (1600 1984 -280 ) 
4 287 290 (1312 1696 -280 ) (1056 1696 -280 ) (1056 1760 -280 ) (1312 1760 -280 ) 
4 287 289 (1056 1760 -280 ) (1056 1984 -280 ) (1312 1984 -280 ) (1312 1760 -280 ) 
4 287 288 (1056 1984 -280 ) (1056 2048 -280 ) (1312 2048 -280 ) (1312 1984 -280 ) 
4 288 289 (1056 1984 -384 ) (1312 1984 -384 ) (1312 1984 -280 ) (1056 1984 -280 ) 
4 289 290 (1056 1760 -384 ) (1312 1760 -384 ) (1312 1760 -280 ) (1056 1760 -280 ) 
4 291 294 (1600 1696 -384 ) (1664 1696 -384 ) (1664 1568 -384 ) (1600 1568 -384 ) 
4 292 295 (1792 1856 -416 ) (1792 2048 -416 ) (2048 2048 -416 ) (2048 1856 -416 ) 
4 292 293 (1792 2048 -416 ) (1792 1856 -416 ) (1792 1856 -384 ) (1792 2048 -384 ) 
4 293 295 (1664 1728 -416 ) (1664 2048 -416 ) (1792 2048 -416 ) (1792 1856 -416 ) 
4 293 294 (1664 2048 -416 ) (1664 1728 -416 ) (1664 1728 -384 ) (1664 2048 -384 ) 
4 294 295 (1600 2048 -416 ) (1664 2048 -416 ) (1664 1568 -416 ) (1600 1568 -416 ) 
4 295 297 (2032 1568 -416 ) (1792 1568 -416 ) (1792 1568 -576 ) (2032 1568 -576 ) 
4 295 296 (2048 1568 -576 ) (2048 1568 -416 ) (2032 1568 -416 ) (2032 1568 -576 ) 
4 296 297 (2032 1568 -416 ) (2032 1568 -576 ) (2032 1392 -576 ) (2032 1392 -416 ) 
4 297 301 (1792 1472 -576 ) (1792 1216 -576 ) (1792 1216 -416 ) (1792 1472 -416 ) 
4 297 299 (1792 1216 -416 ) (1792 1216 -576 ) (2032 1216 -576 ) (2032 1216 -416 ) 
4 297 298 (2032 1472 -576 ) (2032 1216 -576 ) (1792 1216 -576 ) (1792 1472 -576 ) 
3 298 303 (1792 1216 -624 ) (1792 1216 -576 ) (1792 1472 -576 ) 
3 298 300 (1792 1216 -592 ) (1792 1216 -624 ) (2032 1216 -640 ) 
4 298 299 (1792 1216 -576 ) (1792 1216 -592 ) (2032 1216 -640 ) (2032 1216 -576 ) 
4 299 352 (2048 1024 -643.199951 ) (2048 1024 -480 ) (1792 1024 -480 ) (1792 1024 -592 ) 
4 299 347 (2048 1024 -480 ) (2048 1024 -416 ) (1792 1024 -416 ) (1792 1024 -480 ) 
4 299 300 (2032.004517 1024 -640 ) (1792 1024 -592 ) (1792 1216 -592 ) (2032.007446 1216 -640 ) 
4 300 353 (2032 1024 -640 ) (1792 1024 -592 ) (1792 1024 -635.294128 ) (1862.588135 1024 -640 ) 
3 301 303 (1792 1472 -576 ) (1792 1216 -576 ) (1664.001221 1216 -576 ) 
4 301 302 (1456 1472 -576 ) (1456 1216 -576 ) (1456 1216 -416 ) (1456 1472 -416 ) 
4 304 312 (2304 784 -256 ) (2304 880 -256 ) (2304 880 -384 ) (2304 784 -384 ) 
4 305 314 (2304 512 -256 ) (2304 624 -256 ) (2304 624 -416 ) (2304 512 -416 ) 
4 305 311 (2304 512 -416 ) (2304 624 -416 ) (2368 624 -416 ) (2368 512 -416 ) 
4 306 361 (2368 0 -256 ) (2304 0 -256 ) (2304 0 -416 ) (2368 0 -416 ) 
4 306 314 (2304 0 -416 ) (2304 0 -256 ) (2304 432 -256 ) (2304 432 -416 ) 
4 307 318 (3008 1024 -480 ) (3072 1024 -480 ) (3072 944 -480 ) (3008 944 -480 ) 
4 307 308 (3008 1024 -480 ) (3008 944 -480 ) (3008 944 -432 ) (3008 1024 -432 ) 
4 308 319 (2912 1024 -480 ) (3008 1024 -480 ) (3008 944 -480 ) (2912 944 -480 ) 
4 308 309 (2912 1024 -480 ) (2912 944 -480 ) (2912 944 -432 ) (2912 1024 -432 ) 
4 309 321 (2368 944 -480 ) (2368 1024 -480 ) (2608 1024 -480 ) (2608 944 -480 ) 
4 309 320 (2608 1024 -480 ) (2912 1024 -480 ) (2912 944 -480 ) (2608 944 -480 ) 
4 309 310 (2368 1024 -480 ) (2368 944 -480 ) (2368 944 -416 ) (2368 1024 -416 ) 
4 310 321 (2304 944 -480 ) (2304 1024 -480 ) (2368 1024 -480 ) (2368 944 -480 ) 
4 310 313 (2304 1024 -480 ) (2304 944 -480 ) (2304 944 -416 ) (2304 1024 -416 ) 
4 311 322 (2304 512 -480 ) (2304 624 -480 ) (2368 624 -480 ) (2368 512 -480 ) 
4 311 314 (2304 624 -480 ) (2304 512 -480 ) (2304 512 -416 ) (2304 624 -416 ) 
4 312 337 (2048 752 -256 ) (2048 880 -256 ) (2048 880 -384 ) (2048 752 -384 ) 
4 312 314 (2304 752 -384 ) (2304 752 -256 ) (2176 752 -256 ) (2176 752 -384 ) 
4 313 347 (2048 1024 -416 ) (2048 1024 -480 ) (2048 944 -480 ) (2048 944 -416 ) 
4 313 323 (2048 944 -480 ) (2048 1024 -480 ) (2304 1024 -480 ) (2304 944 -480 ) 
4 314 362 (2176 0 -480 ) (2304 0 -480 ) (2304 0 -256 ) (2176 0 -256 ) 
4 314 327 (2304 0 -480 ) (2176 0 -480 ) (2176 432 -480 ) (2304 432 -480 ) 
4 314 326 (2176 432 -480 ) (2176 624 -480 ) (2304 624 -480 ) (2304 432 -480 ) 
4 314 325 (2176 624 -480 ) (2176 656 -480 ) (2304 656 -480 ) (2304 624 -480 ) 
4 314 324 (2176 656 -480 ) (2176 672 -480 ) (2304 672 -480 ) (2304 656 -480 ) 
4 314 317 (2176 432 -480 ) (2176 0 -480 ) (2176 0 -416 ) (2176 432 -416 ) 
4 314 316 (2176 624 -480 ) (2176 432 -480 ) (2176 432 -416 ) (2176 624 -416 ) 
4 314 315 (2176 624 -416 ) (2176 0 -416 ) (2176 0 -256 ) (2176 624 -256 ) 
4 315 363 (2048 0 -256 ) (2048 0 -416 ) (2112 0 -416 ) (2112 0 -256 ) 
4 315 362 (2112 0 -416 ) (2176 0 -416 ) (2176 0 -256 ) (2112 0 -256 ) 
4 315 341 (2048 128 -256 ) (2048 256 -256 ) (2048 256 -416 ) (2048 128 -416 ) 
4 315 338 (2048 368 -256 ) (2048 624 -256 ) (2048 624 -416 ) (2048 368 -416 ) 
4 315 317 (2112 432 -416 ) (2176 432 -416 ) (2176 0 -416 ) (2112 0 -416 ) 
4 315 316 (2048 432 -416 ) (2048 624 -416 ) (2176 624 -416 ) (2176 432 -416 ) 
4 316 348 (2048 432 -416 ) (2048 624 -416 ) (2048 624 -480 ) (2048 432 -480 ) 
4 316 326 (2048 432 -480 ) (2048 624 -480 ) (2176 624 -480 ) (2176 432 -480 ) 
4 316 317 (2112 432 -480 ) (2176 432 -480 ) (2176 432 -416 ) (2112 432 -416 ) 
4 317 362 (2112 0 -480 ) (2176 0 -480 ) (2176 0 -416 ) (2112 0 -416 ) 
4 317 327 (2176 0 -480 ) (2112 0 -480 ) (2112 432 -480 ) (2176 432 -480 ) 
4 318 319 (3008 944 -528 ) (3008 944 -480 ) (3008 1024 -480 ) (3008 1024 -528 ) 
4 319 320 (2912 944 -528 ) (2912 944 -480 ) (2912 1024 -480 ) (2912 1024 -528 ) 
4 320 321 (2608 944 -576 ) (2608 944 -480 ) (2608 1024 -480 ) (2608 1024 -576 ) 
4 321 328 (2304 944 -694.400024 ) (2304 944 -512 ) (2304 1024 -512 ) (2304 1024 -694.400024 ) 
4 321 323 (2304 944 -512 ) (2304 944 -480 ) (2304 1024 -480 ) (2304 1024 -512 ) 
4 322 326 (2304 512 -480 ) (2304 624 -480 ) (2304 624 -512 ) (2304 512 -512 ) 
4 323 352 (2048 944 -480 ) (2048 1024 -480 ) (2048 1024 -512 ) (2048 944 -512 ) 
4 323 328 (2048 1024 -512 ) (2304 1024 -512 ) (2304 944 -512 ) (2048 944 -512 ) 
4 324 325 (2176 656 -480 ) (2176 656 -495.997986 ) (2304 656 -495.997986 ) (2304 656 -480 ) 
4 325 326 (2176 624 -512 ) (2304 624 -512 ) (2304 624 -480 ) (2176 624 -480 ) 
4 326 356 (2048 432 -480 ) (2048 624 -480 ) (2048 624 -512 ) (2048 432 -512 ) 
4 326 327 (2112 432 -512 ) (2304 432 -512 ) (2304 432 -480 ) (2112 432 -480 ) 
4 327 368 (2304 0 -512 ) (2304 0 -480 ) (2112 0 -480 ) (2112 0 -512 ) 
4 328 352 (2048 944 -643.200012 ) (2048 944 -512 ) (2048 1024 -512 ) (2048 1024 -643.199951 ) 
4 329 390 (1024 80 128 ) (1024 0 128 ) (1024 0 208 ) (1024 80 208 ) 
4 329 372 (1024 0 208 ) (1024 0 128 ) (1104 0 128 ) (1104 0 208 ) 
4 329 335 (1104 0 128 ) (1024 0 128 ) (1024 80 128 ) (1104 80 128 ) 
4 330 331 (1104 656 128 ) (1104 656 -32 ) (1104 512 -32 ) (1104 512 128 ) 
4 331 392 (1024 512 -32 ) (1024 256 -32 ) (1024 256 128 ) (1024 512 128 ) 
4 331 391 (1024 656 -32 ) (1024 512 -32 ) (1024 512 128 ) (1024 656 128 ) 
4 331 332 (1024 256 -32 ) (1104 256 -32 ) (1104 256 128 ) (1024 256 128 ) 
4 332 394 (1024 256 -32 ) (1024 128 -32 ) (1024 128 128 ) (1024 256 128 ) 
4 332 336 (1664 256 -32 ) (2048 256 -32 ) (2048 128 -32 ) (1664 128 -32 ) 
4 332 334 (1104 128 -32 ) (1152 128 -32 ) (1152 128 128 ) (1104 128 128 ) 
4 332 335 (1024 128 -32 ) (1104 128 -32 ) (1104 128 128 ) (1024 128 128 ) 
4 332 333 (1456 128 -32 ) (1584 128 -32 ) (1584 128 128 ) (1456 128 128 ) 
4 333 373 (1456 0 -32 ) (1584 0 -32 ) (1584 0 128 ) (1456 0 128 ) 
4 334 335 (1104 128 128 ) (1104 128 -32 ) (1104 80 -32 ) (1104 80 128 ) 
4 335 394 (1024 128 -32 ) (1024 0 -32 ) (1024 0 128 ) (1024 128 128 ) 
4 335 374 (1024 0 128 ) (1024 0 -32 ) (1104 0 -32 ) (1104 0 128 ) 
4 336 341 (1872 256 -256 ) (2048 256 -256 ) (2048 128 -256 ) (1872 128 -256 ) 
4 337 342 (1792 784 -256 ) (1792 880 -256 ) (1792 880 -384 ) (1792 784 -384 ) 
4 337 340 (1792 752 -256 ) (1792 752 -384 ) (1920 752 -384 ) (1920 752 -256 ) 
4 338 348 (2048 624 -416 ) (2048 432 -416 ) (2032 432 -416 ) (2032 624 -416 ) 
4 338 339 (2032 624 -256 ) (2032 624 -416 ) (2032 368 -416 ) (2032 368 -256 ) 
4 339 348 (1920 432 -416 ) (1920 624 -416 ) (2032 624 -416 ) (2032 432 -416 ) 
4 339 340 (1920 624 -416 ) (1920 320 -416 ) (1920 320 -256 ) (1920 624 -256 ) 
4 340 349 (1792 432 -416 ) (1792 736 -416 ) (1920 736 -416 ) (1920 432 -416 ) 
4 340 344 (1792 624 -416 ) (1792 368 -416 ) (1792 368 -256 ) (1792 624 -256 ) 
4 343 345 (1664 688 -416 ) (1664 624 -416 ) (1664 624 -256 ) (1664 688 -256 ) 
4 343 344 (1664 624 -256 ) (1664 624 -416 ) (1712 624 -416 ) (1712 624 -256 ) 
4 344 350 (1664 432 -416 ) (1664 624 -416 ) (1792 624 -416 ) (1792 432 -416 ) 
4 344 345 (1664 624 -416 ) (1664 368 -416 ) (1664 368 -256 ) (1664 624 -256 ) 
4 345 404 (1024 688 -416 ) (1024 624 -416 ) (1024 624 -256 ) (1024 688 -256 ) 
4 345 405 (1024 624 -416 ) (1024 368 -416 ) (1024 368 -256 ) (1024 624 -256 ) 
4 345 351 (1024 368 -416 ) (1024 432 -416 ) (1152 432 -416 ) (1152 368 -416 ) 
4 345 350 (1024 432 -416 ) (1024 624 -416 ) (1664 624 -416 ) (1664 432 -416 ) 
4 345 346 (1024 368 -416 ) (1216 368 -416 ) (1216 368 -256 ) (1024 368 -256 ) 
4 346 405 (1024 368 -416 ) (1024 0 -416 ) (1024 0 -256 ) (1024 368 -256 ) 
4 346 377 (1024 0 -256 ) (1024 0 -416 ) (1216 0 -416 ) (1216 0 -256 ) 
4 346 351 (1152 0 -416 ) (1024 0 -416 ) (1024 368 -416 ) (1152 368 -416 ) 
4 347 352 (2048 1024 -480 ) (2048 944 -480 ) (1792 944 -480 ) (1792 1024 -480 ) 
4 348 356 (2048 624 -480 ) (2048 432 -480 ) (1920 432 -480 ) (1920 624 -480 ) 
4 348 349 (1920 624 -480 ) (1920 432 -480 ) (1920 432 -416 ) (1920 624 -416 ) 
4 349 356 (1792 432 -480 ) (1792 624 -480 ) (1920 624 -480 ) (1920 432 -480 ) 
4 349 355 (1792 624 -480 ) (1792 656 -480 ) (1920 656 -480 ) (1920 624 -480 ) 
4 349 354 (1792 656 -480 ) (1792 672 -480 ) (1920 672 -480 ) (1920 656 -480 ) 
4 349 350 (1792 624 -480 ) (1792 432 -480 ) (1792 432 -416 ) (1792 624 -416 ) 
4 350 405 (1024 624 -480 ) (1024 432 -480 ) (1024 432 -416 ) (1024 624 -416 ) 
4 350 358 (1024 432 -480 ) (1024 624 -480 ) (1152 624 -480 ) (1152 432 -480 ) 
4 350 357 (1152 624 -480 ) (1792 624 -480 ) (1792 432 -480 ) (1152 432 -480 ) 
4 350 351 (1024 432 -480 ) (1152 432 -480 ) (1152 432 -416 ) (1024 432 -416 ) 
4 351 405 (1024 432 -480 ) (1024 0 -480 ) (1024 0 -416 ) (1024 432 -416 ) 
4 351 384 (1024 0 -416 ) (1024 0 -480 ) (1152 0 -480 ) (1152 0 -416 ) 
4 351 359 (1152 0 -480 ) (1024 0 -480 ) (1024 432 -480 ) (1152 432 -480 ) 
4 352 353 (2032.003296 944 -640 ) (1792 944 -592 ) (1792 1024 -592 ) (2032.003296 1024 -640 ) 
4 354 355 (1792 656 -480 ) (1792 656 -495.997986 ) (1920 656 -495.997986 ) (1920 656 -480 ) 
4 355 356 (1792 624 -480 ) (1792 624 -512 ) (1920 624 -512 ) (1920 624 -480 ) 
4 356 357 (1792 432 -512 ) (1792 432 -480 ) (1792 624 -480 ) (1792 624 -512 ) 
4 357 358 (1152 624 -480 ) (1152 624 -512 ) (1152 432 -512 ) (1152 432 -480 ) 
4 358 407 (1024 432 -512 ) (1024 432 -480 ) (1024 624 -480 ) (1024 624 -512 ) 
4 358 359 (1152 432 -480 ) (1024 432 -480 ) (1024 432 -512 ) (1152 432 -512 ) 
4 359 407 (1024 0 -512 ) (1024 0 -480 ) (1024 432 -480 ) (1024 432 -512 ) 
4 359 386 (1024 0 -480 ) (1024 0 -512 ) (1152 0 -512 ) (1152 0 -480 ) 
4 360 367 (2368 -624 -480 ) (2368 -752 -480 ) (2304 -752 -480 ) (2304 -624 -480 ) 
4 360 366 (2304 -688 -480 ) (2304 -752 -480 ) (2304 -752 -416 ) (2304 -688 -416 ) 
4 360 365 (2304 -752 -416 ) (2304 -752 -256 ) (2304 -688 -256 ) (2304 -688 -416 ) 
4 360 362 (2304 -624 -480 ) (2304 -688 -480 ) (2304 -688 -256 ) (2304 -400 -256 ) 
4 360 361 (2304 -560 -416 ) (2304 -400 -256 ) (2368 -400 -256 ) (2368 -560 -416 ) 
4 361 362 (2304 -560 -416 ) (2304 -400 -256 ) (2304 0 -256 ) (2304 0 -416 ) 
4 362 369 (2304 -560 -480 ) (2304 -688 -480 ) (2112 -688 -480 ) (2112 -560 -480 ) 
4 362 368 (2112 0 -480 ) (2304 0 -480 ) (2304 -560 -480 ) (2112 -560 -480 ) 
5 362 366 (2128 -688 -480 ) (2304 -688 -480 ) (2304 -688 -416 ) (2112 -688 -416 ) (2112 -688 -464 ) 
4 362 365 (2304 -688 -416 ) (2304 -688 -256 ) (2112 -688 -256 ) (2112 -688 -416 ) 
4 362 363 (2112 -496 -416 ) (2112 -496 -256 ) (2112 0 -256 ) (2112 0 -416 ) 
4 362 364 (2112 -496 -480 ) (2112 -688 -480 ) (2112 -688 -256 ) (2112 -496 -256 ) 
4 363 381 (2048 -432 -416 ) (2048 -496 -416 ) (2048 -496 -256 ) (2048 -432 -256 ) 
4 363 378 (2048 -224 -416 ) (2048 -304 -416 ) (2048 -304 -256 ) (2048 -224 -256 ) 
4 363 364 (2112 -496 -416 ) (2112 -496 -256 ) (2048 -496 -256 ) (2048 -496 -416 ) 
4 364 383 (2048 -496 -480 ) (2048 -688 -480 ) (2048 -688 -416 ) (2048 -496 -416 ) 
4 364 381 (2048 -688 -416 ) (2048 -688 -256 ) (2048 -496 -256 ) (2048 -496 -416 ) 
4 364 370 (2112 -496 -480 ) (2112 -688 -480 ) (2048 -688 -480 ) (2048 -496 -480 ) 
3 364 366 (2112 -688 -464 ) (2112 -688 -416 ) (2064 -688 -416 ) 
4 364 365 (2112 -688 -416 ) (2112 -688 -256 ) (2048 -688 -256 ) (2048 -688 -416 ) 
4 365 381 (2048 -752 -416 ) (2048 -752 -256 ) (2048 -688 -256 ) (2048 -688 -416 ) 
4 365 366 (2064 -688 -416 ) (2304 -688 -416 ) (2304 -752 -416 ) (2064 -752 -416 ) 
4 366 371 (2304 -688 -480 ) (2304 -752 -480 ) (2128 -752 -480 ) (2128 -688 -480 ) 
4 367 371 (2304 -688 -512 ) (2304 -752 -512 ) (2304 -752 -480 ) (2304 -688 -480 ) 
4 367 369 (2304 -656 -512 ) (2304 -688 -512 ) (2304 -688 -480 ) (2304 -624 -480 ) 
4 368 370 (2112 -496 -512 ) (2112 -560 -512 ) (2112 -560 -480 ) (2112 -496 -480 ) 
4 368 369 (2112 -560 -480 ) (2112 -560 -512 ) (2304 -560 -512 ) (2304 -560 -480 ) 
4 369 371 (2160 -688 -512 ) (2304 -688 -512 ) (2304 -688 -480 ) (2128 -688 -480 ) 
4 369 370 (2112 -560 -512 ) (2112 -688 -512 ) (2112 -688 -480 ) (2112 -560 -480 ) 
4 370 385 (2048 -496 -512 ) (2048 -688 -512 ) (2048 -688 -480 ) (2048 -496 -480 ) 
4 372 408 (1024 0 208 ) (1024 0 128 ) (1024 -224 128 ) (1024 -224 208 ) 
4 372 374 (1024 -224 128 ) (1024 0 128 ) (1104 0 128 ) (1104 -224 128 ) 
4 373 375 (1456 -224 -32 ) (1584 -224 -32 ) (1584 -224 128 ) (1456 -224 128 ) 
4 374 410 (1024 -224 128 ) (1024 0 128 ) (1024 0 -32 ) (1024 -224 -32 ) 
4 374 375 (1024 -224 -32 ) (1104 -224 -32 ) (1104 -224 128 ) (1024 -224 128 ) 
4 375 410 (1024 -304 128 ) (1024 -224 128 ) (1024 -224 -32 ) (1024 -304 -32 ) 
4 375 376 (1664 -224 -32 ) (2048 -224 -32 ) (2048 -304 -32 ) (1664 -304 -32 ) 
4 376 378 (1872 -224 -256 ) (2048 -224 -256 ) (2048 -304 -256 ) (1872 -304 -256 ) 
4 377 421 (1024 -224 -256 ) (1024 0 -256 ) (1024 0 -416 ) (1024 -224 -416 ) 
4 377 384 (1024 -224 -416 ) (1024 0 -416 ) (1152 0 -416 ) (1152 -224 -416 ) 
4 377 379 (1024 -224 -416 ) (1216 -224 -416 ) (1216 -224 -256 ) (1024 -224 -256 ) 
4 379 421 (1024 -304 -256 ) (1024 -224 -256 ) (1024 -224 -416 ) (1024 -304 -416 ) 
4 379 384 (1024 -304 -416 ) (1024 -224 -416 ) (1152 -224 -416 ) (1152 -304 -416 ) 
4 379 380 (1024 -304 -416 ) (1216 -304 -416 ) (1216 -304 -256 ) (1024 -304 -256 ) 
4 380 421 (1024 -432 -256 ) (1024 -304 -256 ) (1024 -304 -416 ) (1024 -432 -416 ) 
4 380 384 (1024 -432 -416 ) (1024 -304 -416 ) (1152 -304 -416 ) (1152 -432 -416 ) 
4 380 381 (1024 -432 -416 ) (1216 -432 -416 ) (1216 -432 -256 ) (1024 -432 -256 ) 
4 381 423 (1024 -752 -256 ) (1024 -432 -256 ) (1024 -432 -416 ) (1024 -752 -416 ) 
4 381 383 (2048 -496 -416 ) (2048 -688 -416 ) (1152 -688 -416 ) (1152 -496 -416 ) 
4 381 384 (1024 -752 -416 ) (1024 -432 -416 ) (1152 -432 -416 ) (1152 -752 -416 ) 
4 381 382 (1024 -752 -416 ) (1216 -752 -416 ) (1216 -752 -256 ) (1024 -752 -256 ) 
4 382 426 (1024 -1024 -416 ) (1024 -1024 -256 ) (1024 -752 -256 ) (1024 -752 -416 ) 
4 382 387 (1216 -1024 -256 ) (1152 -1024 -256 ) (1152 -1024 -416 ) (1216 -1024 -416 ) 
4 382 388 (1152 -1024 -256 ) (1024 -1024 -256 ) (1024 -1024 -416 ) (1152 -1024 -416 ) 
4 382 384 (1152 -1024 -416 ) (1024 -1024 -416 ) (1024 -752 -416 ) (1152 -752 -416 ) 
4 383 385 (2048 -496 -480 ) (2048 -688 -480 ) (1152 -688 -480 ) (1152 -496 -480 ) 
4 383 384 (1152 -496 -480 ) (1152 -688 -480 ) (1152 -688 -416 ) (1152 -496 -416 ) 
4 384 427 (1024 -1024 -480 ) (1024 -1024 -416 ) (1024 -752 -416 ) (1024 -752 -480 ) 
4 384 424 (1024 -752 -416 ) (1024 -432 -416 ) (1024 -432 -480 ) (1024 -752 -480 ) 
4 384 421 (1024 -432 -416 ) (1024 0 -416 ) (1024 0 -480 ) (1024 -432 -480 ) 
4 384 388 (1152 -1024 -416 ) (1024 -1024 -416 ) (1024 -1024 -480 ) (1152 -1024 -480 ) 
4 384 386 (1024 -1024 -480 ) (1024 0 -480 ) (1152 0 -480 ) (1152 -1024 -480 ) 
4 385 386 (1152 -688 -480 ) (1152 -496 -480 ) (1152 -496 -512 ) (1152 -688 -512 ) 
4 386 428 (1024 -1024 -512 ) (1024 -1024 -480 ) (1024 0 -480 ) (1024 0 -512 ) 
4 386 389 (1152 -1024 -512 ) (1152 -1024 -480 ) (1024 -1024 -480 ) (1024 -1024 -512 ) 
4 387 388 (1152 -1152 -416 ) (1152 -1152 -256 ) (1152 -1024 -256 ) (1152 -1024 -416 ) 
4 388 433 (1024 -1024 -256 ) (1024 -1024 -480 ) (1024 -1152 -480 ) (1024 -1152 -256 ) 
4 388 389 (1024 -1152 -480 ) (1024 -1024 -480 ) (1152 -1024 -480 ) (1152 -1152 -480 ) 
4 389 435 (1024 -1152 -512 ) (1024 -1152 -480 ) (1024 -1024 -480 ) (1024 -1024 -512 ) 
4 390 408 (1024 0 128 ) (1024 0 208 ) (976 0 208 ) (976 0 128 ) 
4 390 394 (976 80 128 ) (1024 80 128 ) (1024 0 128 ) (976 0 128 ) 
4 391 392 (976 512 -32 ) (1024 512 -32 ) (1024 512 128 ) (976 512 128 ) 
4 391 393 (656 512 -32 ) (784 512 -32 ) (784 512 128 ) (656 512 128 ) 
4 392 394 (976 256 -32 ) (1024 256 -32 ) (1024 256 128 ) (976 256 128 ) 
4 393 396 (656 256 -32 ) (784 256 -32 ) (784 256 128 ) (656 256 128 ) 
4 394 410 (1024 0 -32 ) (1024 0 128 ) (976 0 128 ) (976 0 -32 ) 
4 394 395 (976 256 128 ) (976 256 -32 ) (976 80 -32 ) (976 80 128 ) 
4 395 396 (896 256 128 ) (896 256 -32 ) (896 144 -32 ) (896 144 128 ) 
4 396 397 (592 256 -32 ) (592 144 -32 ) (592 144 128 ) (592 256 128 ) 
4 397 398 (240 144 128 ) (240 144 -32 ) (528 144 -32 ) (528 144 128 ) 
4 398 414 (528 0 128 ) (240 0 128 ) (240 0 -32 ) (528 0 -32 ) 
4 398 402 (240 24 -32 ) (240 0 -32 ) (240 0 72 ) (240 24 72 ) 
4 399 430 (0 224 -32 ) (0 96 -32 ) (0 96 128 ) (0 224 128 ) 
4 399 400 (0 96 -32 ) (32 96 -32 ) (32 96 128 ) (0 96 128 ) 
4 400 430 (0 96 -32 ) (0 64 -32 ) (0 64 128 ) (0 96 128 ) 
4 400 401 (0 64 -32 ) (176 64 -32 ) (176 64 128 ) (0 64 128 ) 
4 401 430 (0 64 -32 ) (0 24 -32 ) (0 24 128 ) (0 64 128 ) 
4 401 403 (0 24 -32 ) (176 24 -32 ) (176 24 128 ) (0 24 128 ) 
4 402 416 (176 0 72 ) (176 0 -32 ) (240 0 -32 ) (240 0 72 ) 
4 402 403 (176 24 72 ) (176 24 -32 ) (176 0 -32 ) (176 0 72 ) 
4 403 430 (0 24 -32 ) (0 0 -32 ) (0 0 128 ) (0 24 128 ) 
4 403 417 (176 0 128 ) (0 0 128 ) (0 0 -32 ) (176 0 -32 ) 
4 404 406 (960 624 -416 ) (960 624 -256 ) (960 688 -256 ) (960 688 -416 ) 
4 404 405 (960 624 -256 ) (960 624 -416 ) (1024 624 -416 ) (1024 624 -256 ) 
4 405 421 (1024 0 -480 ) (1024 0 -256 ) (960 0 -256 ) (960 0 -480 ) 
4 405 407 (1024 624 -480 ) (1024 0 -480 ) (960 0 -480 ) (960 624 -480 ) 
4 405 406 (960 0 -416 ) (960 0 -256 ) (960 624 -256 ) (960 624 -416 ) 
4 406 422 (960 0 -256 ) (896 0 -256 ) (896 0 -416 ) (960 0 -416 ) 
4 407 428 (1024 0 -512 ) (1024 0 -480 ) (960 0 -480 ) (960 0 -512 ) 
4 408 410 (976 0 128 ) (1024 0 128 ) (1024 -224 128 ) (976 -224 128 ) 
4 409 412 (896 -16 128 ) (896 -304 128 ) (640 -304 128 ) (640 -16 128 ) 
4 410 411 (976 -224 -32 ) (976 -304 -32 ) (976 -304 128 ) (976 -224 128 ) 
4 411 412 (896 -224 -32 ) (896 -304 -32 ) (896 -304 128 ) (896 -224 128 ) 
4 412 414 (528 -16 -32 ) (528 -304 -32 ) (528 -304 128 ) (528 -16 128 ) 
4 412 413 (720 -304 -32 ) (848 -304 -32 ) (848 -304 128 ) (720 -304 128 ) 
4 413 415 (720 -432 -32 ) (848 -432 -32 ) (848 -432 128 ) (720 -432 128 ) 
4 414 416 (240 0 -32 ) (240 -32 -32 ) (240 -32 72 ) (240 0 72 ) 
4 416 417 (176 0 -32 ) (176 -32 -32 ) (176 -32 72 ) (176 0 72 ) 
4 417 432 (0 -32 128 ) (0 0 128 ) (0 0 -32 ) (0 -32 -32 ) 
4 417 418 (0 -32 -32 ) (176 -32 -32 ) (176 -32 128 ) (0 -32 128 ) 
4 418 432 (0 -64 128 ) (0 -32 128 ) (0 -32 -32 ) (0 -64 -32 ) 
4 418 419 (0 -64 -32 ) (176 -64 -32 ) (176 -64 128 ) (0 -64 128 ) 
4 419 432 (0 -96 128 ) (0 -64 128 ) (0 -64 -32 ) (0 -96 -32 ) 
4 419 420 (0 -96 -32 ) (96 -96 -32 ) (96 -96 128 ) (0 -96 128 ) 
4 420 432 (0 -160 128 ) (0 -96 128 ) (0 -96 -32 ) (0 -160 -32 ) 
4 421 428 (960 0 -480 ) (1024 0 -480 ) (1024 -432 -480 ) (960 -432 -480 ) 
4 421 424 (960 -432 -480 ) (1024 -432 -480 ) (1024 -432 -416 ) (960 -432 -416 ) 
4 421 423 (1024 -432 -416 ) (1024 -432 -256 ) (960 -432 -256 ) (960 -432 -416 ) 
4 421 422 (960 -432 -416 ) (960 -432 -256 ) (960 0 -256 ) (960 0 -416 ) 
4 422 423 (960 -432 -416 ) (960 -432 -256 ) (896 -432 -256 ) (896 -432 -416 ) 
4 423 426 (1024 -752 -416 ) (1024 -752 -256 ) (896 -752 -256 ) (896 -752 -416 ) 
4 423 425 (64 -688 -416 ) (64 -496 -416 ) (960 -496 -416 ) (960 -688 -416 ) 
4 423 424 (1024 -752 -416 ) (960 -752 -416 ) (960 -432 -416 ) (1024 -432 -416 ) 
4 424 428 (960 -432 -480 ) (1024 -432 -480 ) (1024 -752 -480 ) (960 -752 -480 ) 
4 424 427 (960 -752 -480 ) (1024 -752 -480 ) (1024 -752 -416 ) (960 -752 -416 ) 
4 424 425 (960 -688 -416 ) (960 -496 -416 ) (960 -496 -480 ) (960 -688 -480 ) 
4 425 429 (960 -496 -480 ) (960 -688 -480 ) (64 -688 -480 ) (64 -496 -480 ) 
4 426 434 (960 -1024 -256 ) (896 -1024 -256 ) (896 -1024 -416 ) (960 -1024 -416 ) 
4 426 433 (1024 -1024 -416 ) (1024 -1024 -256 ) (960 -1024 -256 ) (960 -1024 -416 ) 
4 426 427 (960 -752 -416 ) (1024 -752 -416 ) (1024 -1024 -416 ) (960 -1024 -416 ) 
4 427 433 (1024 -1024 -480 ) (1024 -1024 -416 ) (960 -1024 -416 ) (960 -1024 -480 ) 
4 427 428 (960 -752 -480 ) (1024 -752 -480 ) (1024 -1024 -480 ) (960 -1024 -480 ) 
4 428 435 (1024 -1024 -512 ) (1024 -1024 -480 ) (960 -1024 -480 ) (960 -1024 -512 ) 
4 428 429 (960 -688 -480 ) (960 -496 -480 ) (960 -496 -512 ) (960 -688 -512 ) 
4 430 432 (0 0 -32 ) (0 0 128 ) (-96 0 128 ) (-96 0 -32 ) 
4 430 431 (-96 56 -32 ) (-96 0 -32 ) (-96 0 72 ) (-96 56 72 ) 
4 433 435 (960 -1024 -480 ) (1024 -1024 -480 ) (1024 -1152 -480 ) (960 -1152 -480 ) 
4 433 434 (960 -1152 -416 ) (960 -1152 -256 ) (960 -1024 -256 ) (960 -1024 -416 ) 
