


materialPath: C:\Program Files (x86)\Steam\steamapps\common\left 4 dead 2\left4dead2\materials
Loading C:\Program Files (x86)\Steam\steamapps\common\Left 4 Dead 2\sm1\mapsrc\sm1_prison.vmf
fixing up env_cubemap materials on brush sides...
0...1...2...3...4...5...6...7...8...9...100...1...2...3...4...5...6...7...8...9...10Processing areas...done (0)
Building Faces...done (0)
Chop Details...done (0)
Find Visible Detail Sides...
Merged 12 detail faces...done (0)
Merging details...done (0)
FixTjuncs...
PruneNodes...
WriteBSP...
done (0)
writing C:\Program Files (x86)\Steam\steamapps\common\Left 4 Dead 2\sm1\mapsrc\sm1_prison.prt...Building visibility clusters...
done (0)
Finding displacement neighbors...
Finding lightmap sample positions...
Displacement Alpha : 0...1...2...3...4...5...6...7...8...9...10
Building Physics collision data...
done (0) (43994 bytes)
Cannot build Physics2 data
                                                             -----------
DataLinker total stream size                                     0.0 KiB
Placing detail props : 0...1...2...3...4...5...6...7...8...9...10
Compacting texture/material tables...
Reduced 87 texinfos to 43
Reduced 17 texdatas to 14 (540 bytes to 472)
Writing C:\Program Files (x86)\Steam\steamapps\common\Left 4 Dead 2\sm1\mapsrc\sm1_prison.bsp
0 seconds elapsed



4 threads
reading c:\program files (x86)\steam\steamapps\common\left 4 dead 2\sm1\mapsrc\sm1_prison.bsp
max farz in all env_fog_controller entities: -1.000000 (used for radial vis)
reading c:\program files (x86)\steam\steamapps\common\left 4 dead 2\sm1\mapsrc\sm1_prison.prt
  45 portalclusters
  66 numportals
0...1...2...3...4...5...6...7...8...9...100...1...2...3...4...5...6...7...8...9...10Optimized: 0 visible clusters (0.00%)
Total clusters visible: 1253
Average clusters visible: 27
Building PAS...
Average clusters audible: 45
visdatasize:922  compressed from 720
writing c:\program files (x86)\steam\steamapps\common\left 4 dead 2\sm1\mapsrc\sm1_prison.bsp
0 seconds elapsed



[Reading texlights from 'lights.rad']
[2 texlights parsed from 'lights.rad']

Loading c:\program files (x86)\steam\steamapps\common\left 4 dead 2\sm1\mapsrc\sm1_prison.bsp
269 faces
16098 square feet [2318149.50 square inches]
0 Displacements
0 Square Feet [0.00 Square Inches]
269 patches before subdivision
2193 patches after subdivision
3 direct lights
0...1...2...3...4...5...6...7...8...9...100...1...2...3...4...5...6...7...8...9...10transfers 127473, max 199
transfer lists:   1.0 megs
0...1...2...3...4...5...6...7...8...9...10	Bounce #1 added RGB(31, 69, 93)
0...1...2...3...4...5...6...7...8...9...10	Bounce #2 added RGB(12, 26, 33)
0...1...2...3...4...5...6...7...8...9...10	Bounce #3 added RGB(4, 10, 11)
0...1...2...3...4...5...6...7...8...9...10	Bounce #4 added RGB(2, 4, 4)
0...1...2...3...4...5...6...7...8...9...10	Bounce #5 added RGB(1, 1, 1)
0...1...2...3...4...5...6...7...8...9...10	Bounce #6 added RGB(0, 0, 0)
Build Patch/Sample Hash Table(s).....Done<0.0006 sec>
0...1...2...3...4...5...6...7...8...9...10FinalLightFace Done
0 of 0 (0% of) surface lights went in leaf ambient cubes.
0...1...2...3...4...5...6...7...8...9...10Writing leaf ambient...done
Ready to Finish

Object names       Objects/Maxobjs  Memory / Maxmem  Fullness 
------------       ---------------  ---------------  -------- 
models                   1/1024           48/49152    ( 0.1%) 
brushes                125/8192         1500/98304    ( 1.5%) 
brushsides             766/65536        6128/524288   ( 1.2%) 
planes                 218/65536        4360/1310720  ( 0.3%) 
vertexes               501/65536        6012/786432   ( 0.8%) 
nodes                  133/65536        4256/2097152  ( 0.2%) 
texinfos                43/12288        3096/884736   ( 0.3%) 
texdata                 14/2048          448/65536    ( 0.7%) 
dispinfos                0/0               0/0        ( 0.0%) 
disp_verts               0/0               0/0        ( 0.0%) 
disp_tris                0/0               0/0        ( 0.0%) 
disp_lmsamples           0/0               0/0        ( 0.0%) 
faces                  269/65536       15064/3670016  ( 0.4%) 
hdr faces                0/65536           0/3670016  ( 0.0%) 
origfaces              217/65536       12152/3670016  ( 0.3%) 
leaves                 135/65536        4320/2097152  ( 0.2%) 
leaffaces              285/65536         570/131072   ( 0.4%) 
leafbrushes            190/65536         380/131072   ( 0.3%) 
areas                    2/256            16/2048     ( 0.8%) 
surfedges             2220/512000       8880/2048000  ( 0.4%) 
edges                 1419/256000       5676/1024000  ( 0.6%) 
LDR worldlights          3/8192          300/819200   ( 0.0%) 
HDR worldlights          0/8192            0/819200   ( 0.0%) 
leafwaterdata            0/32768           0/393216   ( 0.0%) 
waterstrips             38/32768         380/327680   ( 0.1%) 
waterverts               0/65536           0/786432   ( 0.0%) 
waterindices           723/65536        1446/131072   ( 1.1%) 
cubemapsamples           2/1024           32/16384    ( 0.2%) 
overlays                 0/512             0/180224   ( 0.0%) 
LDR lightdata         [variable]       74768/0        ( 0.0%) 
HDR lightdata         [variable]           0/0        ( 0.0%) 
visdata               [variable]         922/16777216 ( 0.0%) 
entdata               [variable]        7816/393216   ( 2.0%) 
LDR ambient table      135/65536         540/262144   ( 0.2%) 
HDR ambient table      135/65536         540/262144   ( 0.2%) 
LDR leaf ambient       235/65536        6580/1835008  ( 0.4%) 
HDR leaf ambient       135/65536        3780/1835008  ( 0.2%) 
occluders                0/0               0/0        ( 0.0%) 
occluder polygons        0/0               0/0        ( 0.0%) 
occluder vert ind        0/0               0/0        ( 0.0%) 
Prop Hull Verts          0/0               0/0        ( 0.0%) 
Prop Hull Blob           0/0               0/0        ( 0.0%) 
Prop Hull Lists          0/0               0/0        ( 0.0%) 
Prop Hulls               0/0               0/0        ( 0.0%) 
Prop Hull trilist        0/0               0/0        ( 0.0%) 
detail props          [variable]           1/12       ( 8.3%) 
static props          [variable]           1/420      ( 0.2%) 
pakfile               [variable]      261791/0        ( 0.0%) 
physics               [variable]       43994/4194304  ( 1.0%) 
physics terrain       [variable]           2/1048576  ( 0.0%) 

Level flags = 0

Total triangle count: 816
Writing c:\program files (x86)\steam\steamapps\common\left 4 dead 2\sm1\mapsrc\sm1_prison.bsp
0 seconds elapsed



[Reading texlights from 'lights.rad']
[2 texlights parsed from 'lights.rad']

Loading c:\program files (x86)\steam\steamapps\common\left 4 dead 2\sm1\mapsrc\sm1_prison.bsp
269 faces
16098 square feet [2318149.50 square inches]
0 Displacements
0 Square Feet [0.00 Square Inches]
269 patches before subdivision
2193 patches after subdivision
3 direct lights
0...1...2...3...4...5...6...7...8...9...100...1...2...3...4...5...6...7...8...9...10transfers 127473, max 199
transfer lists:   1.0 megs
0...1...2...3...4...5...6...7...8...9...10	Bounce #1 added RGB(22, 49, 66)
0...1...2...3...4...5...6...7...8...9...10	Bounce #2 added RGB(8, 19, 23)
0...1...2...3...4...5...6...7...8...9...10	Bounce #3 added RGB(3, 7, 8)
0...1...2...3...4...5...6...7...8...9...10	Bounce #4 added RGB(1, 3, 3)
0...1...2...3...4...5...6...7...8...9...10	Bounce #5 added RGB(0, 1, 1)
Build Patch/Sample Hash Table(s).....Done<0.0007 sec>
0...1...2...3...4...5...6...7...8...9...10FinalLightFace Done
0 of 0 (0% of) surface lights went in leaf ambient cubes.
0...1...2...3...4...5...6...7...8...9...10Writing leaf ambient...done
Ready to Finish

Object names       Objects/Maxobjs  Memory / Maxmem  Fullness 
------------       ---------------  ---------------  -------- 
models                   1/1024           48/49152    ( 0.1%) 
brushes                125/8192         1500/98304    ( 1.5%) 
brushsides             766/65536        6128/524288   ( 1.2%) 
planes                 218/65536        4360/1310720  ( 0.3%) 
vertexes               501/65536        6012/786432   ( 0.8%) 
nodes                  133/65536        4256/2097152  ( 0.2%) 
texinfos                43/12288        3096/884736   ( 0.3%) 
texdata                 14/2048          448/65536    ( 0.7%) 
dispinfos                0/0               0/0        ( 0.0%) 
disp_verts               0/0               0/0        ( 0.0%) 
disp_tris                0/0               0/0        ( 0.0%) 
disp_lmsamples           0/0               0/0        ( 0.0%) 
faces                  269/65536       15064/3670016  ( 0.4%) 
hdr faces              269/65536       15064/3670016  ( 0.4%) 
origfaces              217/65536       12152/3670016  ( 0.3%) 
leaves                 135/65536        4320/2097152  ( 0.2%) 
leaffaces              285/65536         570/131072   ( 0.4%) 
leafbrushes            190/65536         380/131072   ( 0.3%) 
areas                    2/256            16/2048     ( 0.8%) 
surfedges             2220/512000       8880/2048000  ( 0.4%) 
edges                 1419/256000       5676/1024000  ( 0.6%) 
LDR worldlights          3/8192          300/819200   ( 0.0%) 
HDR worldlights          3/8192          300/819200   ( 0.0%) 
leafwaterdata            0/32768           0/393216   ( 0.0%) 
waterstrips             38/32768         380/327680   ( 0.1%) 
waterverts               0/65536           0/786432   ( 0.0%) 
waterindices           723/65536        1446/131072   ( 1.1%) 
cubemapsamples           2/1024           32/16384    ( 0.2%) 
overlays                 0/512             0/180224   ( 0.0%) 
LDR lightdata         [variable]       74768/0        ( 0.0%) 
HDR lightdata         [variable]       74768/0        ( 0.0%) 
visdata               [variable]         922/16777216 ( 0.0%) 
entdata               [variable]        7816/393216   ( 2.0%) 
LDR ambient table      135/65536         540/262144   ( 0.2%) 
HDR ambient table      135/65536         540/262144   ( 0.2%) 
LDR leaf ambient       235/65536        6580/1835008  ( 0.4%) 
HDR leaf ambient       214/65536        5992/1835008  ( 0.3%) 
occluders                0/0               0/0        ( 0.0%) 
occluder polygons        0/0               0/0        ( 0.0%) 
occluder vert ind        0/0               0/0        ( 0.0%) 
Prop Hull Verts          0/0               0/0        ( 0.0%) 
Prop Hull Blob           0/0               0/0        ( 0.0%) 
Prop Hull Lists          0/0               0/0        ( 0.0%) 
Prop Hulls               0/0               0/0        ( 0.0%) 
Prop Hull trilist        0/0               0/0        ( 0.0%) 
detail props          [variable]           1/12       ( 8.3%) 
static props          [variable]           1/420      ( 0.2%) 
pakfile               [variable]      261791/0        ( 0.0%) 
physics               [variable]       43994/4194304  ( 1.0%) 
physics terrain       [variable]           2/1048576  ( 0.0%) 

Level flags = 0

Total triangle count: 816
Writing c:\program files (x86)\steam\steamapps\common\left 4 dead 2\sm1\mapsrc\sm1_prison.bsp
0 seconds elapsed
