PRT1
295
541
4 0 1 (2656 8976 496 ) (2712 8976 496 ) (2712 8976 600 ) (2656 8976 600 ) 
4 1 2 (2656 8720 496 ) (2712 8720 496 ) (2712 8720 600 ) (2656 8720 600 ) 
4 2 3 (2656 8704 496 ) (2712 8704 496 ) (2712 8704 600 ) (2656 8704 600 ) 
4 3 4 (2560 8192 624 ) (2560 8192 496 ) (2816 8448 496 ) (2816 8448 624 ) 
4 4 6 (2816 8192 624 ) (2560 8192 624 ) (2560 8192 496 ) (2816 8192 496 ) 
4 5 7 (2064 8064 496 ) (2160 8064 496 ) (2160 8064 608 ) (2064 8064 608 ) 
4 5 6 (2560 8192 624 ) (2432 8064 624 ) (2432 8064 496 ) (2560 8192 496 ) 
4 7 8 (2148 7952 608 ) (2076 7952 608 ) (2076 7952 496 ) (2148 7952 496 ) 
4 8 11 (2076 7936 496 ) (2148 7936 496 ) (2148 7936 608 ) (2076 7936 608 ) 
4 9 26 (2816 7168 640 ) (2304 7168 640 ) (2304 7168 496 ) (2816 7168 496 ) 
4 9 15 (2816 7168 496 ) (2304 7168 496 ) (2304 7936 496 ) (2816 7936 496 ) 
4 9 11 (2304 7936 608 ) (2304 7936 496 ) (2304 7296 496 ) (2304 7296 608 ) 
4 9 10 (2304 7936 640 ) (2304 7936 608 ) (2304 7296 608 ) (2304 7296 640 ) 
4 10 19 (2048 7936 640 ) (2048 7936 608 ) (2048 7296 608 ) (2048 7296 640 ) 
4 10 11 (2048 7296 608 ) (2048 7936 608 ) (2304 7936 608 ) (2304 7296 608 ) 
4 11 19 (2048 7936 496 ) (2048 7296 496 ) (2048 7296 608 ) (2048 7936 608 ) 
4 11 17 (2304 7552 496 ) (2304 7296 496 ) (2176 7296 496 ) (2176 7552 496 ) 
4 11 16 (2176 7936 496 ) (2304 7936 496 ) (2304 7680 496 ) (2176 7680 496 ) 
4 11 12 (2064 7296 496 ) (2160 7296 496 ) (2160 7296 608 ) (2064 7296 608 ) 
4 12 13 (2064 7280 496 ) (2160 7280 496 ) (2160 7280 608 ) (2064 7280 608 ) 
4 13 20 (2048 7280 496 ) (2048 7184 496 ) (2048 7184 608 ) (2048 7280 608 ) 
4 13 14 (2176 7184 528 ) (2176 7184 592 ) (2048 7184 592 ) (2048 7184 528 ) 
4 14 26 (2048 7168 592 ) (2048 7168 528 ) (2176 7168 528 ) (2176 7168 592 ) 
4 15 26 (2816 7168 496 ) (2304 7168 496 ) (2304 7168 480 ) (2816 7168 480 ) 
4 15 18 (2304 7936 480 ) (2816 7936 480 ) (2816 7168 480 ) (2304 7168 480 ) 
4 15 17 (2304 7552 480 ) (2304 7296 480 ) (2304 7296 496 ) (2304 7552 496 ) 
4 15 16 (2304 7936 496 ) (2304 7936 480 ) (2304 7680 480 ) (2304 7680 496 ) 
4 16 18 (2176 7936 480 ) (2304 7936 480 ) (2304 7680 480 ) (2176 7680 480 ) 
4 17 18 (2304 7552 480 ) (2304 7296 480 ) (2176 7296 480 ) (2176 7552 480 ) 
4 18 26 (2816 7168 128 ) (2816 7168 480 ) (2048 7168 480 ) (2048 7168 128 ) 
4 18 21 (2048 7168 128 ) (2048 7168 480 ) (2048 7296 480 ) (2048 7296 128 ) 
4 18 19 (2048 7296 480 ) (2048 7936 480 ) (2048 7936 128 ) (2048 7296 128 ) 
4 19 22 (1920 7296 128 ) (1920 7296 640 ) (1920 7936 640 ) (1920 7936 128 ) 
4 19 21 (1920 7296 480 ) (1920 7296 128 ) (2048 7296 128 ) (2048 7296 480 ) 
4 21 30 (2048 7168 128 ) (2048 7168 480 ) (1920 7168 480 ) (1920 7168 128 ) 
4 21 22 (1920 7168 128 ) (1920 7168 480 ) (1920 7296 480 ) (1920 7296 128 ) 
4 22 30 (1920 7168 128 ) (1920 7168 640 ) (1280 7168 640 ) (1280 7168 128 ) 
4 23 27 (3072 6400 704 ) (3072 6144 704 ) (3072 6144 1120 ) (3072 6400 1120 ) 
4 23 24 (3328 6144 1120 ) (3072 6144 1120 ) (3072 6144 704 ) (3328 6144 704 ) 
4 24 34 (3072 5120 704 ) (3072 5120 1120 ) (3072 6144 1120 ) (3072 6144 704 ) 
4 24 25 (3072 5120 1120 ) (3072 5120 704 ) (3328 5120 704 ) (3328 5120 1120 ) 
4 25 54 (3328 4096 704 ) (3328 4096 1120 ) (3072 4096 1120 ) (3072 4096 704 ) 
4 25 46 (3072 4096 704 ) (3072 4096 1120 ) (3072 5120 1120 ) (3072 5120 704 ) 
4 26 30 (2048 7168 640 ) (2048 7168 128 ) (2048 6912 128 ) (2048 6912 640 ) 
4 26 29 (2304 6912 640 ) (2048 6912 640 ) (2048 6912 128 ) (2304 6912 128 ) 
4 27 34 (3072 6144 704 ) (3072 6144 1120 ) (2432 6144 1120 ) (2432 6144 704 ) 
4 27 28 (2432 6144 832 ) (2432 6144 1120 ) (2432 6400 1120 ) (2432 6400 832 ) 
4 28 36 (2432 6144 832 ) (2432 6144 1120 ) (2048 6144 1120 ) (2048 6144 832 ) 
4 28 31 (2048 6144 832 ) (2048 6144 1120 ) (2048 6400 1120 ) (2048 6400 832 ) 
4 29 39 (2304 6144 288 ) (2304 6144 640 ) (2048 6144 640 ) (2048 6144 288 ) 
4 29 32 (2048 6144 128 ) (2048 6144 640 ) (2048 6912 640 ) (2048 6912 128 ) 
4 30 32 (2048 6912 128 ) (2048 6912 640 ) (1792 6912 640 ) (1792 6912 128 ) 
4 31 40 (2048 6144 832 ) (2048 6144 1120 ) (1664 6144 1120 ) (1664 6144 832 ) 
4 31 33 (1664 6400 832 ) (1664 6144 832 ) (1664 6144 1120 ) (1664 6400 1120 ) 
4 32 43 (2048 6144 288 ) (2048 6144 640 ) (1792 6144 640 ) (1792 6144 288 ) 
4 33 49 (1024 6144 704 ) (1024 6144 1120 ) (1024 6400 1120 ) (1024 6400 704 ) 
4 33 42 (1664 6144 704 ) (1664 6144 832 ) (1024 6144 832 ) (1024 6144 704 ) 
4 33 40 (1664 6144 832 ) (1664 6144 1120 ) (1024 6144 1120 ) (1024 6144 832 ) 
4 34 46 (3072 5120 704 ) (3072 5120 1120 ) (3008 5120 1120 ) (3008 5120 704 ) 
4 34 47 (3008 5120 1120 ) (2432 5120 1120 ) (2432 5120 704 ) (3008 5120 704 ) 
4 34 36 (2432 5888 1120 ) (2432 6144 1120 ) (2432 6144 832 ) (2432 5888 832 ) 
4 34 37 (2432 5120 704 ) (2432 5120 1120 ) (2432 5888 1120 ) (2432 5888 704 ) 
4 34 35 (3008 5120 704 ) (2432 5120 704 ) (2432 6144 704 ) (3008 6144 704 ) 
4 35 47 (3008 5120 704 ) (2432 5120 704 ) (2432 5120 288 ) (3008 5120 288 ) 
4 35 38 (2432 5888 288 ) (2432 5120 288 ) (2432 5120 640 ) (2432 5888 640 ) 
4 35 37 (2432 5120 640 ) (2432 5120 704 ) (2432 5888 704 ) (2432 5888 640 ) 
4 36 40 (2048 5888 1120 ) (2048 6144 1120 ) (2048 6144 832 ) (2048 5888 832 ) 
4 36 37 (2432 5888 832 ) (2432 5888 1120 ) (2048 5888 1120 ) (2048 5888 832 ) 
4 37 47 (2048 5120 1120 ) (2048 5120 640 ) (2432 5120 640 ) (2432 5120 1120 ) 
4 37 41 (2048 5120 640 ) (2048 5120 832 ) (2048 5888 832 ) (2048 5888 640 ) 
4 37 40 (2048 5120 832 ) (2048 5120 1120 ) (2048 5888 1120 ) (2048 5888 832 ) 
4 37 38 (2432 5888 640 ) (2432 5120 640 ) (2304 5120 640 ) (2304 5888 640 ) 
4 37 39 (2304 5120 640 ) (2048 5120 640 ) (2048 5888 640 ) (2304 5888 640 ) 
4 38 47 (2304 5120 288 ) (2432 5120 288 ) (2432 5120 640 ) (2304 5120 640 ) 
4 38 39 (2304 5888 288 ) (2304 5120 288 ) (2304 5120 640 ) (2304 5888 640 ) 
4 39 47 (2048 5120 640 ) (2048 5120 288 ) (2304 5120 288 ) (2304 5120 640 ) 
4 39 43 (2048 5120 288 ) (2048 5120 640 ) (2048 6144 640 ) (2048 6144 288 ) 
4 40 50 (1024 5120 832 ) (1024 5120 1120 ) (1024 6144 1120 ) (1024 6144 832 ) 
4 40 48 (1024 5120 1120 ) (1024 5120 832 ) (2048 5120 832 ) (2048 5120 1120 ) 
4 40 41 (2048 5120 832 ) (1664 5120 832 ) (1664 5888 832 ) (2048 5888 832 ) 
4 40 42 (1664 5120 832 ) (1024 5120 832 ) (1024 6144 832 ) (1664 6144 832 ) 
4 41 48 (1664 5120 640 ) (2048 5120 640 ) (2048 5120 832 ) (1664 5120 832 ) 
4 41 44 (1792 5120 640 ) (1664 5120 640 ) (1664 5888 640 ) (1792 5888 640 ) 
4 41 43 (2048 5888 640 ) (2048 5120 640 ) (1792 5120 640 ) (1792 5888 640 ) 
4 41 42 (1664 5888 640 ) (1664 5120 640 ) (1664 5120 832 ) (1664 5888 832 ) 
4 42 51 (1024 5120 640 ) (1024 5120 704 ) (1024 6144 704 ) (1024 6144 640 ) 
4 42 50 (1024 5120 704 ) (1024 5120 832 ) (1024 6144 832 ) (1024 6144 704 ) 
4 42 48 (1024 5120 832 ) (1024 5120 640 ) (1664 5120 640 ) (1664 5120 832 ) 
4 42 45 (1024 6144 640 ) (1664 6144 640 ) (1664 5120 640 ) (1024 5120 640 ) 
4 43 48 (1792 5120 288 ) (2048 5120 288 ) (2048 5120 640 ) (1792 5120 640 ) 
4 43 44 (1792 5888 288 ) (1792 5120 288 ) (1792 5120 640 ) (1792 5888 640 ) 
4 44 48 (1664 5120 288 ) (1792 5120 288 ) (1792 5120 640 ) (1664 5120 640 ) 
4 44 45 (1664 5888 288 ) (1664 5120 288 ) (1664 5120 640 ) (1664 5888 640 ) 
4 45 51 (1024 5120 288 ) (1024 5120 640 ) (1024 6144 640 ) (1024 6144 288 ) 
4 45 48 (1024 5120 640 ) (1024 5120 288 ) (1664 5120 288 ) (1664 5120 640 ) 
4 46 55 (3072 4096 704 ) (3072 4096 1120 ) (3008 4096 1120 ) (3008 4096 704 ) 
4 46 47 (3008 4096 704 ) (3008 4096 1120 ) (3008 5120 1120 ) (3008 5120 704 ) 
4 47 60 (2048 4096 448 ) (2048 4096 288 ) (2176 4096 288 ) (2176 4096 448 ) 
4 47 59 (2048 4096 672 ) (2048 4096 448 ) (2176 4096 448 ) (2176 4096 672 ) 
4 47 58 (2048 4096 704 ) (2048 4096 672 ) (2176 4096 672 ) (2176 4096 704 ) 
4 47 57 (2176 4096 288 ) (2304 4096 288 ) (2304 4096 704 ) (2176 4096 704 ) 
4 47 56 (2304 4096 288 ) (3008 4096 288 ) (3008 4096 704 ) (2304 4096 704 ) 
4 47 55 (3008 4096 1120 ) (2048 4096 1120 ) (2048 4096 704 ) (3008 4096 704 ) 
4 47 48 (2048 5120 1120 ) (2048 5120 288 ) (2048 4096 288 ) (2048 4096 1120 ) 
4 48 72 (2048 4096 288 ) (2048 4096 448 ) (1024 4096 448 ) (1024 4096 288 ) 
4 48 70 (1504 4096 704 ) (1280 4096 704 ) (1280 4096 448 ) (1504 4096 448 ) 
4 48 71 (1280 4096 704 ) (1024 4096 704 ) (1024 4096 448 ) (1280 4096 448 ) 
4 48 69 (1664 4096 704 ) (1504 4096 704 ) (1504 4096 448 ) (1664 4096 448 ) 
4 48 68 (1664 4096 592 ) (1664 4096 448 ) (1728 4096 448 ) (1728 4096 592 ) 
4 48 66 (1952 4096 448 ) (2016 4096 448 ) (2016 4096 592 ) (1952 4096 592 ) 
4 48 67 (1728 4096 448 ) (1952 4096 448 ) (1952 4096 592 ) (1728 4096 592 ) 
4 48 65 (2016 4096 704 ) (1664 4096 704 ) (1664 4096 592 ) (2016 4096 592 ) 
4 48 64 (2048 4096 448 ) (2048 4096 704 ) (2016 4096 704 ) (2016 4096 448 ) 
4 48 63 (2048 4096 704 ) (2048 4096 1120 ) (1024 4096 1120 ) (1024 4096 704 ) 
4 48 53 (1024 4096 288 ) (1024 4096 704 ) (1024 5120 704 ) (1024 5120 288 ) 
4 48 52 (1024 4096 704 ) (1024 4096 1120 ) (1024 5120 1120 ) (1024 5120 704 ) 
4 49 50 (1024 6144 704 ) (1024 6144 1120 ) (256 6144 1120 ) (256 6144 704 ) 
4 50 52 (1024 5120 704 ) (1024 5120 1120 ) (256 5120 1120 ) (256 5120 704 ) 
4 50 51 (1024 5120 704 ) (512 5120 704 ) (512 6144 704 ) (1024 6144 704 ) 
4 51 53 (1024 5120 288 ) (1024 5120 704 ) (512 5120 704 ) (512 5120 288 ) 
4 52 118 (1024 4096 704 ) (1024 4096 1120 ) (256 4096 1120 ) (256 4096 704 ) 
4 52 53 (1024 4096 704 ) (512 4096 704 ) (512 5120 704 ) (1024 5120 704 ) 
4 53 120 (1024 4096 288 ) (1024 4096 704 ) (512 4096 704 ) (512 4096 288 ) 
4 54 55 (3072 4096 1120 ) (3072 4096 704 ) (3072 3328 704 ) (3072 3328 1120 ) 
4 55 74 (2048 3664 704 ) (2048 3328 704 ) (2048 3328 1120 ) (2048 3664 1120 ) 
4 55 63 (2048 4096 1120 ) (2048 4096 704 ) (2048 3664 704 ) (2048 3664 1120 ) 
4 55 58 (2048 3696 704 ) (2048 4096 704 ) (2176 4096 704 ) (2176 3696 704 ) 
4 55 57 (2176 4096 704 ) (2304 4096 704 ) (2304 3840 704 ) (2176 3840 704 ) 
4 55 56 (2304 4096 704 ) (3008 4096 704 ) (3008 3584 704 ) (2304 3584 704 ) 
4 56 57 (2304 4096 288 ) (2304 3840 288 ) (2304 3840 704 ) (2304 4096 704 ) 
4 57 60 (2176 4096 288 ) (2176 3840 288 ) (2176 3840 448 ) (2176 4096 448 ) 
4 57 59 (2176 3840 448 ) (2176 3840 672 ) (2176 4096 672 ) (2176 4096 448 ) 
4 57 58 (2176 3840 672 ) (2176 3840 704 ) (2176 4096 704 ) (2176 4096 672 ) 
4 58 64 (2048 4096 704 ) (2048 4096 672 ) (2048 3696 672 ) (2048 3696 704 ) 
4 58 59 (2048 4096 672 ) (2176 4096 672 ) (2176 3696 672 ) (2048 3696 672 ) 
4 59 64 (2048 4096 672 ) (2048 4096 448 ) (2048 3696 448 ) (2048 3696 672 ) 
4 59 60 (2048 3840 448 ) (2048 4096 448 ) (2176 4096 448 ) (2176 3840 448 ) 
4 60 72 (2048 4096 448 ) (2048 4096 288 ) (2048 3840 288 ) (2048 3840 448 ) 
4 61 62 (2080 3552 -64 ) (2080 3456 -64 ) (2080 3456 32 ) (2080 3552 32 ) 
4 62 86 (2048 3456 -64 ) (2048 3456 32 ) (2048 3552 32 ) (2048 3552 -64 ) 
4 63 118 (1024 4096 1120 ) (1024 4096 704 ) (1024 3664 704 ) (1024 3664 1120 ) 
4 63 74 (2048 3664 704 ) (2048 3664 1120 ) (1024 3664 1120 ) (1024 3664 704 ) 
4 63 70 (1280 3840 704 ) (1280 4096 704 ) (1504 4096 704 ) (1504 3840 704 ) 
4 63 71 (1280 3664 704 ) (1024 3664 704 ) (1024 4096 704 ) (1280 4096 704 ) 
4 63 69 (1504 3696 704 ) (1504 4096 704 ) (1664 4096 704 ) (1664 3696 704 ) 
4 63 65 (1664 3712 704 ) (1664 4096 704 ) (2016 4096 704 ) (2016 3712 704 ) 
4 63 64 (2016 3696 704 ) (2016 4096 704 ) (2048 4096 704 ) (2048 3696 704 ) 
4 64 72 (2016 3840 448 ) (2016 4096 448 ) (2048 4096 448 ) (2048 3840 448 ) 
4 64 66 (2016 4096 448 ) (2016 3776 448 ) (2016 3740 592 ) (2016 4096 592 ) 
4 64 65 (2016 3712 704 ) (2016 4096 704 ) (2016 4096 592 ) (2016 3740 592 ) 
4 65 69 (1664 3712 704 ) (1664 4096 704 ) (1664 4096 592 ) (1664 3740 592 ) 
4 65 68 (1664 3740 592 ) (1664 4096 592 ) (1728 4096 592 ) (1728 3740 592 ) 
4 65 66 (1952 4096 592 ) (2016 4096 592 ) (2016 3740 592 ) (1952 3740 592 ) 
4 65 67 (1728 4096 592 ) (1952 4096 592 ) (1952 3740 592 ) (1728 3740 592 ) 
4 66 72 (1952 3840 448 ) (1952 4096 448 ) (2016 4096 448 ) (2016 3840 448 ) 
4 66 67 (1952 4096 448 ) (1952 3776 448 ) (1952 3740 592 ) (1952 4096 592 ) 
4 67 76 (1808 3664 448 ) (1864 3664 448 ) (1864 3664 552 ) (1808 3664 552 ) 
4 67 72 (1728 3840 448 ) (1728 4096 448 ) (1952 4096 448 ) (1952 3840 448 ) 
4 67 68 (1728 4096 448 ) (1728 3776 448 ) (1728 3740 592 ) (1728 4096 592 ) 
4 68 72 (1664 3840 448 ) (1664 4096 448 ) (1728 4096 448 ) (1728 3840 448 ) 
4 68 69 (1664 4096 448 ) (1664 3776 448 ) (1664 3740 592 ) (1664 4096 592 ) 
4 69 72 (1504 3840 448 ) (1504 4096 448 ) (1664 4096 448 ) (1664 3840 448 ) 
4 69 70 (1504 4096 448 ) (1504 3840 448 ) (1504 3840 704 ) (1504 4096 704 ) 
4 70 72 (1280 3840 448 ) (1280 4096 448 ) (1504 4096 448 ) (1504 3840 448 ) 
4 70 71 (1280 4096 448 ) (1280 3840 448 ) (1280 3840 704 ) (1280 4096 704 ) 
4 71 120 (1024 4096 704 ) (1024 4096 448 ) (1024 3664 448 ) (1024 3664 704 ) 
4 71 78 (1024 3664 672 ) (1024 3664 448 ) (1280 3664 448 ) (1280 3664 672 ) 
4 71 75 (1280 3664 704 ) (1024 3664 704 ) (1024 3664 672 ) (1280 3664 672 ) 
4 71 73 (1280 3664 448 ) (1024 3664 448 ) (1024 3840 448 ) (1280 3840 448 ) 
4 71 72 (1024 3840 448 ) (1024 4096 448 ) (1280 4096 448 ) (1280 3840 448 ) 
4 72 120 (1024 4096 448 ) (1024 4096 288 ) (1024 3840 288 ) (1024 3840 448 ) 
4 72 73 (1024 3840 288 ) (1280 3840 288 ) (1280 3840 448 ) (1024 3840 448 ) 
4 73 120 (1024 3840 288 ) (1024 3664 288 ) (1024 3664 448 ) (1024 3840 448 ) 
4 73 79 (1280 3664 448 ) (1024 3664 448 ) (1024 3664 288 ) (1280 3664 288 ) 
4 74 118 (1024 3664 1120 ) (1024 3664 704 ) (1024 3328 704 ) (1024 3328 1120 ) 
4 74 75 (1024 3584 704 ) (1024 3664 704 ) (1280 3664 704 ) (1280 3584 704 ) 
4 75 120 (1024 3584 704 ) (1024 3664 704 ) (1024 3664 672 ) (1024 3584 672 ) 
4 75 78 (1024 3584 672 ) (1024 3664 672 ) (1280 3664 672 ) (1280 3584 672 ) 
4 76 77 (1808 3640 448 ) (1864 3640 448 ) (1864 3640 552 ) (1808 3640 552 ) 
4 77 84 (1696 3200 448 ) (1824 3200 448 ) (1824 3200 672 ) (1696 3200 672 ) 
4 77 81 (1856 3200 448 ) (1984 3200 448 ) (1984 3200 672 ) (1856 3200 672 ) 
4 78 120 (1024 3584 672 ) (1024 3664 672 ) (1024 3664 448 ) (1024 3584 448 ) 
4 78 79 (1024 3584 448 ) (1024 3664 448 ) (1280 3664 448 ) (1280 3584 448 ) 
4 79 120 (1024 3584 448 ) (1024 3664 448 ) (1024 3664 288 ) (1024 3584 288 ) 
4 80 89 (1824 3424 80 ) (1856 3424 80 ) (1856 3200 80 ) (1824 3200 80 ) 
4 80 90 (1696 3424 80 ) (1824 3424 80 ) (1824 3200 80 ) (1696 3200 80 ) 
4 80 88 (1856 3424 80 ) (1984 3424 80 ) (1984 3200 80 ) (1856 3200 80 ) 
4 80 85 (1696 3200 80 ) (1824 3200 80 ) (1824 3200 192 ) (1696 3200 192 ) 
4 80 82 (1856 3200 80 ) (1984 3200 80 ) (1984 3200 192 ) (1856 3200 192 ) 
4 81 83 (1856 3104 672 ) (1856 3104 432 ) (1984 3104 432 ) (1984 3104 672 ) 
4 82 88 (1856 3104 80 ) (1856 3200 80 ) (1984 3200 80 ) (1984 3104 80 ) 
4 82 83 (1856 3104 416 ) (1856 3104 80 ) (1984 3104 80 ) (1984 3104 416 ) 
4 83 101 (1984 3072 672 ) (1856 3072 672 ) (1856 3072 80 ) (1984 3072 80 ) 
4 83 88 (1984 3072 80 ) (1856 3072 80 ) (1856 3104 80 ) (1984 3104 80 ) 
4 84 103 (1824 3072 672 ) (1696 3072 672 ) (1696 3072 320 ) (1824 3072 320 ) 
4 85 104 (1696 3072 192 ) (1696 3072 80 ) (1824 3072 80 ) (1824 3072 192 ) 
4 85 90 (1824 3072 80 ) (1696 3072 80 ) (1696 3200 80 ) (1824 3200 80 ) 
4 86 91 (1696 3552 -64 ) (1696 3456 -64 ) (1696 3456 32 ) (1696 3552 32 ) 
4 86 87 (1696 3456 32 ) (1696 3456 -64 ) (1984 3456 -64 ) (1984 3456 32 ) 
4 87 89 (1824 3424 -64 ) (1856 3424 -64 ) (1856 3424 32 ) (1824 3424 32 ) 
4 87 90 (1696 3424 32 ) (1696 3424 -64 ) (1824 3424 -64 ) (1824 3424 32 ) 
4 87 88 (1856 3424 -64 ) (1984 3424 -64 ) (1984 3424 32 ) (1856 3424 32 ) 
4 88 101 (1984 3072 80 ) (1856 3072 80 ) (1856 3072 64 ) (1984 3072 64 ) 
4 88 89 (1856 3424 80 ) (1856 3424 -64 ) (1856 3200 -64 ) (1856 3200 80 ) 
4 89 90 (1824 3424 80 ) (1824 3424 -64 ) (1824 3200 -64 ) (1824 3200 80 ) 
4 90 104 (1824 3072 80 ) (1696 3072 80 ) (1696 3072 -64 ) (1824 3072 -64 ) 
4 91 92 (1440 3552 32 ) (1440 3552 -64 ) (1440 3456 -64 ) (1440 3456 32 ) 
4 92 105 (1344 3072 32 ) (1344 3072 -64 ) (1440 3072 -64 ) (1440 3072 32 ) 
4 92 95 (1344 3360 -64 ) (1344 3296 -64 ) (1344 3296 16 ) (1344 3360 16 ) 
4 92 93 (1344 3552 -64 ) (1344 3456 -64 ) (1344 3456 32 ) (1344 3552 32 ) 
4 93 99 (1152 3552 -64 ) (1152 3456 -64 ) (1152 3456 32 ) (1152 3552 32 ) 
4 94 96 (1184 3360 -64 ) (1312 3360 -64 ) (1312 3360 80 ) (1184 3360 80 ) 
4 95 96 (1312 3360 16 ) (1312 3360 -64 ) (1312 3296 -64 ) (1312 3296 16 ) 
4 96 97 (1184 3296 -64 ) (1312 3296 -64 ) (1312 3296 80 ) (1184 3296 80 ) 
4 97 107 (1312 3072 80 ) (1184 3072 80 ) (1184 3072 -64 ) (1312 3072 -64 ) 
4 97 98 (1184 3072 -48 ) (1184 3072 32 ) (1184 3248 32 ) (1184 3248 -48 ) 
4 98 108 (1152 3072 32 ) (1152 3072 -48 ) (1184 3072 -48 ) (1184 3072 32 ) 
4 98 100 (1152 3072 -48 ) (1152 3072 32 ) (1152 3248 32 ) (1152 3248 -48 ) 
4 99 121 (1024 3552 -64 ) (1024 3328 -64 ) (1024 3328 80 ) (1024 3552 80 ) 
4 100 127 (1024 3168 -64 ) (1024 3136 -64 ) (1024 3136 80 ) (1024 3168 80 ) 
4 100 126 (1024 3296 -64 ) (1024 3168 -64 ) (1024 3168 80 ) (1024 3296 80 ) 
4 100 128 (1024 3136 -64 ) (1024 3072 -64 ) (1024 3072 80 ) (1024 3136 80 ) 
4 100 109 (1152 3072 80 ) (1024 3072 80 ) (1024 3072 -64 ) (1152 3072 -64 ) 
4 101 102 (1984 2944 192 ) (1984 2944 672 ) (1856 2944 672 ) (1856 2944 192 ) 
4 102 110 (1984 2880 192 ) (1984 2880 672 ) (1824 2880 672 ) (1824 2880 192 ) 
4 102 103 (1824 2880 192 ) (1824 2880 672 ) (1824 2944 672 ) (1824 2944 192 ) 
4 103 110 (1824 2880 192 ) (1824 2880 672 ) (1696 2880 672 ) (1696 2880 192 ) 
4 105 106 (1368 2912 24 ) (1368 2912 -64 ) (1416 2912 -64 ) (1416 2912 24 ) 
4 106 111 (1368 2880 -64 ) (1416 2880 -64 ) (1416 2880 24 ) (1368 2880 24 ) 
4 107 108 (1184 2944 -48 ) (1184 2944 32 ) (1184 3072 32 ) (1184 3072 -48 ) 
4 108 109 (1152 2944 -48 ) (1152 2944 32 ) (1152 3072 32 ) (1152 3072 -48 ) 
4 109 136 (1024 3072 80 ) (1024 3072 -64 ) (1024 2880 -64 ) (1024 2880 80 ) 
4 109 115 (1024 2880 -64 ) (1152 2880 -64 ) (1152 2880 80 ) (1024 2880 80 ) 
4 111 114 (1360 2560 80 ) (1360 2880 80 ) (1360 2880 -64 ) (1360 2560 -64 ) 
4 112 113 (1376 2312 -64 ) (1432 2312 -64 ) (1432 2312 40 ) (1376 2312 40 ) 
4 113 116 (1376 2304 -64 ) (1432 2304 -64 ) (1432 2304 40 ) (1376 2304 40 ) 
4 114 115 (1152 2560 80 ) (1152 2880 80 ) (1152 2880 -64 ) (1152 2560 -64 ) 
4 115 136 (1024 2880 80 ) (1024 2880 -64 ) (1024 2304 -64 ) (1024 2304 80 ) 
4 115 116 (1024 2304 80 ) (1024 2304 -64 ) (1152 2304 -64 ) (1152 2304 80 ) 
4 116 136 (1024 2048 -64 ) (1024 2048 80 ) (1024 2304 80 ) (1024 2304 -64 ) 
4 116 117 (1024 2048 80 ) (1024 2048 -64 ) (1472 2048 -64 ) (1472 2048 80 ) 
4 117 169 (1024 1984 -64 ) (1024 1984 80 ) (1024 2048 80 ) (1024 2048 -64 ) 
4 118 120 (512 4096 704 ) (1024 4096 704 ) (1024 3584 704 ) (512 3584 704 ) 
4 119 141 (960 3072 1120 ) (0 3072 1120 ) (0 3072 768 ) (960 3072 768 ) 
4 119 129 (0 3072 768 ) (0 3072 1120 ) (0 3168 1120 ) (0 3168 768 ) 
4 121 130 (0 3552 -64 ) (0 3328 -64 ) (0 3328 80 ) (0 3552 80 ) 
4 121 122 (64 3328 -64 ) (576 3328 -64 ) (576 3328 80 ) (64 3328 80 ) 
4 122 124 (89.599976 3296 -64 ) (550.399902 3296 -64 ) (550.399902 3296 80 ) (89.599976 3296 80 ) 
4 123 133 (0 3264 -64 ) (0 3168 -64 ) (0 3168 80 ) (0 3264 80 ) 
4 123 132 (0 3296 -64 ) (0 3264 -64 ) (0 3264 80 ) (0 3296 80 ) 
4 123 125 (0 3168 -64 ) (134.399918 3168 -64 ) (134.399933 3168 80 ) (0 3168 80 ) 
4 125 133 (0 3168 -64 ) (0 3136 -64 ) (0 3136 80 ) (0 3168 80 ) 
4 125 128 (0 3136 -64 ) (160 3136 -64 ) (160 3136 80 ) (0 3136 80 ) 
4 126 127 (505.599915 3168 -64 ) (1024 3168 -64 ) (1024 3168 80 ) (505.599915 3168 80 ) 
4 127 128 (480 3136 -64 ) (1024 3136 -64 ) (1024 3136 80 ) (480 3136 80 ) 
4 128 143 (960 3072 80 ) (0 3072 80 ) (0 3072 -64 ) (960 3072 -64 ) 
4 128 136 (1024 3072 -64 ) (1024 3072 80 ) (992 3072 80 ) (992 3072 -64 ) 
4 128 133 (0 3136 -64 ) (0 3072 -64 ) (0 3072 80 ) (0 3136 80 ) 
4 129 164 (-608 3072 1120 ) (-816 3072 1120 ) (-816 3072 768 ) (-608 3072 768 ) 
4 129 155 (-576 3072 1120 ) (-608 3072 1120 ) (-608 3072 768 ) (-576 3072 768 ) 
4 129 147 (0 3072 768 ) (0 3072 1120 ) (-576 3072 1120 ) (-576 3072 768 ) 
4 130 131 (-512 3328 -64 ) (-384 3328 -64 ) (-384 3328 32 ) (-512 3328 32 ) 
4 131 132 (-512 3296 -64 ) (-384 3296 -64 ) (-384 3296 32 ) (-512 3296 32 ) 
4 132 133 (-576 3264 -64 ) (0 3264 -64 ) (0 3264 80 ) (-576 3264 80 ) 
4 133 151 (-512 3072 80 ) (-576 3072 80 ) (-576 3072 -64 ) (-512 3072 -64 ) 
4 133 150 (0 3072 -64 ) (0 3072 80 ) (-512 3072 80 ) (-512 3072 -64 ) 
4 133 134 (-576 3264 64 ) (-576 3264 -16 ) (-576 3072 -16 ) (-576 3072 64 ) 
4 134 156 (-608 3072 64 ) (-608 3072 -16 ) (-576 3072 -16 ) (-576 3072 64 ) 
4 134 135 (-608 3264 64 ) (-608 3264 -16 ) (-608 3072 -16 ) (-608 3072 64 ) 
4 135 237 (-1024 3264 -64 ) (-1024 3072 -64 ) (-1024 3072 64 ) (-1024 3264 64 ) 
4 135 165 (-1024 3072 64 ) (-1024 3072 -64 ) (-608 3072 -64 ) (-608 3072 64 ) 
4 136 169 (1024 2048 -64 ) (1024 2048 80 ) (992 2048 80 ) (992 2048 -64 ) 
4 136 140 (992 2272 -64 ) (992 2144 -64 ) (992 2144 80 ) (992 2272 80 ) 
4 136 138 (992 2592 -64 ) (992 2464 -64 ) (992 2464 80 ) (992 2592 80 ) 
4 136 139 (992 2432 -64 ) (992 2304 -64 ) (992 2304 80 ) (992 2432 80 ) 
4 136 137 (992 2752 -64 ) (992 2624 -64 ) (992 2624 80 ) (992 2752 80 ) 
4 137 143 (960 2752 -64 ) (960 2624 -64 ) (960 2624 80 ) (960 2752 80 ) 
4 138 143 (960 2592 -64 ) (960 2464 -64 ) (960 2464 80 ) (960 2592 80 ) 
4 139 143 (960 2432 -64 ) (960 2304 -64 ) (960 2304 80 ) (960 2432 80 ) 
4 140 143 (960 2272 -64 ) (960 2144 -64 ) (960 2144 80 ) (960 2272 80 ) 
4 141 168 (960 2048 768 ) (960 2048 1120 ) (0 2048 1120 ) (0 2048 768 ) 
4 141 147 (0 2048 768 ) (0 2048 1120 ) (0 3072 1120 ) (0 3072 768 ) 
4 141 142 (0 2048 768 ) (0 2848 768 ) (960 2848 768 ) (960 2048 768 ) 
4 142 148 (0 2048 128 ) (0 2048 768 ) (0 2848 768 ) (0 2848 128 ) 
4 142 143 (0 2048 128 ) (0 2848 128 ) (960 2848 128 ) (960 2048 128 ) 
4 143 207 (0 2048 64 ) (0 2048 -64 ) (256 2048 -64 ) (256 2048 64 ) 
4 143 191 (512 2048 -64 ) (768 2048 -64 ) (768 2048 64 ) (512 2048 64 ) 
4 143 190 (768 2048 -64 ) (832 2048 -64 ) (832 2048 64 ) (768 2048 64 ) 
4 143 186 (768 2048 128 ) (512 2048 128 ) (512 2048 64 ) (768 2048 64 ) 
4 143 187 (256 2048 128 ) (0 2048 128 ) (0 2048 64 ) (256 2048 64 ) 
4 143 185 (768 2048 80 ) (768 2048 64 ) (832 2048 64 ) (832 2048 80 ) 
4 143 183 (864 2048 80 ) (832 2048 80 ) (832 2048 -64 ) (864 2048 -64 ) 
4 143 175 (896 2048 80 ) (864 2048 80 ) (864 2048 -64 ) (896 2048 -64 ) 
4 143 171 (960 2048 -64 ) (960 2048 80 ) (896 2048 80 ) (896 2048 -64 ) 
4 143 150 (0 2048 -64 ) (0 2048 80 ) (0 3072 80 ) (0 3072 -64 ) 
4 143 149 (0 2048 80 ) (0 2048 128 ) (0 2880 128 ) (0 3072 80 ) 
4 143 145 (640 3072 -64 ) (960 3072 -64 ) (960 2912 -64 ) (512 2912 -64 ) 
3 143 144 (0 3072 -64 ) (128 2912 -64 ) (0 2912 -64 ) 
4 143 146 (960 2912 -64 ) (960 2048 -64 ) (0 2048 -64 ) (0 2912 -64 ) 
4 144 150 (0 2912 -64 ) (0 3072 -64 ) (0 3072 -176 ) (0 2912 -176 ) 
4 144 146 (0 2912 -176 ) (128 2912 -176 ) (128 2912 -64 ) (0 2912 -64 ) 
4 145 146 (512 2912 -176 ) (960 2912 -176 ) (960 2912 -64 ) (512 2912 -64 ) 
4 146 208 (768 2048 -64 ) (512 2048 -64 ) (512 2048 -176 ) (768 2048 -176 ) 
4 146 209 (256 2048 -64 ) (0 2048 -64 ) (0 2048 -176 ) (256 2048 -176 ) 
4 146 150 (0 2048 -176 ) (0 2048 -64 ) (0 2912 -64 ) (0 2912 -176 ) 
4 147 221 (-80 2048 1120 ) (-576 2048 1120 ) (-576 2048 768 ) (-80 2048 768 ) 
4 147 217 (-64 2048 1120 ) (-80 2048 1120 ) (-80 2048 768 ) (-64 2048 768 ) 
4 147 215 (0 2048 768 ) (0 2048 1120 ) (-64 2048 1120 ) (-64 2048 768 ) 
4 147 163 (-576 2048 768 ) (-576 2048 1120 ) (-576 2240 1120 ) (-576 2240 768 ) 
4 147 161 (-576 2240 1120 ) (-576 2496 1120 ) (-576 2496 768 ) (-576 2240 768 ) 
4 147 160 (-576 2496 1120 ) (-576 2624 1120 ) (-576 2624 768 ) (-576 2496 768 ) 
4 147 158 (-576 2624 1120 ) (-576 2880 1120 ) (-576 2880 768 ) (-576 2624 768 ) 
4 147 157 (-576 2880 1120 ) (-576 3008 1120 ) (-576 3008 768 ) (-576 2880 768 ) 
4 147 155 (-576 3008 1120 ) (-576 3072 1120 ) (-576 3072 768 ) (-576 3008 768 ) 
4 147 148 (0 2048 768 ) (-512 2048 768 ) (-512 2848 768 ) (0 2848 768 ) 
4 148 149 (0 2848 128 ) (0 2048 128 ) (-512 2048 128 ) (-512 2848 128 ) 
4 149 150 (-512 3072 80 ) (0 3072 80 ) (0 2048 80 ) (-512 2048 80 ) 
4 150 222 (-80 2048 80 ) (-512 2048 80 ) (-512 2048 -64 ) (-80 2048 -64 ) 
4 150 218 (-64 2048 80 ) (-80 2048 80 ) (-80 2048 -64 ) (-64 2048 -64 ) 
4 150 216 (0 2048 -64 ) (0 2048 80 ) (-64 2048 80 ) (-64 2048 -64 ) 
4 150 154 (-512 2048 -64 ) (-512 2048 80 ) (-512 2112 80 ) (-512 2112 -64 ) 
4 150 152 (-512 2592 80 ) (-512 2912 80 ) (-512 2912 -64 ) (-512 2592 -64 ) 
4 150 153 (-512 2176 80 ) (-512 2528 80 ) (-512 2528 -64 ) (-512 2176 -64 ) 
4 150 151 (-512 2976 80 ) (-512 3072 80 ) (-512 3072 -64 ) (-512 2976 -64 ) 
4 151 156 (-576 3072 64 ) (-576 3072 -16 ) (-576 3008 -16 ) (-576 3008 64 ) 
4 152 159 (-576 2880 64 ) (-576 2880 -16 ) (-576 2624 -16 ) (-576 2624 64 ) 
4 153 162 (-576 2496 64 ) (-576 2496 -16 ) (-576 2240 -16 ) (-576 2240 64 ) 
4 154 222 (-512 2048 -64 ) (-512 2048 80 ) (-576 2048 80 ) (-576 2048 -64 ) 
4 155 164 (-608 3072 1120 ) (-608 3072 768 ) (-608 3008 768 ) (-608 3008 1120 ) 
4 155 157 (-608 3008 1120 ) (-608 3008 768 ) (-576 3008 768 ) (-576 3008 1120 ) 
4 156 165 (-608 3072 64 ) (-608 3072 -16 ) (-608 3008 -16 ) (-608 3008 64 ) 
4 157 164 (-608 2880 768 ) (-608 2880 1120 ) (-608 3008 1120 ) (-608 3008 768 ) 
4 157 158 (-608 2880 1120 ) (-608 2880 768 ) (-576 2880 768 ) (-576 2880 1120 ) 
4 158 164 (-608 2624 768 ) (-608 2624 1120 ) (-608 2880 1120 ) (-608 2880 768 ) 
4 158 160 (-608 2624 1120 ) (-608 2624 768 ) (-576 2624 768 ) (-576 2624 1120 ) 
4 159 166 (-608 2624 -16 ) (-608 2624 64 ) (-608 2880 64 ) (-608 2880 -16 ) 
4 160 164 (-608 2496 768 ) (-608 2496 1120 ) (-608 2624 1120 ) (-608 2624 768 ) 
4 160 161 (-608 2496 1120 ) (-608 2496 768 ) (-576 2496 768 ) (-576 2496 1120 ) 
4 161 164 (-608 2240 768 ) (-608 2240 1120 ) (-608 2496 1120 ) (-608 2496 768 ) 
4 161 163 (-608 2240 1120 ) (-608 2240 768 ) (-576 2240 768 ) (-576 2240 1120 ) 
4 162 167 (-608 2240 -16 ) (-608 2240 64 ) (-608 2496 64 ) (-608 2496 -16 ) 
4 163 221 (-576 2048 768 ) (-576 2048 1120 ) (-608 2048 1120 ) (-608 2048 768 ) 
4 163 164 (-608 2048 768 ) (-608 2048 1120 ) (-608 2240 1120 ) (-608 2240 768 ) 
4 164 221 (-816 2048 768 ) (-608 2048 768 ) (-608 2048 1120 ) (-816 2048 1120 ) 
4 165 238 (-1024 3072 64 ) (-1024 3072 -64 ) (-1024 3008 -64 ) (-1024 3008 64 ) 
4 166 239 (-1024 2880 64 ) (-1024 2880 -64 ) (-1024 2624 -64 ) (-1024 2624 64 ) 
4 167 240 (-1024 2496 64 ) (-1024 2496 -64 ) (-1024 2240 -64 ) (-1024 2240 64 ) 
4 168 215 (0 2048 1120 ) (0 2048 768 ) (0 1728 768 ) (0 1728 1120 ) 
4 169 172 (1024 1984 -32 ) (1024 1984 32 ) (992 1984 32 ) (992 1984 -32 ) 
4 169 170 (992 2044 -64 ) (992 1984 -64 ) (992 1984 80 ) (992 2044 80 ) 
4 170 172 (992 1984 -32 ) (992 1984 32 ) (960 1984 32 ) (960 1984 -32 ) 
4 170 171 (960 2044 -64 ) (960 1984 -64 ) (960 1984 80 ) (960 2044 80 ) 
4 171 175 (896 2048 -64 ) (896 1984 -64 ) (896 1984 80 ) (896 2048 80 ) 
4 171 172 (896 1984 32 ) (896 1984 -32 ) (960 1984 -32 ) (960 1984 32 ) 
4 172 173 (896 1972 -32 ) (1024 1972 -32 ) (1024 1972 32 ) (896 1972 32 ) 
4 173 174 (896 1964 -32 ) (1024 1964 -32 ) (1024 1964 32 ) (896 1964 32 ) 
4 174 177 (1024 1952 -32 ) (1024 1952 32 ) (896 1952 32 ) (896 1952 -32 ) 
4 175 183 (864 2048 -64 ) (864 1984 -64 ) (864 1984 80 ) (864 2048 80 ) 
4 176 181 (896 1824 32 ) (1024 1824 32 ) (1024 1824 80 ) (896 1824 80 ) 
4 176 177 (1024 1824 32 ) (896 1824 32 ) (896 1952 32 ) (1024 1952 32 ) 
4 177 181 (896 1824 -32 ) (1024 1824 -32 ) (1024 1824 32 ) (896 1824 32 ) 
4 177 180 (1024 1824 -32 ) (896 1824 -32 ) (896 1952 -32 ) (1024 1952 -32 ) 
4 177 178 (884 1952 -32 ) (884 1824 -32 ) (884 1824 32 ) (884 1952 32 ) 
4 178 179 (876 1952 -32 ) (876 1824 -32 ) (876 1824 32 ) (876 1952 32 ) 
4 179 183 (864 1824 -32 ) (864 1824 32 ) (864 1952 32 ) (864 1952 -32 ) 
4 180 181 (896 1824 -64 ) (1024 1824 -64 ) (1024 1824 -32 ) (896 1824 -32 ) 
4 181 182 (896 1792 -64 ) (896 1280 -64 ) (896 1280 80 ) (896 1792 80 ) 
4 182 184 (864 1384 -64 ) (864 1336 -64 ) (864 1336 24 ) (864 1384 24 ) 
4 183 190 (832 2048 -64 ) (832 1824 -64 ) (832 1824 64 ) (832 2048 64 ) 
4 183 185 (832 1824 64 ) (832 1824 80 ) (832 2048 80 ) (832 2048 64 ) 
4 184 190 (832 1384 -64 ) (832 1336 -64 ) (832 1336 24 ) (832 1384 24 ) 
4 185 190 (768 2048 64 ) (832 2048 64 ) (832 1280 64 ) (768 1280 64 ) 
4 185 186 (768 2048 64 ) (768 1280 64 ) (768 1280 80 ) (768 2048 80 ) 
4 186 191 (512 2048 64 ) (768 2048 64 ) (768 1056 64 ) (512 1056 64 ) 
4 186 188 (512 1056 64 ) (768 1056 64 ) (768 1056 128 ) (512 1056 128 ) 
4 187 216 (0 2048 80 ) (0 2048 64 ) (0 1280 64 ) (0 1280 80 ) 
4 187 207 (0 1056 64 ) (0 2048 64 ) (256 2048 64 ) (256 1056 64 ) 
4 187 189 (0 1056 64 ) (256 1056 64 ) (256 1056 128 ) (0 1056 128 ) 
4 188 241 (768 1024 128 ) (512 1024 128 ) (512 1024 64 ) (768 1024 64 ) 
4 188 192 (512 1056 64 ) (768 1056 64 ) (768 1024 64 ) (512 1024 64 ) 
4 189 241 (256 1024 128 ) (0 1024 128 ) (0 1024 64 ) (256 1024 64 ) 
4 189 207 (0 1024 64 ) (0 1056 64 ) (256 1056 64 ) (256 1024 64 ) 
4 190 191 (768 2048 -64 ) (768 1280 -64 ) (768 1280 64 ) (768 2048 64 ) 
4 191 210 (768 1152 -64 ) (768 1056 -64 ) (512 1056 -64 ) (512 1152 -64 ) 
4 191 208 (512 2048 -64 ) (768 2048 -64 ) (768 1152 -64 ) (512 1152 -64 ) 
4 191 194 (512 1152 -64 ) (512 1056 -64 ) (512 1056 32 ) (512 1152 32 ) 
4 191 193 (512 1968 -64 ) (512 1792 -64 ) (512 1792 64 ) (512 1968 64 ) 
4 191 192 (512 1056 64 ) (512 1056 -48 ) (768 1056 -48 ) (768 1056 64 ) 
4 192 241 (768 1024 -48 ) (768 1024 64 ) (512 1024 64 ) (512 1024 -48 ) 
4 193 195 (496 1968 -64 ) (496 1792 -64 ) (496 1792 64 ) (496 1968 64 ) 
4 194 210 (512 1152 -64 ) (512 1056 -64 ) (496 1056 -64 ) (496 1152 -64 ) 
4 194 206 (496 1152 -64 ) (496 1056 -64 ) (496 1056 32 ) (496 1152 32 ) 
4 195 199 (464 2032 -64 ) (464 1792 -64 ) (464 1792 64 ) (464 2032 64 ) 
4 196 201 (464 1760 -64 ) (464 1616 -64 ) (464 1616 64 ) (464 1760 64 ) 
4 197 201 (464 1584 -64 ) (464 1424 -64 ) (464 1424 64 ) (464 1584 64 ) 
4 198 206 (464 1152 -64 ) (496 1152 -64 ) (496 1152 32 ) (464 1152 32 ) 
4 198 204 (464 1392 -64 ) (464 1152 -64 ) (464 1152 64 ) (464 1392 64 ) 
4 199 200 (304 1792 -64 ) (464 1792 -64 ) (464 1792 64 ) (304 1792 64 ) 
4 200 201 (304 1760 -64 ) (464 1760 -64 ) (464 1760 64 ) (304 1760 64 ) 
4 201 205 (304 1392 -64 ) (320 1392 -64 ) (320 1392 64 ) (304 1392 64 ) 
4 201 204 (320 1392 -64 ) (464 1392 -64 ) (464 1392 64 ) (320 1392 64 ) 
4 201 202 (304 1760 64 ) (304 1760 -64 ) (304 1616 -64 ) (304 1616 64 ) 
4 201 203 (304 1584 -64 ) (304 1424 -64 ) (304 1424 64 ) (304 1584 64 ) 
4 204 206 (320 1152 -64 ) (464 1152 -64 ) (464 1152 32 ) (320 1152 32 ) 
4 204 205 (320 1392 64 ) (320 1392 -64 ) (320 1168 -64 ) (320 1168 64 ) 
4 206 210 (496 1152 -64 ) (496 1056 -64 ) (416 1056 -64 ) (416 1152 -64 ) 
4 207 251 (0 1024 -56 ) (0 1024 -64 ) (256 1024 -64 ) (256 1024 -56 ) 
4 207 241 (0 1024 64 ) (0 1024 -56 ) (256 1024 -56 ) (256 1024 64 ) 
4 207 216 (0 2048 64 ) (0 2048 -64 ) (0 1280 -64 ) (0 1280 64 ) 
4 207 214 (256 1056 -64 ) (256 1024 -64 ) (0 1024 -64 ) (0 1056 -64 ) 
4 207 212 (256 1152 -64 ) (256 1056 -64 ) (0 1056 -64 ) (0 1152 -64 ) 
4 207 209 (0 2048 -64 ) (256 2048 -64 ) (256 1152 -64 ) (0 1152 -64 ) 
4 208 210 (512 1152 -176 ) (768 1152 -176 ) (768 1152 -64 ) (512 1152 -64 ) 
4 209 212 (0 1152 -176 ) (256 1152 -176 ) (256 1152 -64 ) (0 1152 -64 ) 
4 210 213 (616 1056 -176 ) (664 1056 -176 ) (664 1056 -88 ) (616 1056 -88 ) 
4 210 211 (416 1152 -80 ) (416 1152 -176 ) (416 1056 -176 ) (416 1056 -80 ) 
4 212 214 (0 1056 -176 ) (256 1056 -176 ) (256 1056 -64 ) (0 1056 -64 ) 
4 213 258 (616 1024 -168 ) (616 1024 -176 ) (664 1024 -176 ) (664 1024 -168 ) 
4 213 245 (616 1024 -88 ) (616 1024 -168 ) (640 1024 -168 ) (640 1024 -88 ) 
4 213 244 (640 1024 -168 ) (664 1024 -168 ) (664 1024 -88 ) (640 1024 -88 ) 
4 214 260 (0 1024 -168 ) (0 1024 -176 ) (256 1024 -176 ) (256 1024 -168 ) 
4 214 251 (256 1024 -64 ) (0 1024 -64 ) (0 1024 -168 ) (256 1024 -168 ) 
4 215 217 (-64 2048 1120 ) (-64 2048 768 ) (-64 1728 768 ) (-64 1728 1120 ) 
4 216 220 (-64 1440 -48 ) (-64 1440 32 ) (-64 1552 32 ) (-64 1552 -48 ) 
4 216 219 (-64 1616 -48 ) (-64 1616 32 ) (-64 1728 32 ) (-64 1728 -48 ) 
4 216 218 (-64 2048 80 ) (-64 2048 -64 ) (-64 1984 -64 ) (-64 1984 80 ) 
4 217 225 (-80 1968 768 ) (-80 1728 768 ) (-80 1728 1120 ) (-80 1968 1120 ) 
4 217 223 (-80 1984 768 ) (-80 1968 768 ) (-80 1968 1120 ) (-80 1984 1120 ) 
4 217 221 (-80 2048 1120 ) (-80 2048 768 ) (-80 1984 768 ) (-80 1984 1120 ) 
4 218 222 (-80 2048 80 ) (-80 2048 -64 ) (-80 1984 -64 ) (-80 1984 80 ) 
4 219 227 (-80 1680 -48 ) (-80 1616 -48 ) (-80 1616 32 ) (-80 1680 32 ) 
4 219 226 (-80 1728 32 ) (-80 1728 -48 ) (-80 1680 -48 ) (-80 1680 32 ) 
4 220 227 (-80 1552 32 ) (-80 1552 -48 ) (-80 1440 -48 ) (-80 1440 32 ) 
4 221 223 (-816 1984 768 ) (-80 1984 768 ) (-80 1984 1120 ) (-816 1984 1120 ) 
4 222 224 (-320 1984 -64 ) (-264 1984 -64 ) (-264 1984 40 ) (-320 1984 40 ) 
4 223 225 (-80 1968 768 ) (-80 1968 1120 ) (-816 1968 1120 ) (-816 1968 768 ) 
4 224 226 (-320 1968 40 ) (-320 1968 -64 ) (-264 1968 -64 ) (-264 1968 40 ) 
4 226 227 (-80 1680 -64 ) (-80 1680 80 ) (-304 1680 80 ) (-304 1680 -64 ) 
4 227 228 (-80 1408 -64 ) (-80 1408 80 ) (-304 1408 80 ) (-304 1408 -64 ) 
4 228 230 (-624 1280 80 ) (-624 1280 -64 ) (-320 1280 -64 ) (-320 1280 80 ) 
4 228 229 (-304 1280 -64 ) (-624 1280 -64 ) (-624 1408 -64 ) (-304 1408 -64 ) 
5 229 230 (-624 1280 -64 ) (-624 1280 -176 ) (-416 1280 -176 ) (-320 1280 -80 ) (-320 1280 -64 ) 
4 230 232 (-624 1280 -175.750000 ) (-624 1280 -176 ) (-624 1208 -176 ) (-624 1208 -175.750000 ) 
4 230 231 (-624 1272 -71.750000 ) (-624 1272 -175.750000 ) (-624 1216 -175.750000 ) (-624 1216 -71.750000 ) 
4 231 233 (-640 1216 -71.750000 ) (-640 1272 -71.750000 ) (-640 1272 -175.750000 ) (-640 1216 -175.750000 ) 
4 231 232 (-640 1216 -175.750000 ) (-640 1272 -175.750000 ) (-624 1272 -175.750000 ) (-624 1216 -175.750000 ) 
4 232 233 (-640 1208 -176 ) (-640 1208 -175.750000 ) (-640 1280 -175.750000 ) (-640 1280 -176 ) 
4 233 269 (-640 1024 -176 ) (-640 1024 -48 ) (-768 1024 -48 ) (-768 1024 -176 ) 
4 233 235 (-768 1288 -176 ) (-768 1216 -176 ) (-768 1216 -175.750000 ) (-768 1288 -175.750000 ) 
4 233 234 (-768 1280 -71.750000 ) (-768 1280 -175.750000 ) (-768 1224 -175.750000 ) (-768 1224 -71.750000 ) 
4 234 236 (-784 1280 -71.750000 ) (-784 1280 -175.750000 ) (-784 1224 -175.750000 ) (-784 1224 -71.750000 ) 
4 234 235 (-784 1224 -175.750000 ) (-784 1280 -175.750000 ) (-768 1280 -175.750000 ) (-768 1224 -175.750000 ) 
4 235 236 (-784 1216 -176 ) (-784 1216 -175.750000 ) (-784 1288 -175.750000 ) (-784 1288 -176 ) 
4 237 238 (-1024 3072 -64 ) (-1024 3072 64 ) (-1760 3072 64 ) (-1760 3072 -64 ) 
4 241 261 (0 1024 128 ) (0 1024 -56 ) (0 640 -56 ) (0 640 128 ) 
4 241 251 (0 640 -56 ) (0 1024 -56 ) (384 1024 -56 ) (384 640 -56 ) 
4 241 250 (384 1024 -56 ) (576 1024 -56 ) (576 640 -56 ) (384 640 -56 ) 
4 241 245 (576 1024 -56 ) (640 1024 -56 ) (640 640 -56 ) (576 640 -56 ) 
4 241 244 (640 1024 -56 ) (864 1024 -56 ) (864 640 -56 ) (640 640 -56 ) 
4 241 243 (864 1024 -56 ) (1024 1024 -56 ) (1024 640 -56 ) (864 640 -56 ) 
4 242 270 (0 0 136 ) (0 0 -56 ) (104 0 -56 ) (104 0 136 ) 
4 242 263 (0 112 -56 ) (0 0 -56 ) (0 0 136 ) (0 112 136 ) 
4 242 257 (0 0 -56 ) (0 112 -56 ) (104 112 -56 ) (104 0 -56 ) 
4 243 258 (864 1024 -168 ) (1024 1024 -168 ) (1024 640 -168 ) (864 640 -168 ) 
4 243 244 (864 1024 -168 ) (864 640 -168 ) (864 640 -56 ) (864 1024 -56 ) 
4 244 259 (864 640 -168 ) (864 624 -168 ) (640 624 -168 ) (640 640 -168 ) 
4 244 258 (640 1024 -168 ) (864 1024 -168 ) (864 640 -168 ) (640 640 -168 ) 
4 244 246 (640 256 -168 ) (864 256 -168 ) (864 256 -56 ) (640 256 -56 ) 
4 244 245 (640 1024 -168 ) (640 480 -168 ) (640 480 -56 ) (640 1024 -56 ) 
4 245 259 (576 624 -168 ) (576 640 -168 ) (640 640 -168 ) (640 624 -168 ) 
4 245 258 (576 640 -168 ) (576 1024 -168 ) (640 1024 -168 ) (640 640 -168 ) 
4 245 250 (576 1024 -168 ) (576 480 -168 ) (576 480 -56 ) (576 1024 -56 ) 
4 246 248 (656 128 -168 ) (720 128 -168 ) (720 128 -60 ) (656 128 -60 ) 
4 246 247 (608 224 -168 ) (608 160 -168 ) (608 160 -60 ) (608 224 -60 ) 
4 247 252 (576 176 -168 ) (576 160 -168 ) (576 160 -60 ) (576 176 -60 ) 
4 247 250 (576 224 -168 ) (576 176 -168 ) (576 176 -60 ) (576 224 -60 ) 
4 248 249 (656 96 -60 ) (656 96 -168 ) (720 96 -168 ) (720 96 -60 ) 
4 249 272 (720 0 -56 ) (656 0 -56 ) (656 0 -168 ) (720 0 -168 ) 
4 250 259 (576 640 -168 ) (576 624 -168 ) (384 624 -168 ) (384 640 -168 ) 
4 250 258 (384 1024 -168 ) (576 1024 -168 ) (576 640 -168 ) (384 640 -168 ) 
4 250 252 (384 176 -168 ) (576 176 -168 ) (576 176 -56 ) (384 176 -56 ) 
4 250 251 (384 1024 -168 ) (384 640 -168 ) (384 640 -56 ) (384 1024 -56 ) 
4 251 261 (0 1024 -56 ) (0 1024 -168 ) (0 640 -168 ) (0 640 -56 ) 
4 251 260 (0 640 -168 ) (0 1024 -168 ) (384 1024 -168 ) (384 640 -168 ) 
4 252 255 (384 112 -168 ) (576 112 -168 ) (576 112 -56 ) (384 112 -56 ) 
4 252 253 (384 160 -168 ) (384 112 -168 ) (384 112 -56 ) (384 160 -56 ) 
4 253 255 (336 112 -168 ) (384 112 -168 ) (384 112 -56 ) (336 112 -56 ) 
4 254 262 (0 112 -120 ) (0 112 -56 ) (0 176 -56 ) (0 176 -120 ) 
4 254 257 (104 112 -120 ) (104 112 -56 ) (0 112 -56 ) (0 112 -120 ) 
4 255 284 (384 0 -56 ) (184 0 -56 ) (184 0 -168 ) (384 0 -168 ) 
4 255 279 (576 0 -56 ) (384 0 -56 ) (384 0 -168 ) (576 0 -168 ) 
4 255 256 (184 24 -168 ) (184 0 -168 ) (184 0 -64 ) (184 24 -64 ) 
4 256 286 (168 0 -64 ) (168 0 -168 ) (184 0 -168 ) (184 0 -64 ) 
4 256 257 (168 24 -168 ) (168 0 -168 ) (168 0 -64 ) (168 24 -64 ) 
4 257 288 (104 0 -56 ) (0 0 -56 ) (0 0 -168 ) (104 0 -168 ) 
4 257 287 (168 0 -56 ) (104 0 -56 ) (104 0 -168 ) (168 0 -168 ) 
4 257 263 (0 112 -168 ) (0 0 -168 ) (0 0 -56 ) (0 112 -56 ) 
4 258 260 (384 640 -168 ) (384 1024 -168 ) (384 1024 -176 ) (384 640 -176 ) 
4 258 259 (384 640 -168 ) (384 640 -176 ) (864 640 -176 ) (864 640 -168 ) 
4 260 261 (0 1024 -168 ) (0 1024 -176 ) (0 640 -176 ) (0 640 -168 ) 
4 261 267 (-384 856 -72 ) (-384 856 -176 ) (-384 800 -176 ) (-384 800 -72 ) 
4 262 263 (0 112 -120 ) (0 112 -56 ) (-120 112 -56 ) (-120 112 -120 ) 
4 263 290 (0 0 -168 ) (0 0 136 ) (-120 0 136 ) (-120 0 -168 ) 
4 263 264 (-120 112 -56 ) (-120 112 -168 ) (-120 0 -168 ) (-120 0 -56 ) 
4 264 292 (-120 0 -168 ) (-120 0 -56 ) (-184 0 -56 ) (-184 0 -168 ) 
4 264 265 (-184 24 -168 ) (-184 0 -168 ) (-184 0 -64 ) (-184 24 -64 ) 
4 265 293 (-184 0 -168 ) (-184 0 -64 ) (-200 0 -64 ) (-200 0 -168 ) 
4 265 266 (-200 24 -168 ) (-200 0 -168 ) (-200 0 -64 ) (-200 24 -64 ) 
4 266 294 (-200 0 -168 ) (-200 0 -40 ) (-272 0 -40 ) (-272 0 -168 ) 
4 267 268 (-400 856 -176 ) (-400 800 -176 ) (-400 800 -72 ) (-400 856 -72 ) 
4 268 269 (-640 896 -176 ) (-640 768 -176 ) (-640 768 -48 ) (-640 896 -48 ) 
4 270 290 (0 0 136 ) (0 0 -56 ) (0 -80 -56 ) (0 -80 136 ) 
4 270 288 (0 -80 -56 ) (0 0 -56 ) (104 0 -56 ) (104 -80 -56 ) 
4 270 271 (0 -80 -56 ) (104 -80 -56 ) (104 -80 136 ) (0 -80 136 ) 
4 271 290 (0 -80 -56 ) (0 -112 -56 ) (0 -112 136 ) (0 -80 136 ) 
4 271 288 (0 -112 -56 ) (0 -80 -56 ) (104 -80 -56 ) (104 -112 -56 ) 
4 272 273 (656 -80 -60 ) (656 -80 -168 ) (720 -80 -168 ) (720 -80 -60 ) 
4 273 274 (656 -112 -168 ) (720 -112 -168 ) (720 -112 -60 ) (656 -112 -60 ) 
4 274 276 (608 -224 -168 ) (768 -224 -168 ) (768 -224 -56 ) (608 -224 -56 ) 
4 274 275 (608 -160 -168 ) (608 -224 -168 ) (608 -224 -60 ) (608 -160 -60 ) 
4 275 279 (576 -160 -168 ) (576 -224 -168 ) (576 -224 -60 ) (576 -160 -60 ) 
4 276 277 (704 -256 -168 ) (768 -256 -168 ) (768 -256 -56 ) (704 -256 -56 ) 
4 277 278 (704 -400 -168 ) (704 -464 -168 ) (704 -464 -56 ) (704 -400 -56 ) 
4 278 281 (576 -400 -168 ) (576 -464 -168 ) (576 -464 -56 ) (576 -400 -56 ) 
4 279 285 (384 -112 -168 ) (384 -160 -168 ) (384 -160 -56 ) (384 -112 -56 ) 
4 279 284 (384 0 -168 ) (384 -112 -168 ) (384 -112 -56 ) (384 0 -56 ) 
4 279 280 (432 -256 -168 ) (496 -256 -168 ) (496 -256 -60 ) (432 -256 -60 ) 
4 280 281 (432 -288 -168 ) (496 -288 -168 ) (496 -288 -60 ) (432 -288 -60 ) 
4 281 282 (432 -496 -168 ) (496 -496 -168 ) (496 -496 -60 ) (432 -496 -60 ) 
4 282 283 (432 -528 -168 ) (496 -528 -168 ) (496 -528 -60 ) (432 -528 -60 ) 
4 284 286 (184 0 -168 ) (184 -32 -168 ) (184 -32 -64 ) (184 0 -64 ) 
4 284 285 (336 -112 -168 ) (384 -112 -168 ) (384 -112 -56 ) (336 -112 -56 ) 
4 286 287 (168 0 -168 ) (168 -32 -168 ) (168 -32 -64 ) (168 0 -64 ) 
4 287 288 (104 0 -168 ) (104 -112 -168 ) (104 -112 -56 ) (104 0 -56 ) 
4 288 290 (0 -112 -56 ) (0 0 -56 ) (0 0 -168 ) (0 -112 -168 ) 
4 288 289 (104 -112 -120 ) (104 -112 -56 ) (0 -112 -56 ) (0 -112 -120 ) 
4 289 291 (0 -176 -56 ) (0 -112 -56 ) (0 -112 -120 ) (0 -176 -120 ) 
4 290 292 (-120 -112 -168 ) (-120 -112 -56 ) (-120 0 -56 ) (-120 0 -168 ) 
4 290 291 (-120 -112 -56 ) (-120 -112 -120 ) (0 -112 -120 ) (0 -112 -56 ) 
4 292 293 (-184 0 -64 ) (-184 0 -168 ) (-184 -32 -168 ) (-184 -32 -64 ) 
4 293 294 (-200 0 -64 ) (-200 0 -168 ) (-200 -32 -168 ) (-200 -32 -64 ) 
