PRT1
130
255
4 0 3 (2048 2176 -576 ) (2048 2176 -448 ) (2048 2464 -448 ) (2048 2464 -576 ) 
4 0 2 (2432 2176 -576 ) (2432 2176 -448 ) (2048 2176 -448 ) (2048 2176 -576 ) 
4 1 5 (2912 2048 -576 ) (2912 2048 -448 ) (2528 2048 -448 ) (2528 2048 -576 ) 
4 1 2 (2528 2176 -448 ) (2528 2176 -576 ) (2528 2048 -576 ) (2528 2048 -448 ) 
4 2 24 (2048 2048 -384 ) (2048 2048 -576 ) (2304 2048 -576 ) (2304 2048 -384 ) 
4 2 19 (2048 2048 -256 ) (2048 2048 -384 ) (2256 2048 -384 ) (2256 2048 -256 ) 
4 2 18 (2256 2048 -384 ) (2304 2048 -384 ) (2304 2048 -256 ) (2256 2048 -256 ) 
4 2 17 (2304 2048 -208 ) (2048 2048 -208 ) (2048 2048 -256 ) (2304 2048 -256 ) 
4 2 16 (2304 2048 -416 ) (2304 2048 -576 ) (2432 2048 -576 ) (2432 2048 -416 ) 
4 2 15 (2304 2048 -384 ) (2304 2048 -416 ) (2432 2048 -416 ) (2432 2048 -384 ) 
4 2 10 (2304 2048 -256 ) (2304 2048 -384 ) (2416 2048 -384 ) (2416 2048 -256 ) 
4 2 8 (2416 2048 -384 ) (2432 2048 -384 ) (2432 2048 -256 ) (2416 2048 -256 ) 
4 2 7 (2432 2048 -208 ) (2304 2048 -208 ) (2304 2048 -256 ) (2432 2048 -256 ) 
4 2 6 (2528 2048 -576 ) (2528 2048 -208 ) (2432 2048 -208 ) (2432 2048 -576 ) 
4 2 4 (2048 2048 -576 ) (2048 2048 -208 ) (2048 2176 -208 ) (2048 2176 -576 ) 
4 3 4 (2048 2176 -576 ) (2048 2176 -448 ) (1696 2176 -448 ) (1696 2176 -576 ) 
4 4 45 (1664 2048 -208 ) (1600 2048 -208 ) (1600 2048 -576 ) (1664 2048 -576 ) 
4 4 44 (1664 2048 -416 ) (1664 2048 -576 ) (1792 2048 -576 ) (1792 2048 -416 ) 
4 4 43 (1664 2048 -384 ) (1664 2048 -416 ) (1792 2048 -416 ) (1792 2048 -384 ) 
4 4 38 (1664 2048 -256 ) (1664 2048 -384 ) (1680 2048 -384 ) (1680 2048 -256 ) 
4 4 36 (1680 2048 -384 ) (1792 2048 -384 ) (1792 2048 -256 ) (1680 2048 -256 ) 
4 4 35 (1792 2048 -208 ) (1664 2048 -208 ) (1664 2048 -256 ) (1792 2048 -256 ) 
4 4 33 (2048 2048 -576 ) (2048 2048 -384 ) (1792 2048 -384 ) (1792 2048 -576 ) 
4 4 29 (1840 2048 -256 ) (1792 2048 -256 ) (1792 2048 -384 ) (1840 2048 -384 ) 
4 4 27 (2048 2048 -384 ) (2048 2048 -256 ) (1840 2048 -256 ) (1840 2048 -384 ) 
4 4 26 (2048 2048 -256 ) (2048 2048 -208 ) (1792 2048 -208 ) (1792 2048 -256 ) 
4 5 6 (2528 1760 -576 ) (2528 1760 -448 ) (2528 2048 -448 ) (2528 2048 -576 ) 
4 6 16 (2432 2048 -416 ) (2432 2048 -576 ) (2432 1568 -576 ) (2432 1568 -416 ) 
4 6 15 (2432 2048 -384 ) (2432 2048 -416 ) (2432 1728 -416 ) (2432 1728 -384 ) 
4 6 11 (2432 1584 -368 ) (2432 1584 -272 ) (2432 1696 -272 ) (2432 1696 -368 ) 
4 6 8 (2432 2048 -256 ) (2432 2048 -384 ) (2432 1728 -384 ) (2432 1728 -256 ) 
4 6 7 (2432 2048 -208 ) (2432 2048 -256 ) (2432 1728 -256 ) (2432 1728 -208 ) 
4 7 17 (2304 1856 -208 ) (2304 2048 -208 ) (2304 2048 -256 ) (2304 1856 -256 ) 
4 7 10 (2304 1856 -256 ) (2304 2048 -256 ) (2416 2048 -256 ) (2416 1744 -256 ) 
4 7 8 (2416 2048 -256 ) (2432 2048 -256 ) (2432 1728 -256 ) (2416 1744 -256 ) 
4 8 15 (2416 2048 -384 ) (2432 2048 -384 ) (2432 1728 -384 ) (2416 1744 -384 ) 
4 8 10 (2416 2048 -384 ) (2416 1744 -384 ) (2416 1744 -256 ) (2416 2048 -256 ) 
4 9 21 (2304 1696 -256 ) (2304 1840 -256 ) (2304 1840 -384 ) (2304 1696 -384 ) 
4 9 12 (2304 1696 -384 ) (2416 1696 -384 ) (2416 1696 -256 ) (2304 1696 -256 ) 
4 10 18 (2304 1856 -256 ) (2304 2048 -256 ) (2304 2048 -384 ) (2304 1856 -384 ) 
4 10 15 (2304 1856 -384 ) (2304 2048 -384 ) (2416 2048 -384 ) (2416 1744 -384 ) 
4 11 12 (2416 1696 -272 ) (2416 1696 -368 ) (2416 1584 -368 ) (2416 1584 -272 ) 
4 12 21 (2304 1584 -256 ) (2304 1696 -256 ) (2304 1696 -384 ) (2304 1584 -384 ) 
4 12 14 (2304 1584 -384 ) (2416 1584 -384 ) (2416 1584 -256 ) (2304 1584 -256 ) 
4 13 46 (2432 1024 -384 ) (2432 1024 -256 ) (2416 1024 -256 ) (2416 1024 -384 ) 
4 13 14 (2416 1520 -384 ) (2416 1024 -384 ) (2416 1024 -256 ) (2416 1520 -256 ) 
4 14 47 (2368 1024 -256 ) (2304 1024 -256 ) (2304 1024 -384 ) (2368 1024 -384 ) 
4 14 46 (2416 1024 -256 ) (2368 1024 -256 ) (2368 1024 -384 ) (2416 1024 -384 ) 
4 14 23 (2304 1088 -256 ) (2304 1216 -256 ) (2304 1216 -384 ) (2304 1088 -384 ) 
4 14 22 (2304 1392 -256 ) (2304 1520 -256 ) (2304 1520 -384 ) (2304 1392 -384 ) 
4 14 21 (2304 1568 -256 ) (2304 1584 -256 ) (2304 1584 -384 ) (2304 1568 -384 ) 
4 15 24 (2304 1856 -384 ) (2304 2048 -384 ) (2304 2048 -416 ) (2304 1856 -416 ) 
4 15 16 (2304 1856 -416 ) (2304 2048 -416 ) (2432 2048 -416 ) (2432 1728 -416 ) 
4 16 25 (2304 1568 -576 ) (2304 1568 -416 ) (2304 1856 -416 ) (2304 1856 -576 ) 
4 16 24 (2304 1856 -416 ) (2304 2048 -416 ) (2304 2048 -576 ) (2304 1856 -576 ) 
4 17 26 (2048 2048 -208 ) (2048 2048 -256 ) (2048 1856 -256 ) (2048 1856 -208 ) 
4 17 19 (2048 2048 -256 ) (2256 2048 -256 ) (2256 1856 -256 ) (2048 1856 -256 ) 
4 17 18 (2256 2048 -256 ) (2304 2048 -256 ) (2304 1856 -256 ) (2256 1856 -256 ) 
4 18 24 (2256 2048 -384 ) (2304 2048 -384 ) (2304 1856 -384 ) (2256 1856 -384 ) 
4 18 19 (2256 2048 -384 ) (2256 1856 -384 ) (2256 1856 -256 ) (2256 2048 -256 ) 
4 19 27 (2048 2048 -256 ) (2048 2048 -384 ) (2048 1856 -384 ) (2048 1856 -256 ) 
4 19 24 (2048 1856 -384 ) (2048 2048 -384 ) (2256 2048 -384 ) (2256 1856 -384 ) 
4 19 20 (2256 1856 -368 ) (2256 1856 -272 ) (2048 1856 -272 ) (2048 1856 -368 ) 
4 20 28 (2048 1840 -368 ) (2048 1840 -272 ) (2048 1856 -272 ) (2048 1856 -368 ) 
4 20 21 (2256 1840 -368 ) (2256 1840 -272 ) (2048 1840 -272 ) (2048 1840 -368 ) 
4 21 30 (2048 1840 -384 ) (2048 1568 -384 ) (2048 1568 -256 ) (2048 1840 -256 ) 
4 22 31 (2048 1520 -384 ) (2048 1392 -384 ) (2048 1392 -256 ) (2048 1520 -256 ) 
4 23 32 (2048 1216 -384 ) (2048 1088 -384 ) (2048 1088 -256 ) (2048 1216 -256 ) 
4 24 33 (2048 2048 -384 ) (2048 2048 -576 ) (2048 1856 -576 ) (2048 1856 -384 ) 
4 24 25 (2048 1856 -576 ) (2304 1856 -576 ) (2304 1856 -416 ) (2048 1856 -416 ) 
4 25 34 (2048 1856 -576 ) (2048 1568 -576 ) (2048 1568 -416 ) (2048 1856 -416 ) 
4 26 35 (1792 1856 -208 ) (1792 2048 -208 ) (1792 2048 -256 ) (1792 1856 -256 ) 
4 26 29 (1792 1856 -256 ) (1792 2048 -256 ) (1840 2048 -256 ) (1840 1856 -256 ) 
4 26 27 (1840 2048 -256 ) (2048 2048 -256 ) (2048 1856 -256 ) (1840 1856 -256 ) 
4 27 33 (1840 2048 -384 ) (2048 2048 -384 ) (2048 1856 -384 ) (1840 1856 -384 ) 
4 27 29 (1840 2048 -384 ) (1840 1856 -384 ) (1840 1856 -256 ) (1840 2048 -256 ) 
4 27 28 (1840 1856 -272 ) (1840 1856 -368 ) (2048 1856 -368 ) (2048 1856 -272 ) 
4 28 30 (2048 1840 -368 ) (2048 1840 -272 ) (1840 1840 -272 ) (1840 1840 -368 ) 
4 29 36 (1792 1856 -256 ) (1792 2048 -256 ) (1792 2048 -384 ) (1792 1856 -384 ) 
4 29 33 (1792 1856 -384 ) (1792 2048 -384 ) (1840 2048 -384 ) (1840 1856 -384 ) 
4 30 41 (1792 1568 -256 ) (1792 1584 -256 ) (1792 1584 -384 ) (1792 1568 -384 ) 
4 30 39 (1792 1584 -256 ) (1792 1696 -256 ) (1792 1696 -384 ) (1792 1584 -384 ) 
4 30 37 (1792 1696 -256 ) (1792 1840 -256 ) (1792 1840 -384 ) (1792 1696 -384 ) 
4 31 41 (1792 1392 -256 ) (1792 1520 -256 ) (1792 1520 -384 ) (1792 1392 -384 ) 
4 32 41 (1792 1088 -256 ) (1792 1216 -256 ) (1792 1216 -384 ) (1792 1088 -384 ) 
4 33 44 (1792 2048 -416 ) (1792 2048 -576 ) (1792 1856 -576 ) (1792 1856 -416 ) 
4 33 43 (1792 1856 -384 ) (1792 2048 -384 ) (1792 2048 -416 ) (1792 1856 -416 ) 
4 33 34 (1792 1856 -576 ) (2048 1856 -576 ) (2048 1856 -416 ) (1792 1856 -416 ) 
4 34 44 (1792 1568 -576 ) (1792 1568 -416 ) (1792 1856 -416 ) (1792 1856 -576 ) 
4 35 45 (1664 2048 -208 ) (1664 2048 -256 ) (1664 1728 -256 ) (1664 1728 -208 ) 
4 35 38 (1664 1728 -256 ) (1664 2048 -256 ) (1680 2048 -256 ) (1680 1744 -256 ) 
4 35 36 (1680 2048 -256 ) (1792 2048 -256 ) (1792 1856 -256 ) (1680 1744 -256 ) 
4 36 43 (1680 2048 -384 ) (1792 2048 -384 ) (1792 1856 -384 ) (1680 1744 -384 ) 
4 36 38 (1680 2048 -384 ) (1680 1744 -384 ) (1680 1744 -256 ) (1680 2048 -256 ) 
4 37 39 (1680 1696 -384 ) (1792 1696 -384 ) (1792 1696 -256 ) (1680 1696 -256 ) 
4 38 45 (1664 2048 -256 ) (1664 2048 -384 ) (1664 1728 -384 ) (1664 1728 -256 ) 
4 38 43 (1664 1728 -384 ) (1664 2048 -384 ) (1680 2048 -384 ) (1680 1744 -384 ) 
4 39 41 (1680 1584 -384 ) (1792 1584 -384 ) (1792 1584 -256 ) (1680 1584 -256 ) 
4 39 40 (1680 1696 -272 ) (1680 1696 -368 ) (1680 1584 -368 ) (1680 1584 -272 ) 
4 40 45 (1664 1584 -368 ) (1664 1584 -272 ) (1664 1696 -272 ) (1664 1696 -368 ) 
4 41 65 (1792 1024 -384 ) (1792 1024 -256 ) (1680 1024 -256 ) (1680 1024 -384 ) 
4 41 42 (1680 1520 -384 ) (1680 1024 -384 ) (1680 1024 -256 ) (1680 1520 -256 ) 
4 42 65 (1680 1024 -256 ) (1664 1024 -256 ) (1664 1024 -384 ) (1680 1024 -384 ) 
4 43 45 (1664 2048 -384 ) (1664 2048 -416 ) (1664 1728 -416 ) (1664 1728 -384 ) 
4 43 44 (1664 1728 -416 ) (1664 2048 -416 ) (1792 2048 -416 ) (1792 1856 -416 ) 
4 44 45 (1664 2048 -416 ) (1664 2048 -576 ) (1664 1568 -576 ) (1664 1568 -416 ) 
4 46 47 (2368 784 -256 ) (2368 1024 -256 ) (2368 1024 -384 ) (2368 784 -384 ) 
4 47 50 (2304 880 -384 ) (2304 784 -384 ) (2304 784 -256 ) (2304 880 -256 ) 
4 48 52 (2304 512 -256 ) (2304 624 -256 ) (2304 624 -512 ) (2304 512 -512 ) 
4 49 74 (2368 0 -416 ) (2368 0 -256 ) (2304 0 -256 ) (2304 0 -416 ) 
4 49 53 (2304 0 -416 ) (2304 0 -256 ) (2304 432 -256 ) (2304 432 -416 ) 
4 50 63 (2048 752 -384 ) (2048 752 -256 ) (2048 880 -256 ) (2048 880 -384 ) 
4 50 51 (2304 752 -384 ) (2304 752 -256 ) (2176 752 -256 ) (2176 752 -384 ) 
4 51 52 (2304 624 -512 ) (2304 624 -256 ) (2176 624 -256 ) (2176 624 -512 ) 
4 52 72 (2048 432 -512 ) (2048 432 -416 ) (2048 624 -416 ) (2048 624 -512 ) 
4 52 67 (2048 432 -416 ) (2048 432 -256 ) (2048 624 -256 ) (2048 624 -416 ) 
4 52 54 (2112 432 -256 ) (2048 432 -256 ) (2048 432 -416 ) (2112 432 -416 ) 
4 52 53 (2304 432 -512 ) (2304 432 -256 ) (2112 432 -256 ) (2112 432 -512 ) 
4 53 76 (2304 0 -512 ) (2304 0 -416 ) (2112 0 -416 ) (2112 0 -512 ) 
4 53 74 (2304 0 -416 ) (2304 0 -256 ) (2112 0 -256 ) (2112 0 -416 ) 
4 53 54 (2112 432 -256 ) (2112 432 -416 ) (2112 0 -416 ) (2112 0 -256 ) 
4 54 74 (2112 0 -416 ) (2112 0 -256 ) (2048 0 -256 ) (2048 0 -416 ) 
4 54 69 (2048 128 -256 ) (2048 256 -256 ) (2048 256 -416 ) (2048 128 -416 ) 
4 54 67 (2048 368 -256 ) (2048 432 -256 ) (2048 432 -416 ) (2048 368 -416 ) 
4 55 93 (1024 80 128 ) (1024 0 128 ) (1024 0 208 ) (1024 80 208 ) 
4 55 79 (1104 0 208 ) (1024 0 208 ) (1024 0 128 ) (1104 0 128 ) 
4 55 61 (1024 0 128 ) (1024 80 128 ) (1104 80 128 ) (1104 0 128 ) 
4 56 62 (2048 256 -32 ) (2048 128 -32 ) (1664.002563 128 -32 ) (1664.002563 256 -32 ) 
4 56 59 (1152 256 -32 ) (1152 128 -32 ) (1152 128 128 ) (1152 256 128 ) 
4 56 57 (1456 128 -32 ) (1584 128 -32 ) (1584 128 128 ) (1456 128 128 ) 
4 57 80 (1584 0 128 ) (1456 0 128 ) (1456 0 -32 ) (1584 0 -32 ) 
4 58 60 (1104 656 128 ) (1104 656 -32 ) (1104 512 -32 ) (1104 512 128 ) 
4 59 60 (1104 256 -32 ) (1104 80 -32 ) (1104 80 128 ) (1104 256 128 ) 
4 60 97 (1024 256 -32 ) (1024 80 -32 ) (1024 80 128 ) (1024 256 128 ) 
4 60 95 (1024 512 -32 ) (1024 256 -32 ) (1024 256 128 ) (1024 512 128 ) 
4 60 94 (1024 656 -32 ) (1024 512 -32 ) (1024 512 128 ) (1024 656 128 ) 
4 60 61 (1024 80 -32 ) (1104 80 -32 ) (1104 80 128 ) (1024 80 128 ) 
4 61 97 (1024 80 -32 ) (1024 0 -32 ) (1024 0 128 ) (1024 80 128 ) 
4 61 81 (1104 0 128 ) (1024 0 128 ) (1024 0 -32 ) (1104 0 -32 ) 
4 62 69 (1888.002441 256 -256 ) (2048 256 -256 ) (2048 128 -256 ) (1888.002441 128 -256 ) 
4 63 65 (1792 784 -256 ) (1792 880 -256 ) (1792 880 -384 ) (1792 784 -384 ) 
4 63 64 (1792 752 -256 ) (1792 752 -384 ) (1920 752 -384 ) (1920 752 -256 ) 
4 64 72 (1792 624 -416 ) (1792 624 -512 ) (1920 624 -512 ) (1920 624 -416 ) 
4 64 67 (1920 624 -256 ) (1792 624 -256 ) (1792 624 -416 ) (1920 624 -416 ) 
4 66 107 (1024 624 -416 ) (1024 624 -256 ) (1024 688 -256 ) (1024 688 -416 ) 
4 66 67 (1712 624 -256 ) (1024 624 -256 ) (1024 624 -416 ) (1712 624 -416 ) 
4 67 108 (1024 368 -256 ) (1024 624 -256 ) (1024 624 -416 ) (1024 368 -416 ) 
4 67 73 (1024 368 -416 ) (1024 432 -416 ) (1152 432 -416 ) (1152 368 -416 ) 
4 67 72 (1024 432 -416 ) (1024 624 -416 ) (2048 624 -416 ) (2048 432 -416 ) 
4 67 68 (1024 368 -416 ) (1216 368 -416 ) (1216 368 -256 ) (1024 368 -256 ) 
4 68 108 (1024 256 -256 ) (1024 368 -256 ) (1024 368 -416 ) (1024 256 -416 ) 
4 68 73 (1024 256 -416 ) (1024 368 -416 ) (1152 368 -416 ) (1152 256 -416 ) 
4 68 70 (1024 256 -416 ) (1216 256 -416 ) (1216 256 -256 ) (1024 256 -256 ) 
4 70 108 (1024 128 -256 ) (1024 256 -256 ) (1024 256 -416 ) (1024 128 -416 ) 
4 70 73 (1024 128 -416 ) (1024 256 -416 ) (1152 256 -416 ) (1152 128 -416 ) 
4 70 71 (1024 128 -416 ) (1216 128 -416 ) (1216 128 -256 ) (1024 128 -256 ) 
4 71 108 (1024 0 -416 ) (1024 0 -256 ) (1024 128 -256 ) (1024 128 -416 ) 
4 71 83 (1216 0 -256 ) (1024 0 -256 ) (1024 0 -416 ) (1216 0 -416 ) 
4 71 73 (1152 0 -416 ) (1024 0 -416 ) (1024 128 -416 ) (1152 128 -416 ) 
4 72 108 (1024 432 -512 ) (1024 432 -416 ) (1024 624 -416 ) (1024 624 -512 ) 
4 72 73 (1152 432 -416 ) (1024 432 -416 ) (1024 432 -512 ) (1152 432 -512 ) 
4 73 108 (1024 0 -512 ) (1024 0 -416 ) (1024 432 -416 ) (1024 432 -512 ) 
4 73 87 (1152 0 -512 ) (1152 0 -416 ) (1024 0 -416 ) (1024 0 -512 ) 
4 74 88 (2048 -432 -416 ) (2048 -752 -416 ) (2048 -752 -256 ) (2048 -432 -256 ) 
4 74 84 (2048 -224 -416 ) (2048 -304 -416 ) (2048 -304 -256 ) (2048 -224 -256 ) 
4 74 78 (2064 -688 -416 ) (2304 -688 -416 ) (2304 -752 -416 ) (2064 -752 -416 ) 
4 74 77 (2048 -688 -416 ) (2048 -496 -416 ) (2304 -496 -416 ) (2304 -688 -416 ) 
4 74 76 (2112 0 -416 ) (2304 0 -416 ) (2304 -496 -416 ) (2112 -496 -416 ) 
4 74 75 (2368 -560 -416 ) (2368 -752 -416 ) (2304 -752 -416 ) (2304 -560 -416 ) 
4 75 78 (2304 -752 -416 ) (2304 -688 -416 ) (2304 -688 -512 ) (2304 -752 -512 ) 
4 75 77 (2304 -688 -416 ) (2304 -560 -416 ) (2304 -656 -512 ) (2304 -688 -512 ) 
4 76 77 (2304 -496 -512 ) (2304 -496 -416 ) (2112 -496 -416 ) (2112 -496 -512 ) 
4 77 89 (2048 -688 -512 ) (2048 -688 -416 ) (2048 -496 -416 ) (2048 -496 -512 ) 
4 77 78 (2304 -688 -512 ) (2304 -688 -416 ) (2064 -688 -416 ) (2160 -688 -512 ) 
4 79 112 (1024 0 208 ) (1024 0 128 ) (1024 -224 128 ) (1024 -224 208 ) 
4 79 81 (1104 -224 128 ) (1024 -224 128 ) (1024 0 128 ) (1104 0 128 ) 
4 80 82 (1456 -224 -32 ) (1584 -224 -32 ) (1584 -224 128 ) (1456 -224 128 ) 
4 81 114 (1024 -224 128 ) (1024 0 128 ) (1024 0 -32 ) (1024 -224 -32 ) 
4 81 82 (1024 -224 -32 ) (1104 -224 -32 ) (1104 -224 128 ) (1024 -224 128 ) 
4 82 114 (1024 -304 128 ) (1024 -224 128 ) (1024 -224 -32 ) (1024 -304 -32 ) 
4 82 84 (1664.002441 -224 -32 ) (2048 -224 -32 ) (2048 -304 -32 ) (1664.002441 -304 -32 ) 
4 83 125 (1024 0 -256 ) (1024 0 -416 ) (1024 -224 -416 ) (1024 -224 -256 ) 
4 83 87 (1024 -224 -416 ) (1024 0 -416 ) (1152 0 -416 ) (1152 -224 -416 ) 
4 83 85 (1024 -224 -416 ) (1216 -224 -416 ) (1216 -224 -256 ) (1024 -224 -256 ) 
4 85 125 (1024 -224 -256 ) (1024 -224 -416 ) (1024 -304 -416 ) (1024 -304 -256 ) 
4 85 87 (1024 -304 -416 ) (1024 -224 -416 ) (1152 -224 -416 ) (1152 -304 -416 ) 
4 85 86 (1024 -304 -416 ) (1216 -304 -416 ) (1216 -304 -256 ) (1024 -304 -256 ) 
4 86 125 (1024 -432 -416 ) (1024 -432 -256 ) (1024 -304 -256 ) (1024 -304 -416 ) 
4 86 90 (1024 -432 -256 ) (1024 -432 -416 ) (1152 -432 -416 ) (1152 -432 -256 ) 
4 86 88 (1152 -432 -416 ) (1216 -432 -416 ) (1216 -432 -256 ) (1152 -432 -256 ) 
4 86 87 (1152 -432 -416 ) (1024 -432 -416 ) (1024 -304 -416 ) (1152 -304 -416 ) 
4 87 127 (1024 -432 -512 ) (1024 -432 -416 ) (1024 0 -416 ) (1024 0 -512 ) 
4 87 90 (1024 -432 -416 ) (1024 -432 -512 ) (1152 -432 -512 ) (1152 -432 -416 ) 
4 88 91 (1216 -752 -256 ) (1152 -752 -256 ) (1152 -752 -416 ) (1216 -752 -416 ) 
4 88 90 (1152 -432 -256 ) (1152 -432 -416 ) (1152 -752 -416 ) (1152 -752 -256 ) 
4 88 89 (1152 -688 -416 ) (1152 -496 -416 ) (2048 -496 -416 ) (2048 -688 -416 ) 
4 89 90 (1152 -688 -512 ) (1152 -688 -416 ) (1152 -496 -416 ) (1152 -496 -512 ) 
4 90 127 (1024 -752 -512 ) (1024 -752 -416 ) (1024 -432 -416 ) (1024 -432 -512 ) 
4 90 125 (1024 -752 -416 ) (1024 -752 -256 ) (1024 -432 -256 ) (1024 -432 -416 ) 
4 90 92 (1152 -752 -512 ) (1152 -752 -256 ) (1024 -752 -256 ) (1024 -752 -512 ) 
4 91 92 (1152 -752 -256 ) (1152 -752 -416 ) (1152 -896 -416 ) (1152 -896 -256 ) 
4 92 127 (1024 -896 -512 ) (1024 -896 -416 ) (1024 -752 -416 ) (1024 -752 -512 ) 
4 92 125 (1024 -896 -416 ) (1024 -896 -256 ) (1024 -752 -256 ) (1024 -752 -416 ) 
4 93 112 (1024 0 128 ) (1024 0 208 ) (976 0 208 ) (976 0 128 ) 
4 93 97 (976 80 128 ) (1024 80 128 ) (1024 0 128 ) (976 0 128 ) 
4 94 96 (656 512 -32 ) (784 512 -32 ) (784 512 128 ) (656 512 128 ) 
4 94 95 (976 512 -32 ) (1024 512 -32 ) (1024 512 128 ) (976 512 128 ) 
4 95 97 (976 256 -32 ) (1024 256 -32 ) (1024 256 128 ) (976 256 128 ) 
4 96 99 (656 256 -32 ) (784 256 -32 ) (784 256 128 ) (656 256 128 ) 
4 97 114 (1024 0 -32 ) (1024 0 128 ) (976 0 128 ) (976 0 -32 ) 
4 97 98 (976 256 128 ) (976 256 -32 ) (976 80 -32 ) (976 80 128 ) 
4 98 99 (896 256 128 ) (896 256 -32 ) (896 144 -32 ) (896 144 128 ) 
4 99 100 (592 256 -32 ) (592 144 -32 ) (592 144 128 ) (592 256 128 ) 
4 100 101 (528 256 128 ) (528 256 -32 ) (528 144 -32 ) (528 144 128 ) 
4 101 118 (528 0 128 ) (240 0 128 ) (240 0 -32 ) (528 0 -32 ) 
4 101 105 (240 24 -32 ) (240 0 -32 ) (240 0 72 ) (240 24 72 ) 
4 102 110 (0 224 -32 ) (0 96 -32 ) (0 96 128 ) (0 224 128 ) 
4 102 103 (0 96 -32 ) (32 96 -32 ) (32 96 128 ) (0 96 128 ) 
4 103 110 (0 96 -32 ) (0 64 -32 ) (0 64 128 ) (0 96 128 ) 
4 103 104 (0 64 -32 ) (176 64 -32 ) (176 64 128 ) (0 64 128 ) 
4 104 110 (0 64 -32 ) (0 24 -32 ) (0 24 128 ) (0 64 128 ) 
4 104 106 (0 24 -32 ) (176 24 -32 ) (176 24 128 ) (0 24 128 ) 
4 105 120 (176 0 72 ) (176 0 -32 ) (240 0 -32 ) (240 0 72 ) 
4 105 106 (176 24 72 ) (176 24 -32 ) (176 0 -32 ) (176 0 72 ) 
4 106 121 (176 0 128 ) (0 0 128 ) (0 0 -32 ) (176 0 -32 ) 
4 106 110 (0 24 -32 ) (0 0 -32 ) (0 0 128 ) (0 24 128 ) 
4 107 109 (960 624 -416 ) (960 624 -256 ) (960 688 -256 ) (960 688 -416 ) 
4 107 108 (1024 624 -416 ) (1024 624 -256 ) (960 624 -256 ) (960 624 -416 ) 
4 108 127 (1024 0 -512 ) (1024 0 -416 ) (960 0 -416 ) (960 0 -512 ) 
4 108 125 (1024 0 -416 ) (1024 0 -256 ) (960 0 -256 ) (960 0 -416 ) 
4 108 109 (960 0 -416 ) (960 0 -256 ) (960 624 -256 ) (960 624 -416 ) 
4 109 125 (960 0 -416 ) (960 0 -256 ) (896 0 -256 ) (896 0 -416 ) 
4 110 129 (0 0 -32 ) (0 0 128 ) (-96 0 128 ) (-96 0 -32 ) 
4 110 111 (-96 56 -32 ) (-96 0 -32 ) (-96 0 72 ) (-96 56 72 ) 
4 112 114 (976 0 128 ) (1024 0 128 ) (1024 -224 128 ) (976 -224 128 ) 
4 113 116 (896 -16 128 ) (896 -304 128 ) (640 -304 128 ) (640 -16 128 ) 
4 114 115 (976 -224 -32 ) (976 -304 -32 ) (976 -304 128 ) (976 -224 128 ) 
4 115 116 (896 -224 -32 ) (896 -304 -32 ) (896 -304 128 ) (896 -224 128 ) 
4 116 118 (528 -16 -32 ) (528 -304 -32 ) (528 -304 128 ) (528 -16 128 ) 
4 116 117 (720 -304 -32 ) (848 -304 -32 ) (848 -304 128 ) (720 -304 128 ) 
4 117 119 (720 -432 -32 ) (848 -432 -32 ) (848 -432 128 ) (720 -432 128 ) 
4 118 120 (240 0 -32 ) (240 -32 -32 ) (240 -32 72 ) (240 0 72 ) 
4 120 121 (176 0 -32 ) (176 -32 -32 ) (176 -32 72 ) (176 0 72 ) 
4 121 129 (0 0 128 ) (0 0 -32 ) (0 -32 -32 ) (0 -32 128 ) 
4 121 122 (0 -32 -32 ) (176 -32 -32 ) (176 -32 128 ) (0 -32 128 ) 
4 122 129 (0 -32 -32 ) (0 -64 -32 ) (0 -64 128 ) (0 -32 128 ) 
4 122 123 (0 -64 -32 ) (176 -64 -32 ) (176 -64 128 ) (0 -64 128 ) 
4 123 129 (0 -64 -32 ) (0 -96 -32 ) (0 -96 128 ) (0 -64 128 ) 
4 123 124 (0 -96 -32 ) (96 -96 -32 ) (96 -96 128 ) (0 -96 128 ) 
4 124 129 (0 -96 -32 ) (0 -160 -32 ) (0 -160 128 ) (0 -96 128 ) 
4 125 128 (896 -688 -416 ) (896 -496 -416 ) (960 -496 -416 ) (960 -688 -416 ) 
4 125 127 (960 0 -416 ) (1024 0 -416 ) (1024 -896 -416 ) (960 -896 -416 ) 
4 125 126 (896 -432 -416 ) (896 -752 -416 ) (896 -752 -256 ) (896 -432 -256 ) 
4 126 128 (64 -688 -416 ) (64 -496 -416 ) (896 -496 -416 ) (896 -688 -416 ) 
4 127 128 (960 -688 -416 ) (960 -496 -416 ) (960 -496 -512 ) (960 -688 -512 ) 
