


materialPath: C:\Program Files (x86)\Steam\steamapps\common\left 4 dead 2\left4dead2\materials
Loading C:\Program Files (x86)\Steam\steamapps\common\Left 4 Dead 2\sm1\mapsrc\sm2_sewer.vmf
fixing up env_cubemap materials on brush sides...
0...1...2...3...4...5...6...7...8...9...10**** leaked ****
Entity env_sprite (-171.00 28.00 72.00) leaked!

FindPortalSide: Couldn't find a good match for which brush to assign to a portal near (512.0 3072.0 -168.0)
Leaf 0 contents: 
Leaf 1 contents: CONTENTS_SOLID 
viscontents (node 0 contents ^ node 1 contents): CONTENTS_SOLID 
This means that none of the brushes in leaf 0 or 1 that touches the portal has CONTENTS_SOLID 
Check for a huge brush enclosing the coordinates above that has contents CONTENTS_SOLID 
Candidate brush IDs: 


FindPortalSide: Couldn't find a good match for which brush to assign to a portal near (1024.0 2624.0 -64.0)
Leaf 0 contents: 
Leaf 1 contents: CONTENTS_SOLID 
viscontents (node 0 contents ^ node 1 contents): CONTENTS_SOLID 
This means that none of the brushes in leaf 0 or 1 that touches the portal has CONTENTS_SOLID 
Check for a huge brush enclosing the coordinates above that has contents CONTENTS_SOLID 
Candidate brush IDs: 


FindPortalSide: Couldn't find a good match for which brush to assign to a portal near (1024.0 2624.0 -552.0)
Leaf 0 contents: 
Leaf 1 contents: CONTENTS_SOLID 
viscontents (node 0 contents ^ node 1 contents): CONTENTS_SOLID 
This means that none of the brushes in leaf 0 or 1 that touches the portal has CONTENTS_SOLID 
Check for a huge brush enclosing the coordinates above that has contents CONTENTS_SOLID 
Candidate brush IDs: 


FindPortalSide: Couldn't find a good match for which brush to assign to a portal near (1024.0 2112.0 80.0)
Leaf 0 contents: 
Leaf 1 contents: CONTENTS_SOLID 
viscontents (node 0 contents ^ node 1 contents): CONTENTS_SOLID 
This means that none of the brushes in leaf 0 or 1 that touches the portal has CONTENTS_SOLID 
Check for a huge brush enclosing the coordinates above that has contents CONTENTS_SOLID 
Candidate brush IDs: 


FindPortalSide: Couldn't find a good match for which brush to assign to a portal near (1024.0 2112.0 -184.0)
Leaf 0 contents: 
Leaf 1 contents: CONTENTS_SOLID 
viscontents (node 0 contents ^ node 1 contents): CONTENTS_SOLID 
This means that none of the brushes in leaf 0 or 1 that touches the portal has CONTENTS_SOLID 
Check for a huge brush enclosing the coordinates above that has contents CONTENTS_SOLID 
Candidate brush IDs: 


FindPortalSide: Couldn't find a good match for which brush to assign to a portal near (1024.0 2112.0 -432.0)
Leaf 0 contents: 
Leaf 1 contents: CONTENTS_SOLID 
viscontents (node 0 contents ^ node 1 contents): CONTENTS_SOLID 
This means that none of the brushes in leaf 0 or 1 that touches the portal has CONTENTS_SOLID 
Check for a huge brush enclosing the coordinates above that has contents CONTENTS_SOLID 
Candidate brush IDs: 


FindPortalSide: Couldn't find a good match for which brush to assign to a portal near (928.0 1024.0 -368.0)
Leaf 0 contents: CONTENTS_SOLID 
Leaf 1 contents: 
viscontents (node 0 contents ^ node 1 contents): CONTENTS_SOLID 
This means that none of the brushes in leaf 0 or 1 that touches the portal has CONTENTS_SOLID 
Check for a huge brush enclosing the coordinates above that has contents CONTENTS_SOLID 
Candidate brush IDs: 


FindPortalSide: Couldn't find a good match for which brush to assign to a portal near (448.0 1024.0 -368.0)
Leaf 0 contents: CONTENTS_SOLID 
Leaf 1 contents: 
viscontents (node 0 contents ^ node 1 contents): CONTENTS_SOLID 
This means that none of the brushes in leaf 0 or 1 that touches the portal has CONTENTS_SOLID 
Check for a huge brush enclosing the coordinates above that has contents CONTENTS_SOLID 
Candidate brush IDs: 

*** Suppressing further FindPortalSide errors.... ***
Processing areas...done (0)
Building Faces...done (0)
Chop Details...done (0)
Find Visible Detail Sides...done (0)
Merging details...done (0)
FixTjuncs...
PruneNodes...
WriteBSP...
done (0)
Finding displacement neighbors...
Finding lightmap sample positions...
Displacement Alpha : 0...1...2...3...4...5...6...7...8...9...10
Building Physics collision data...
done (0) (79050 bytes)
Cannot build Physics2 data
                                                             -----------
DataLinker total stream size                                     0.0 KiB
Placing detail props : 0...1...2...3...4...5...6...7...8...9...10
Compacting texture/material tables...
Reduced 38 texinfos to 22
Reduced 15 texdatas to 13 (365 bytes to 311)
Writing C:\Program Files (x86)\Steam\steamapps\common\Left 4 Dead 2\sm1\mapsrc\sm2_sewer.bsp
0 seconds elapsed



4 threads
reading c:\program files (x86)\steam\steamapps\common\left 4 dead 2\sm1\mapsrc\sm2_sewer.bsp
max farz in all env_fog_controller entities: -1.000000 (used for radial vis)
reading c:\program files (x86)\steam\steamapps\common\left 4 dead 2\sm1\mapsrc\sm2_sewer.prt
LoadPortals: couldn't read c:\program files (x86)\steam\steamapps\common\left 4 dead 2\sm1\mapsrc\sm2_sewer.prt



materialPath: C:\Program Files (x86)\Steam\steamapps\common\left 4 dead 2\left4dead2\materials
Loading C:\Program Files (x86)\Steam\steamapps\common\Left 4 Dead 2\sm1\mapsrc\sm2_sewer.vmf
fixing up env_cubemap materials on brush sides...
0...1...2...3...4...5...6...7...8...9...100...1...2...3...4...5...6...7...8...9...10Processing areas...done (0)
Building Faces...done (0)
Chop Details...done (0)
Find Visible Detail Sides...done (0)
Merging details...done (0)
FixTjuncs...
PruneNodes...
WriteBSP...
done (0)
writing C:\Program Files (x86)\Steam\steamapps\common\Left 4 Dead 2\sm1\mapsrc\sm2_sewer.prt...Building visibility clusters...
done (0)
Finding displacement neighbors...
Finding lightmap sample positions...
Displacement Alpha : 0...1...2...3...4...5...6...7...8...9...10
Building Physics collision data...
done (0) (79050 bytes)
Cannot build Physics2 data
                                                             -----------
DataLinker total stream size                                     0.0 KiB
Placing detail props : 0...1...2...3...4...5...6...7...8...9...10
Compacting texture/material tables...
Reduced 37 texinfos to 21
Reduced 14 texdatas to 12 (339 bytes to 285)
Writing C:\Program Files (x86)\Steam\steamapps\common\Left 4 Dead 2\sm1\mapsrc\sm2_sewer.bsp
0 seconds elapsed



4 threads
reading c:\program files (x86)\steam\steamapps\common\left 4 dead 2\sm1\mapsrc\sm2_sewer.bsp
max farz in all env_fog_controller entities: -1.000000 (used for radial vis)
reading c:\program files (x86)\steam\steamapps\common\left 4 dead 2\sm1\mapsrc\sm2_sewer.prt
 130 portalclusters
 255 numportals
0...1...2...3...4...5...6...7...8...9...100...1...2...3...4...5...6...7...8...9...10Optimized: 2 visible clusters (0.00%)
Total clusters visible: 4022
Average clusters visible: 30
Building PAS...
Average clusters audible: 71
visdatasize:4771  compressed from 6240
writing c:\program files (x86)\steam\steamapps\common\left 4 dead 2\sm1\mapsrc\sm2_sewer.bsp
0 seconds elapsed



[Reading texlights from 'lights.rad']
[2 texlights parsed from 'lights.rad']

Loading c:\program files (x86)\steam\steamapps\common\left 4 dead 2\sm1\mapsrc\sm2_sewer.bsp
545 faces
113591 square feet [16357167.00 square inches]
0 Displacements
0 Square Feet [0.00 Square Inches]
545 patches before subdivision
18665 patches after subdivision
3 direct lights
0...1...2...3...4...5...6...7...8...9...100...1...2...3...4...5...6...7...8...9...10transfers 1692390, max 315
transfer lists:  12.9 megs
0...1...2...3...4...5...6...7...8...9...10	Bounce #1 added RGB(0, 0, 0)
Build Patch/Sample Hash Table(s).....Done<0.0040 sec>
0...1...2...3...4...5...6...7...8...9...10FinalLightFace Done
0 of 0 (0% of) surface lights went in leaf ambient cubes.
0...1...2...3...4...5...6...7...8...9...10Writing leaf ambient...done
Ready to Finish

Object names       Objects/Maxobjs  Memory / Maxmem  Fullness 
------------       ---------------  ---------------  -------- 
models                   6/1024          288/49152    ( 0.6%) 
brushes                229/8192         2748/98304    ( 2.8%) 
brushsides            1390/65536       11120/524288   ( 2.1%) 
planes                 372/65536        7440/1310720  ( 0.6%) 
vertexes               911/65536       10932/786432   ( 1.4%) 
nodes                  386/65536       12352/2097152  ( 0.6%) 
texinfos                21/12288        1512/884736   ( 0.2%) 
texdata                 12/2048          384/65536    ( 0.6%) 
dispinfos                0/0               0/0        ( 0.0%) 
disp_verts               0/0               0/0        ( 0.0%) 
disp_tris                0/0               0/0        ( 0.0%) 
disp_lmsamples           0/0               0/0        ( 0.0%) 
faces                  545/65536       30520/3670016  ( 0.8%) 
hdr faces                0/65536           0/3670016  ( 0.0%) 
origfaces              335/65536       18760/3670016  ( 0.5%) 
leaves                 393/65536       12576/2097152  ( 0.6%) 
leaffaces              607/65536        1214/131072   ( 0.9%) 
leafbrushes            403/65536         806/131072   ( 0.6%) 
areas                    2/256            16/2048     ( 0.8%) 
surfedges             3909/512000      15636/2048000  ( 0.8%) 
edges                 2351/256000       9404/1024000  ( 0.9%) 
LDR worldlights          3/8192          300/819200   ( 0.0%) 
HDR worldlights          0/8192            0/819200   ( 0.0%) 
leafwaterdata            0/32768           0/393216   ( 0.0%) 
waterstrips             74/32768         740/327680   ( 0.2%) 
waterverts               0/65536           0/786432   ( 0.0%) 
waterindices          1083/65536        2166/131072   ( 1.7%) 
cubemapsamples           1/1024           16/16384    ( 0.1%) 
overlays                 0/512             0/180224   ( 0.0%) 
LDR lightdata         [variable]      363104/0        ( 0.0%) 
HDR lightdata         [variable]           0/0        ( 0.0%) 
visdata               [variable]        4771/16777216 ( 0.0%) 
entdata               [variable]        7843/393216   ( 2.0%) 
LDR ambient table      393/65536        1572/262144   ( 0.6%) 
HDR ambient table      393/65536        1572/262144   ( 0.6%) 
LDR leaf ambient       165/65536        4620/1835008  ( 0.3%) 
HDR leaf ambient       393/65536       11004/1835008  ( 0.6%) 
occluders                0/0               0/0        ( 0.0%) 
occluder polygons        0/0               0/0        ( 0.0%) 
occluder vert ind        0/0               0/0        ( 0.0%) 
Prop Hull Verts          0/0               0/0        ( 0.0%) 
Prop Hull Blob           0/0               0/0        ( 0.0%) 
Prop Hull Lists          0/0               0/0        ( 0.0%) 
Prop Hulls               0/0               0/0        ( 0.0%) 
Prop Hull trilist        0/0               0/0        ( 0.0%) 
detail props          [variable]           1/12       ( 8.3%) 
static props          [variable]           1/1136     ( 0.1%) 
pakfile               [variable]      173740/0        ( 0.0%) 
physics               [variable]       79050/4194304  ( 1.9%) 
physics terrain       [variable]           2/1048576  ( 0.0%) 

Level flags = 0

Total triangle count: 1481
Writing c:\program files (x86)\steam\steamapps\common\left 4 dead 2\sm1\mapsrc\sm2_sewer.bsp
1 second elapsed



[Reading texlights from 'lights.rad']
[2 texlights parsed from 'lights.rad']

Loading c:\program files (x86)\steam\steamapps\common\left 4 dead 2\sm1\mapsrc\sm2_sewer.bsp
545 faces
113591 square feet [16357167.00 square inches]
0 Displacements
0 Square Feet [0.00 Square Inches]
545 patches before subdivision
18665 patches after subdivision
3 direct lights
0...1...2...3...4...5...6...7...8...9...100...1...2...3...4...5...6...7...8...9...10transfers 1692390, max 315
transfer lists:  12.9 megs
0...1...2...3...4...5...6...7...8...9...10	Bounce #1 added RGB(0, 0, 0)
Build Patch/Sample Hash Table(s).....Done<0.0040 sec>
0...1...2...3...4...5...6...7...8...9...10FinalLightFace Done
0 of 0 (0% of) surface lights went in leaf ambient cubes.
0...1...2...3...4...5...6...7...8...9...10Writing leaf ambient...done
Ready to Finish

Object names       Objects/Maxobjs  Memory / Maxmem  Fullness 
------------       ---------------  ---------------  -------- 
models                   6/1024          288/49152    ( 0.6%) 
brushes                229/8192         2748/98304    ( 2.8%) 
brushsides            1390/65536       11120/524288   ( 2.1%) 
planes                 372/65536        7440/1310720  ( 0.6%) 
vertexes               911/65536       10932/786432   ( 1.4%) 
nodes                  386/65536       12352/2097152  ( 0.6%) 
texinfos                21/12288        1512/884736   ( 0.2%) 
texdata                 12/2048          384/65536    ( 0.6%) 
dispinfos                0/0               0/0        ( 0.0%) 
disp_verts               0/0               0/0        ( 0.0%) 
disp_tris                0/0               0/0        ( 0.0%) 
disp_lmsamples           0/0               0/0        ( 0.0%) 
faces                  545/65536       30520/3670016  ( 0.8%) 
hdr faces              545/65536       30520/3670016  ( 0.8%) 
origfaces              335/65536       18760/3670016  ( 0.5%) 
leaves                 393/65536       12576/2097152  ( 0.6%) 
leaffaces              607/65536        1214/131072   ( 0.9%) 
leafbrushes            403/65536         806/131072   ( 0.6%) 
areas                    2/256            16/2048     ( 0.8%) 
surfedges             3909/512000      15636/2048000  ( 0.8%) 
edges                 2351/256000       9404/1024000  ( 0.9%) 
LDR worldlights          3/8192          300/819200   ( 0.0%) 
HDR worldlights          3/8192          300/819200   ( 0.0%) 
leafwaterdata            0/32768           0/393216   ( 0.0%) 
waterstrips             74/32768         740/327680   ( 0.2%) 
waterverts               0/65536           0/786432   ( 0.0%) 
waterindices          1083/65536        2166/131072   ( 1.7%) 
cubemapsamples           1/1024           16/16384    ( 0.1%) 
overlays                 0/512             0/180224   ( 0.0%) 
LDR lightdata         [variable]      363104/0        ( 0.0%) 
HDR lightdata         [variable]      363104/0        ( 0.0%) 
visdata               [variable]        4771/16777216 ( 0.0%) 
entdata               [variable]        7843/393216   ( 2.0%) 
LDR ambient table      393/65536        1572/262144   ( 0.6%) 
HDR ambient table      393/65536        1572/262144   ( 0.6%) 
LDR leaf ambient       165/65536        4620/1835008  ( 0.3%) 
HDR leaf ambient       165/65536        4620/1835008  ( 0.3%) 
occluders                0/0               0/0        ( 0.0%) 
occluder polygons        0/0               0/0        ( 0.0%) 
occluder vert ind        0/0               0/0        ( 0.0%) 
Prop Hull Verts          0/0               0/0        ( 0.0%) 
Prop Hull Blob           0/0               0/0        ( 0.0%) 
Prop Hull Lists          0/0               0/0        ( 0.0%) 
Prop Hulls               0/0               0/0        ( 0.0%) 
Prop Hull trilist        0/0               0/0        ( 0.0%) 
detail props          [variable]           1/12       ( 8.3%) 
static props          [variable]           1/1136     ( 0.1%) 
pakfile               [variable]      173740/0        ( 0.0%) 
physics               [variable]       79050/4194304  ( 1.9%) 
physics terrain       [variable]           2/1048576  ( 0.0%) 

Level flags = 0

Total triangle count: 1481
Writing c:\program files (x86)\steam\steamapps\common\left 4 dead 2\sm1\mapsrc\sm2_sewer.bsp
1 second elapsed
